                              1 ;--------------------------------------------------------
                              2 ; File Created by SDCC : free open source ANSI-C Compiler
                              3 ; Version 3.5.0 #9253 (Sep 23 2015) (CYGWIN)
                              4 ; This file was generated Fri Oct 23 22:07:51 2015
                              5 ;--------------------------------------------------------
                              6 	.module CorazonesVida
                              7 	.optsdcc -mz80
                              8 	
                              9 ;--------------------------------------------------------
                             10 ; Public variables in this module
                             11 ;--------------------------------------------------------
                             12 	.globl _CorazonVacio
                             13 	.globl _CorazonLleno
                             14 ;--------------------------------------------------------
                             15 ; special function registers
                             16 ;--------------------------------------------------------
                             17 ;--------------------------------------------------------
                             18 ; ram data
                             19 ;--------------------------------------------------------
                             20 	.area _DATA
                             21 ;--------------------------------------------------------
                             22 ; ram data
                             23 ;--------------------------------------------------------
                             24 	.area _INITIALIZED
                             25 ;--------------------------------------------------------
                             26 ; absolute external ram data
                             27 ;--------------------------------------------------------
                             28 	.area _DABS (ABS)
                             29 ;--------------------------------------------------------
                             30 ; global & static initialisations
                             31 ;--------------------------------------------------------
                             32 	.area _HOME
                             33 	.area _GSINIT
                             34 	.area _GSFINAL
                             35 	.area _GSINIT
                             36 ;--------------------------------------------------------
                             37 ; Home
                             38 ;--------------------------------------------------------
                             39 	.area _HOME
                             40 	.area _HOME
                             41 ;--------------------------------------------------------
                             42 ; code
                             43 ;--------------------------------------------------------
                             44 	.area _CODE
                             45 	.area _CODE
   0000                      46 _CorazonLleno:
   0000 0F                   47 	.db #0x0F	; 15
   0001 0F                   48 	.db #0x0F	; 15
   0002 09                   49 	.db #0x09	; 9
   0003 09                   50 	.db #0x09	; 9
   0004 01                   51 	.db #0x01	; 1
   0005 08                   52 	.db #0x08	; 8
   0006 00                   53 	.db #0x00	; 0
   0007 00                   54 	.db #0x00	; 0
   0008 08                   55 	.db #0x08	; 8
   0009 01                   56 	.db #0x01	; 1
   000A 0C                   57 	.db #0x0C	; 12
   000B 03                   58 	.db #0x03	; 3
   000C 0C                   59 	.db #0x0C	; 12
   000D 03                   60 	.db #0x03	; 3
   000E 0E                   61 	.db #0x0E	; 14
   000F 07                   62 	.db #0x07	; 7
   0010                      63 _CorazonVacio:
   0010 0F                   64 	.db #0x0F	; 15
   0011 0F                   65 	.db #0x0F	; 15
   0012 6F                   66 	.db #0x6F	; 111	'o'
   0013 6F                   67 	.db #0x6F	; 111	'o'
   0014 EF                   68 	.db #0xEF	; 239
   0015 7F                   69 	.db #0x7F	; 127
   0016 FF                   70 	.db #0xFF	; 255
   0017 FF                   71 	.db #0xFF	; 255
   0018 7F                   72 	.db #0x7F	; 127
   0019 EF                   73 	.db #0xEF	; 239
   001A 3F                   74 	.db #0x3F	; 63
   001B CF                   75 	.db #0xCF	; 207
   001C 3F                   76 	.db #0x3F	; 63
   001D CF                   77 	.db #0xCF	; 207
   001E 1F                   78 	.db #0x1F	; 31
   001F 8F                   79 	.db #0x8F	; 143
                             80 	.area _INITIALIZER
                             81 	.area _CABS (ABS)
