                              1 ;--------------------------------------------------------
                              2 ; File Created by SDCC : free open source ANSI-C Compiler
                              3 ; Version 3.5.0 #9253 (Sep 23 2015) (CYGWIN)
                              4 ; This file was generated Fri Oct 23 22:07:51 2015
                              5 ;--------------------------------------------------------
                              6 	.module SpriteEnemigoCAC
                              7 	.optsdcc -mz80
                              8 	
                              9 ;--------------------------------------------------------
                             10 ; Public variables in this module
                             11 ;--------------------------------------------------------
                             12 	.globl _TranquiloArr
                             13 	.globl _TranquiloDer
                             14 	.globl _TranquiloIz
                             15 	.globl _EnfadadoArr
                             16 	.globl _EnfadadoDer
                             17 	.globl _EnfadadoIz
                             18 	.globl _tilesetEnemigoCAC
                             19 ;--------------------------------------------------------
                             20 ; special function registers
                             21 ;--------------------------------------------------------
                             22 ;--------------------------------------------------------
                             23 ; ram data
                             24 ;--------------------------------------------------------
                             25 	.area _DATA
                             26 ;--------------------------------------------------------
                             27 ; ram data
                             28 ;--------------------------------------------------------
                             29 	.area _INITIALIZED
                             30 ;--------------------------------------------------------
                             31 ; absolute external ram data
                             32 ;--------------------------------------------------------
                             33 	.area _DABS (ABS)
                             34 ;--------------------------------------------------------
                             35 ; global & static initialisations
                             36 ;--------------------------------------------------------
                             37 	.area _HOME
                             38 	.area _GSINIT
                             39 	.area _GSFINAL
                             40 	.area _GSINIT
                             41 ;--------------------------------------------------------
                             42 ; Home
                             43 ;--------------------------------------------------------
                             44 	.area _HOME
                             45 	.area _HOME
                             46 ;--------------------------------------------------------
                             47 ; code
                             48 ;--------------------------------------------------------
                             49 	.area _CODE
                             50 	.area _CODE
   0000                      51 _tilesetEnemigoCAC:
   0000r0Cr00                52 	.dw _EnfadadoIz
   0002r4Cr00                53 	.dw _EnfadadoDer
   0004r8Cr00                54 	.dw _EnfadadoArr
   0006rCCr00                55 	.dw _TranquiloIz
   0008r0Cr01                56 	.dw _TranquiloDer
   000Ar4Cr01                57 	.dw _TranquiloArr
   000C                      58 _EnfadadoIz:
   000C 2D                   59 	.db #0x2D	; 45
   000D 78                   60 	.db #0x78	; 120	'x'
   000E E1                   61 	.db #0xE1	; 225
   000F 4B                   62 	.db #0x4B	; 75	'K'
   0010 3C                   63 	.db #0x3C	; 60
   0011 D0                   64 	.db #0xD0	; 208
   0012 B0                   65 	.db #0xB0	; 176
   0013 C3                   66 	.db #0xC3	; 195
   0014 1E                   67 	.db #0x1E	; 30
   0015 D0                   68 	.db #0xD0	; 208
   0016 B0                   69 	.db #0xB0	; 176
   0017 87                   70 	.db #0x87	; 135
   0018 0F                   71 	.db #0x0F	; 15
   0019 68                   72 	.db #0x68	; 104	'h'
   001A 61                   73 	.db #0x61	; 97	'a'
   001B 4B                   74 	.db #0x4B	; 75	'K'
   001C 0F                   75 	.db #0x0F	; 15
   001D 68                   76 	.db #0x68	; 104	'h'
   001E 61                   77 	.db #0x61	; 97	'a'
   001F AD                   78 	.db #0xAD	; 173
   0020 0F                   79 	.db #0x0F	; 15
   0021 68                   80 	.db #0x68	; 104	'h'
   0022 61                   81 	.db #0x61	; 97	'a'
   0023 9E                   82 	.db #0x9E	; 158
   0024 0C                   83 	.db #0x0C	; 12
   0025 70                   84 	.db #0x70	; 112	'p'
   0026 E0                   85 	.db #0xE0	; 224
   0027 9E                   86 	.db #0x9E	; 158
   0028 78                   87 	.db #0x78	; 120	'x'
   0029 98                   88 	.db #0x98	; 152
   002A 90                   89 	.db #0x90	; 144
   002B AD                   90 	.db #0xAD	; 173
   002C 78                   91 	.db #0x78	; 120	'x'
   002D DC                   92 	.db #0xDC	; 220
   002E B2                   93 	.db #0xB2	; 178
   002F 9E                   94 	.db #0x9E	; 158
   0030 69                   95 	.db #0x69	; 105	'i'
   0031 D4                   96 	.db #0xD4	; 212
   0032 B2                   97 	.db #0xB2	; 178
   0033 9E                   98 	.db #0x9E	; 158
   0034 69                   99 	.db #0x69	; 105	'i'
   0035 78                  100 	.db #0x78	; 120	'x'
   0036 E1                  101 	.db #0xE1	; 225
   0037 AD                  102 	.db #0xAD	; 173
   0038 79                  103 	.db #0x79	; 121	'y'
   0039 78                  104 	.db #0x78	; 120	'x'
   003A E1                  105 	.db #0xE1	; 225
   003B 4B                  106 	.db #0x4B	; 75	'K'
   003C 3F                  107 	.db #0x3F	; 63
   003D 3C                  108 	.db #0x3C	; 60
   003E E1                  109 	.db #0xE1	; 225
   003F 0F                  110 	.db #0x0F	; 15
   0040 0F                  111 	.db #0x0F	; 15
   0041 78                  112 	.db #0x78	; 120	'x'
   0042 F0                  113 	.db #0xF0	; 240
   0043 0F                  114 	.db #0x0F	; 15
   0044 0F                  115 	.db #0x0F	; 15
   0045 F0                  116 	.db #0xF0	; 240
   0046 F0                  117 	.db #0xF0	; 240
   0047 0F                  118 	.db #0x0F	; 15
   0048 3C                  119 	.db #0x3C	; 60
   0049 F0                  120 	.db #0xF0	; 240
   004A F0                  121 	.db #0xF0	; 240
   004B 87                  122 	.db #0x87	; 135
   004C                     123 _EnfadadoDer:
   004C 2D                  124 	.db #0x2D	; 45
   004D 78                  125 	.db #0x78	; 120	'x'
   004E E1                  126 	.db #0xE1	; 225
   004F 4B                  127 	.db #0x4B	; 75	'K'
   0050 3C                  128 	.db #0x3C	; 60
   0051 D0                  129 	.db #0xD0	; 208
   0052 B0                  130 	.db #0xB0	; 176
   0053 C3                  131 	.db #0xC3	; 195
   0054 1E                  132 	.db #0x1E	; 30
   0055 D0                  133 	.db #0xD0	; 208
   0056 B0                  134 	.db #0xB0	; 176
   0057 87                  135 	.db #0x87	; 135
   0058 2D                  136 	.db #0x2D	; 45
   0059 68                  137 	.db #0x68	; 104	'h'
   005A 61                  138 	.db #0x61	; 97	'a'
   005B 0F                  139 	.db #0x0F	; 15
   005C 5B                  140 	.db #0x5B	; 91
   005D 68                  141 	.db #0x68	; 104	'h'
   005E 61                  142 	.db #0x61	; 97	'a'
   005F 0F                  143 	.db #0x0F	; 15
   0060 97                  144 	.db #0x97	; 151
   0061 68                  145 	.db #0x68	; 104	'h'
   0062 61                  146 	.db #0x61	; 97	'a'
   0063 0F                  147 	.db #0x0F	; 15
   0064 97                  148 	.db #0x97	; 151
   0065 70                  149 	.db #0x70	; 112	'p'
   0066 E0                  150 	.db #0xE0	; 224
   0067 03                  151 	.db #0x03	; 3
   0068 5B                  152 	.db #0x5B	; 91
   0069 90                  153 	.db #0x90	; 144
   006A 91                  154 	.db #0x91	; 145
   006B E1                  155 	.db #0xE1	; 225
   006C 97                  156 	.db #0x97	; 151
   006D D4                  157 	.db #0xD4	; 212
   006E B3                  158 	.db #0xB3	; 179
   006F E1                  159 	.db #0xE1	; 225
   0070 97                  160 	.db #0x97	; 151
   0071 D4                  161 	.db #0xD4	; 212
   0072 B2                  162 	.db #0xB2	; 178
   0073 69                  163 	.db #0x69	; 105	'i'
   0074 5B                  164 	.db #0x5B	; 91
   0075 78                  165 	.db #0x78	; 120	'x'
   0076 E1                  166 	.db #0xE1	; 225
   0077 69                  167 	.db #0x69	; 105	'i'
   0078 2D                  168 	.db #0x2D	; 45
   0079 78                  169 	.db #0x78	; 120	'x'
   007A E1                  170 	.db #0xE1	; 225
   007B E9                  171 	.db #0xE9	; 233
   007C 0F                  172 	.db #0x0F	; 15
   007D 78                  173 	.db #0x78	; 120	'x'
   007E C3                  174 	.db #0xC3	; 195
   007F CF                  175 	.db #0xCF	; 207
   0080 0F                  176 	.db #0x0F	; 15
   0081 F0                  177 	.db #0xF0	; 240
   0082 E1                  178 	.db #0xE1	; 225
   0083 0F                  179 	.db #0x0F	; 15
   0084 0F                  180 	.db #0x0F	; 15
   0085 F0                  181 	.db #0xF0	; 240
   0086 F0                  182 	.db #0xF0	; 240
   0087 0F                  183 	.db #0x0F	; 15
   0088 1E                  184 	.db #0x1E	; 30
   0089 F0                  185 	.db #0xF0	; 240
   008A F0                  186 	.db #0xF0	; 240
   008B C3                  187 	.db #0xC3	; 195
   008C                     188 _EnfadadoArr:
   008C 2D                  189 	.db #0x2D	; 45
   008D 78                  190 	.db #0x78	; 120	'x'
   008E E1                  191 	.db #0xE1	; 225
   008F 4B                  192 	.db #0x4B	; 75	'K'
   0090 3C                  193 	.db #0x3C	; 60
   0091 F0                  194 	.db #0xF0	; 240
   0092 F0                  195 	.db #0xF0	; 240
   0093 C3                  196 	.db #0xC3	; 195
   0094 1E                  197 	.db #0x1E	; 30
   0095 F0                  198 	.db #0xF0	; 240
   0096 F0                  199 	.db #0xF0	; 240
   0097 87                  200 	.db #0x87	; 135
   0098 0F                  201 	.db #0x0F	; 15
   0099 78                  202 	.db #0x78	; 120	'x'
   009A E1                  203 	.db #0xE1	; 225
   009B 4B                  204 	.db #0x4B	; 75	'K'
   009C 0F                  205 	.db #0x0F	; 15
   009D 78                  206 	.db #0x78	; 120	'x'
   009E E1                  207 	.db #0xE1	; 225
   009F AD                  208 	.db #0xAD	; 173
   00A0 0F                  209 	.db #0x0F	; 15
   00A1 78                  210 	.db #0x78	; 120	'x'
   00A2 E1                  211 	.db #0xE1	; 225
   00A3 9E                  212 	.db #0x9E	; 158
   00A4 0C                  213 	.db #0x0C	; 12
   00A5 70                  214 	.db #0x70	; 112	'p'
   00A6 E0                  215 	.db #0xE0	; 224
   00A7 9E                  216 	.db #0x9E	; 158
   00A8 78                  217 	.db #0x78	; 120	'x'
   00A9 88                  218 	.db #0x88	; 136
   00AA 10                  219 	.db #0x10	; 16
   00AB AD                  220 	.db #0xAD	; 173
   00AC 78                  221 	.db #0x78	; 120	'x'
   00AD CC                  222 	.db #0xCC	; 204
   00AE 32                  223 	.db #0x32	; 50	'2'
   00AF 9E                  224 	.db #0x9E	; 158
   00B0 69                  225 	.db #0x69	; 105	'i'
   00B1 C4                  226 	.db #0xC4	; 196
   00B2 32                  227 	.db #0x32	; 50	'2'
   00B3 9E                  228 	.db #0x9E	; 158
   00B4 69                  229 	.db #0x69	; 105	'i'
   00B5 48                  230 	.db #0x48	; 72	'H'
   00B6 21                  231 	.db #0x21	; 33
   00B7 AD                  232 	.db #0xAD	; 173
   00B8 79                  233 	.db #0x79	; 121	'y'
   00B9 68                  234 	.db #0x68	; 104	'h'
   00BA 21                  235 	.db #0x21	; 33
   00BB 4B                  236 	.db #0x4B	; 75	'K'
   00BC 3F                  237 	.db #0x3F	; 63
   00BD 3C                  238 	.db #0x3C	; 60
   00BE 03                  239 	.db #0x03	; 3
   00BF 0F                  240 	.db #0x0F	; 15
   00C0 0F                  241 	.db #0x0F	; 15
   00C1 3C                  242 	.db #0x3C	; 60
   00C2 83                  243 	.db #0x83	; 131
   00C3 0F                  244 	.db #0x0F	; 15
   00C4 0F                  245 	.db #0x0F	; 15
   00C5 78                  246 	.db #0x78	; 120	'x'
   00C6 F0                  247 	.db #0xF0	; 240
   00C7 0F                  248 	.db #0x0F	; 15
   00C8 0F                  249 	.db #0x0F	; 15
   00C9 F0                  250 	.db #0xF0	; 240
   00CA F0                  251 	.db #0xF0	; 240
   00CB 87                  252 	.db #0x87	; 135
   00CC                     253 _TranquiloIz:
   00CC 2D                  254 	.db #0x2D	; 45
   00CD 78                  255 	.db #0x78	; 120	'x'
   00CE E1                  256 	.db #0xE1	; 225
   00CF 4B                  257 	.db #0x4B	; 75	'K'
   00D0 3C                  258 	.db #0x3C	; 60
   00D1 F2                  259 	.db #0xF2	; 242
   00D2 F4                  260 	.db #0xF4	; 244
   00D3 C3                  261 	.db #0xC3	; 195
   00D4 1E                  262 	.db #0x1E	; 30
   00D5 F2                  263 	.db #0xF2	; 242
   00D6 F4                  264 	.db #0xF4	; 244
   00D7 87                  265 	.db #0x87	; 135
   00D8 0F                  266 	.db #0x0F	; 15
   00D9 79                  267 	.db #0x79	; 121	'y'
   00DA E9                  268 	.db #0xE9	; 233
   00DB 4B                  269 	.db #0x4B	; 75	'K'
   00DC 0F                  270 	.db #0x0F	; 15
   00DD 79                  271 	.db #0x79	; 121	'y'
   00DE E9                  272 	.db #0xE9	; 233
   00DF AD                  273 	.db #0xAD	; 173
   00E0 0F                  274 	.db #0x0F	; 15
   00E1 79                  275 	.db #0x79	; 121	'y'
   00E2 E9                  276 	.db #0xE9	; 233
   00E3 9E                  277 	.db #0x9E	; 158
   00E4 3F                  278 	.db #0x3F	; 63
   00E5 F8                  279 	.db #0xF8	; 248
   00E6 F1                  280 	.db #0xF1	; 241
   00E7 9E                  281 	.db #0x9E	; 158
   00E8 78                  282 	.db #0x78	; 120	'x'
   00E9 FE                  283 	.db #0xFE	; 254
   00EA F6                  284 	.db #0xF6	; 246
   00EB AD                  285 	.db #0xAD	; 173
   00EC 78                  286 	.db #0x78	; 120	'x'
   00ED FE                  287 	.db #0xFE	; 254
   00EE F6                  288 	.db #0xF6	; 246
   00EF 9E                  289 	.db #0x9E	; 158
   00F0 69                  290 	.db #0x69	; 105	'i'
   00F1 F6                  291 	.db #0xF6	; 246
   00F2 F6                  292 	.db #0xF6	; 246
   00F3 9E                  293 	.db #0x9E	; 158
   00F4 69                  294 	.db #0x69	; 105	'i'
   00F5 78                  295 	.db #0x78	; 120	'x'
   00F6 E1                  296 	.db #0xE1	; 225
   00F7 AD                  297 	.db #0xAD	; 173
   00F8 79                  298 	.db #0x79	; 121	'y'
   00F9 78                  299 	.db #0x78	; 120	'x'
   00FA E1                  300 	.db #0xE1	; 225
   00FB 4B                  301 	.db #0x4B	; 75	'K'
   00FC 3F                  302 	.db #0x3F	; 63
   00FD 3C                  303 	.db #0x3C	; 60
   00FE E1                  304 	.db #0xE1	; 225
   00FF 0F                  305 	.db #0x0F	; 15
   0100 0F                  306 	.db #0x0F	; 15
   0101 78                  307 	.db #0x78	; 120	'x'
   0102 F0                  308 	.db #0xF0	; 240
   0103 0F                  309 	.db #0x0F	; 15
   0104 0F                  310 	.db #0x0F	; 15
   0105 F0                  311 	.db #0xF0	; 240
   0106 F0                  312 	.db #0xF0	; 240
   0107 0F                  313 	.db #0x0F	; 15
   0108 3C                  314 	.db #0x3C	; 60
   0109 F0                  315 	.db #0xF0	; 240
   010A F0                  316 	.db #0xF0	; 240
   010B 87                  317 	.db #0x87	; 135
   010C                     318 _TranquiloDer:
   010C 2D                  319 	.db #0x2D	; 45
   010D 78                  320 	.db #0x78	; 120	'x'
   010E E1                  321 	.db #0xE1	; 225
   010F 4B                  322 	.db #0x4B	; 75	'K'
   0110 3C                  323 	.db #0x3C	; 60
   0111 F2                  324 	.db #0xF2	; 242
   0112 F4                  325 	.db #0xF4	; 244
   0113 C3                  326 	.db #0xC3	; 195
   0114 1E                  327 	.db #0x1E	; 30
   0115 F2                  328 	.db #0xF2	; 242
   0116 F4                  329 	.db #0xF4	; 244
   0117 87                  330 	.db #0x87	; 135
   0118 2D                  331 	.db #0x2D	; 45
   0119 79                  332 	.db #0x79	; 121	'y'
   011A E9                  333 	.db #0xE9	; 233
   011B 0F                  334 	.db #0x0F	; 15
   011C 5B                  335 	.db #0x5B	; 91
   011D 79                  336 	.db #0x79	; 121	'y'
   011E E9                  337 	.db #0xE9	; 233
   011F 0F                  338 	.db #0x0F	; 15
   0120 97                  339 	.db #0x97	; 151
   0121 79                  340 	.db #0x79	; 121	'y'
   0122 E9                  341 	.db #0xE9	; 233
   0123 0F                  342 	.db #0x0F	; 15
   0124 97                  343 	.db #0x97	; 151
   0125 F8                  344 	.db #0xF8	; 248
   0126 F1                  345 	.db #0xF1	; 241
   0127 CF                  346 	.db #0xCF	; 207
   0128 5B                  347 	.db #0x5B	; 91
   0129 F6                  348 	.db #0xF6	; 246
   012A F7                  349 	.db #0xF7	; 247
   012B E1                  350 	.db #0xE1	; 225
   012C 97                  351 	.db #0x97	; 151
   012D F6                  352 	.db #0xF6	; 246
   012E F7                  353 	.db #0xF7	; 247
   012F E1                  354 	.db #0xE1	; 225
   0130 97                  355 	.db #0x97	; 151
   0131 F6                  356 	.db #0xF6	; 246
   0132 F6                  357 	.db #0xF6	; 246
   0133 69                  358 	.db #0x69	; 105	'i'
   0134 5B                  359 	.db #0x5B	; 91
   0135 78                  360 	.db #0x78	; 120	'x'
   0136 E1                  361 	.db #0xE1	; 225
   0137 69                  362 	.db #0x69	; 105	'i'
   0138 2D                  363 	.db #0x2D	; 45
   0139 78                  364 	.db #0x78	; 120	'x'
   013A E1                  365 	.db #0xE1	; 225
   013B E9                  366 	.db #0xE9	; 233
   013C 0F                  367 	.db #0x0F	; 15
   013D 78                  368 	.db #0x78	; 120	'x'
   013E C3                  369 	.db #0xC3	; 195
   013F CF                  370 	.db #0xCF	; 207
   0140 0F                  371 	.db #0x0F	; 15
   0141 F0                  372 	.db #0xF0	; 240
   0142 E1                  373 	.db #0xE1	; 225
   0143 0F                  374 	.db #0x0F	; 15
   0144 0F                  375 	.db #0x0F	; 15
   0145 F0                  376 	.db #0xF0	; 240
   0146 F0                  377 	.db #0xF0	; 240
   0147 0F                  378 	.db #0x0F	; 15
   0148 1E                  379 	.db #0x1E	; 30
   0149 F0                  380 	.db #0xF0	; 240
   014A F0                  381 	.db #0xF0	; 240
   014B C3                  382 	.db #0xC3	; 195
   014C                     383 _TranquiloArr:
   014C 2D                  384 	.db #0x2D	; 45
   014D 78                  385 	.db #0x78	; 120	'x'
   014E E1                  386 	.db #0xE1	; 225
   014F 4B                  387 	.db #0x4B	; 75	'K'
   0150 3C                  388 	.db #0x3C	; 60
   0151 F0                  389 	.db #0xF0	; 240
   0152 F0                  390 	.db #0xF0	; 240
   0153 C3                  391 	.db #0xC3	; 195
   0154 1E                  392 	.db #0x1E	; 30
   0155 F0                  393 	.db #0xF0	; 240
   0156 F0                  394 	.db #0xF0	; 240
   0157 87                  395 	.db #0x87	; 135
   0158 0F                  396 	.db #0x0F	; 15
   0159 78                  397 	.db #0x78	; 120	'x'
   015A E1                  398 	.db #0xE1	; 225
   015B 4B                  399 	.db #0x4B	; 75	'K'
   015C 0F                  400 	.db #0x0F	; 15
   015D 78                  401 	.db #0x78	; 120	'x'
   015E E1                  402 	.db #0xE1	; 225
   015F AD                  403 	.db #0xAD	; 173
   0160 0F                  404 	.db #0x0F	; 15
   0161 78                  405 	.db #0x78	; 120	'x'
   0162 E1                  406 	.db #0xE1	; 225
   0163 9E                  407 	.db #0x9E	; 158
   0164 3F                  408 	.db #0x3F	; 63
   0165 F8                  409 	.db #0xF8	; 248
   0166 F1                  410 	.db #0xF1	; 241
   0167 9E                  411 	.db #0x9E	; 158
   0168 78                  412 	.db #0x78	; 120	'x'
   0169 FF                  413 	.db #0xFF	; 255
   016A FE                  414 	.db #0xFE	; 254
   016B AD                  415 	.db #0xAD	; 173
   016C 78                  416 	.db #0x78	; 120	'x'
   016D FF                  417 	.db #0xFF	; 255
   016E FE                  418 	.db #0xFE	; 254
   016F 9E                  419 	.db #0x9E	; 158
   0170 69                  420 	.db #0x69	; 105	'i'
   0171 F7                  421 	.db #0xF7	; 247
   0172 FE                  422 	.db #0xFE	; 254
   0173 9E                  423 	.db #0x9E	; 158
   0174 69                  424 	.db #0x69	; 105	'i'
   0175 7B                  425 	.db #0x7B	; 123
   0176 ED                  426 	.db #0xED	; 237
   0177 AD                  427 	.db #0xAD	; 173
   0178 79                  428 	.db #0x79	; 121	'y'
   0179 79                  429 	.db #0x79	; 121	'y'
   017A ED                  430 	.db #0xED	; 237
   017B 4B                  431 	.db #0x4B	; 75	'K'
   017C 3F                  432 	.db #0x3F	; 63
   017D 3C                  433 	.db #0x3C	; 60
   017E CF                  434 	.db #0xCF	; 207
   017F 0F                  435 	.db #0x0F	; 15
   0180 0F                  436 	.db #0x0F	; 15
   0181 3C                  437 	.db #0x3C	; 60
   0182 C7                  438 	.db #0xC7	; 199
   0183 0F                  439 	.db #0x0F	; 15
   0184 0F                  440 	.db #0x0F	; 15
   0185 78                  441 	.db #0x78	; 120	'x'
   0186 F0                  442 	.db #0xF0	; 240
   0187 0F                  443 	.db #0x0F	; 15
   0188 0F                  444 	.db #0x0F	; 15
   0189 F0                  445 	.db #0xF0	; 240
   018A F0                  446 	.db #0xF0	; 240
   018B 87                  447 	.db #0x87	; 135
                            448 	.area _INITIALIZER
                            449 	.area _CABS (ABS)
