                              1 ;--------------------------------------------------------
                              2 ; File Created by SDCC : free open source ANSI-C Compiler
                              3 ; Version 3.5.0 #9253 (Sep 23 2015) (CYGWIN)
                              4 ; This file was generated Fri Oct 23 22:07:51 2015
                              5 ;--------------------------------------------------------
                              6 	.module SpritePersonajeYelmo
                              7 	.optsdcc -mz80
                              8 	
                              9 ;--------------------------------------------------------
                             10 ; Public variables in this module
                             11 ;--------------------------------------------------------
                             12 	.globl _g_tile_15
                             13 	.globl _g_tile_14
                             14 	.globl _g_tile_13
                             15 	.globl _g_tile_12
                             16 	.globl _g_tile_11
                             17 	.globl _g_tile_10
                             18 	.globl _g_tile_9
                             19 	.globl _g_tile_8
                             20 	.globl _g_tile_7
                             21 	.globl _g_tile_6
                             22 	.globl _g_tile_5
                             23 	.globl _g_tile_4
                             24 	.globl _g_tile_3
                             25 	.globl _g_tile_2
                             26 	.globl _g_tile_1
                             27 	.globl _g_tile_0
                             28 	.globl _personaje_tileset
                             29 ;--------------------------------------------------------
                             30 ; special function registers
                             31 ;--------------------------------------------------------
                             32 ;--------------------------------------------------------
                             33 ; ram data
                             34 ;--------------------------------------------------------
                             35 	.area _DATA
                             36 ;--------------------------------------------------------
                             37 ; ram data
                             38 ;--------------------------------------------------------
                             39 	.area _INITIALIZED
                             40 ;--------------------------------------------------------
                             41 ; absolute external ram data
                             42 ;--------------------------------------------------------
                             43 	.area _DABS (ABS)
                             44 ;--------------------------------------------------------
                             45 ; global & static initialisations
                             46 ;--------------------------------------------------------
                             47 	.area _HOME
                             48 	.area _GSINIT
                             49 	.area _GSFINAL
                             50 	.area _GSINIT
                             51 ;--------------------------------------------------------
                             52 ; Home
                             53 ;--------------------------------------------------------
                             54 	.area _HOME
                             55 	.area _HOME
                             56 ;--------------------------------------------------------
                             57 ; code
                             58 ;--------------------------------------------------------
                             59 	.area _CODE
                             60 	.area _CODE
   0000                      61 _personaje_tileset:
   0000r20r00                62 	.dw _g_tile_0
   0002r60r00                63 	.dw _g_tile_1
   0004rA0r00                64 	.dw _g_tile_2
   0006rE0r00                65 	.dw _g_tile_3
   0008r20r01                66 	.dw _g_tile_4
   000Ar60r01                67 	.dw _g_tile_5
   000CrA0r01                68 	.dw _g_tile_6
   000ErE0r01                69 	.dw _g_tile_7
   0010r20r02                70 	.dw _g_tile_8
   0012r60r02                71 	.dw _g_tile_9
   0014rA0r02                72 	.dw _g_tile_10
   0016rE0r02                73 	.dw _g_tile_11
   0018r20r03                74 	.dw _g_tile_12
   001Ar60r03                75 	.dw _g_tile_13
   001CrA0r03                76 	.dw _g_tile_14
   001ErE0r03                77 	.dw _g_tile_15
   0020                      78 _g_tile_0:
   0020 3C                   79 	.db #0x3C	; 60
   0021 F0                   80 	.db #0xF0	; 240
   0022 F0                   81 	.db #0xF0	; 240
   0023 0F                   82 	.db #0x0F	; 15
   0024 7B                   83 	.db #0x7B	; 123
   0025 FF                   84 	.db #0xFF	; 255
   0026 FF                   85 	.db #0xFF	; 255
   0027 87                   86 	.db #0x87	; 135
   0028 F7                   87 	.db #0xF7	; 247
   0029 F8                   88 	.db #0xF8	; 248
   002A F0                   89 	.db #0xF0	; 240
   002B C3                   90 	.db #0xC3	; 195
   002C F0                   91 	.db #0xF0	; 240
   002D F6                   92 	.db #0xF6	; 246
   002E FA                   93 	.db #0xFA	; 250
   002F CB                   94 	.db #0xCB	; 203
   0030 F7                   95 	.db #0xF7	; 247
   0031 FE                   96 	.db #0xFE	; 254
   0032 FA                   97 	.db #0xFA	; 250
   0033 CB                   98 	.db #0xCB	; 203
   0034 78                   99 	.db #0x78	; 120	'x'
   0035 FE                  100 	.db #0xFE	; 254
   0036 FA                  101 	.db #0xFA	; 250
   0037 CB                  102 	.db #0xCB	; 203
   0038 7B                  103 	.db #0x7B	; 123
   0039 F6                  104 	.db #0xF6	; 246
   003A FA                  105 	.db #0xFA	; 250
   003B CB                  106 	.db #0xCB	; 203
   003C 7B                  107 	.db #0x7B	; 123
   003D F8                  108 	.db #0xF8	; 248
   003E F0                  109 	.db #0xF0	; 240
   003F C3                  110 	.db #0xC3	; 195
   0040 3D                  111 	.db #0x3D	; 61
   0041 FF                  112 	.db #0xFF	; 255
   0042 FF                  113 	.db #0xFF	; 255
   0043 CB                  114 	.db #0xCB	; 203
   0044 78                  115 	.db #0x78	; 120	'x'
   0045 F0                  116 	.db #0xF0	; 240
   0046 F0                  117 	.db #0xF0	; 240
   0047 F0                  118 	.db #0xF0	; 240
   0048 7B                  119 	.db #0x7B	; 123
   0049 87                  120 	.db #0x87	; 135
   004A 0F                  121 	.db #0x0F	; 15
   004B 1E                  122 	.db #0x1E	; 30
   004C F3                  123 	.db #0xF3	; 243
   004D F0                  124 	.db #0xF0	; 240
   004E F0                  125 	.db #0xF0	; 240
   004F 2D                  126 	.db #0x2D	; 45
   0050 3D                  127 	.db #0x3D	; 61
   0051 87                  128 	.db #0x87	; 135
   0052 0F                  129 	.db #0x0F	; 15
   0053 4B                  130 	.db #0x4B	; 75	'K'
   0054 1E                  131 	.db #0x1E	; 30
   0055 F0                  132 	.db #0xF0	; 240
   0056 F0                  133 	.db #0xF0	; 240
   0057 87                  134 	.db #0x87	; 135
   0058 1E                  135 	.db #0x1E	; 30
   0059 87                  136 	.db #0x87	; 135
   005A C3                  137 	.db #0xC3	; 195
   005B 0F                  138 	.db #0x0F	; 15
   005C 1E                  139 	.db #0x1E	; 30
   005D C3                  140 	.db #0xC3	; 195
   005E E1                  141 	.db #0xE1	; 225
   005F 0F                  142 	.db #0x0F	; 15
   0060                     143 _g_tile_1:
   0060 0F                  144 	.db #0x0F	; 15
   0061 F0                  145 	.db #0xF0	; 240
   0062 F0                  146 	.db #0xF0	; 240
   0063 C3                  147 	.db #0xC3	; 195
   0064 1E                  148 	.db #0x1E	; 30
   0065 FF                  149 	.db #0xFF	; 255
   0066 FF                  150 	.db #0xFF	; 255
   0067 ED                  151 	.db #0xED	; 237
   0068 3C                  152 	.db #0x3C	; 60
   0069 F0                  153 	.db #0xF0	; 240
   006A F1                  154 	.db #0xF1	; 241
   006B FE                  155 	.db #0xFE	; 254
   006C 3D                  156 	.db #0x3D	; 61
   006D F5                  157 	.db #0xF5	; 245
   006E F6                  158 	.db #0xF6	; 246
   006F F0                  159 	.db #0xF0	; 240
   0070 3D                  160 	.db #0x3D	; 61
   0071 F5                  161 	.db #0xF5	; 245
   0072 F7                  162 	.db #0xF7	; 247
   0073 FE                  163 	.db #0xFE	; 254
   0074 3D                  164 	.db #0x3D	; 61
   0075 F5                  165 	.db #0xF5	; 245
   0076 F7                  166 	.db #0xF7	; 247
   0077 E1                  167 	.db #0xE1	; 225
   0078 3D                  168 	.db #0x3D	; 61
   0079 F5                  169 	.db #0xF5	; 245
   007A F6                  170 	.db #0xF6	; 246
   007B ED                  171 	.db #0xED	; 237
   007C 3C                  172 	.db #0x3C	; 60
   007D F0                  173 	.db #0xF0	; 240
   007E F1                  174 	.db #0xF1	; 241
   007F ED                  175 	.db #0xED	; 237
   0080 3D                  176 	.db #0x3D	; 61
   0081 FF                  177 	.db #0xFF	; 255
   0082 FF                  178 	.db #0xFF	; 255
   0083 CB                  179 	.db #0xCB	; 203
   0084 F0                  180 	.db #0xF0	; 240
   0085 F0                  181 	.db #0xF0	; 240
   0086 F0                  182 	.db #0xF0	; 240
   0087 E1                  183 	.db #0xE1	; 225
   0088 87                  184 	.db #0x87	; 135
   0089 0F                  185 	.db #0x0F	; 15
   008A 1E                  186 	.db #0x1E	; 30
   008B ED                  187 	.db #0xED	; 237
   008C 4B                  188 	.db #0x4B	; 75	'K'
   008D F0                  189 	.db #0xF0	; 240
   008E F0                  190 	.db #0xF0	; 240
   008F FC                  191 	.db #0xFC	; 252
   0090 2D                  192 	.db #0x2D	; 45
   0091 0F                  193 	.db #0x0F	; 15
   0092 1E                  194 	.db #0x1E	; 30
   0093 CB                  195 	.db #0xCB	; 203
   0094 1E                  196 	.db #0x1E	; 30
   0095 F0                  197 	.db #0xF0	; 240
   0096 F0                  198 	.db #0xF0	; 240
   0097 87                  199 	.db #0x87	; 135
   0098 0F                  200 	.db #0x0F	; 15
   0099 3C                  201 	.db #0x3C	; 60
   009A 1E                  202 	.db #0x1E	; 30
   009B 87                  203 	.db #0x87	; 135
   009C 0F                  204 	.db #0x0F	; 15
   009D 78                  205 	.db #0x78	; 120	'x'
   009E 3C                  206 	.db #0x3C	; 60
   009F 87                  207 	.db #0x87	; 135
   00A0                     208 _g_tile_2:
   00A0 1E                  209 	.db #0x1E	; 30
   00A1 F0                  210 	.db #0xF0	; 240
   00A2 F0                  211 	.db #0xF0	; 240
   00A3 87                  212 	.db #0x87	; 135
   00A4 3D                  213 	.db #0x3D	; 61
   00A5 FF                  214 	.db #0xFF	; 255
   00A6 FF                  215 	.db #0xFF	; 255
   00A7 CB                  216 	.db #0xCB	; 203
   00A8 7B                  217 	.db #0x7B	; 123
   00A9 F0                  218 	.db #0xF0	; 240
   00AA F0                  219 	.db #0xF0	; 240
   00AB ED                  220 	.db #0xED	; 237
   00AC 78                  221 	.db #0x78	; 120	'x'
   00AD FA                  222 	.db #0xFA	; 250
   00AE F5                  223 	.db #0xF5	; 245
   00AF E1                  224 	.db #0xE1	; 225
   00B0 7B                  225 	.db #0x7B	; 123
   00B1 FA                  226 	.db #0xFA	; 250
   00B2 F5                  227 	.db #0xF5	; 245
   00B3 ED                  228 	.db #0xED	; 237
   00B4 78                  229 	.db #0x78	; 120	'x'
   00B5 FA                  230 	.db #0xFA	; 250
   00B6 F5                  231 	.db #0xF5	; 245
   00B7 E1                  232 	.db #0xE1	; 225
   00B8 7A                  233 	.db #0x7A	; 122	'z'
   00B9 FA                  234 	.db #0xFA	; 250
   00BA F5                  235 	.db #0xF5	; 245
   00BB E5                  236 	.db #0xE5	; 229
   00BC 3D                  237 	.db #0x3D	; 61
   00BD F0                  238 	.db #0xF0	; 240
   00BE F0                  239 	.db #0xF0	; 240
   00BF CB                  240 	.db #0xCB	; 203
   00C0 7B                  241 	.db #0x7B	; 123
   00C1 FF                  242 	.db #0xFF	; 255
   00C2 FF                  243 	.db #0xFF	; 255
   00C3 ED                  244 	.db #0xED	; 237
   00C4 78                  245 	.db #0x78	; 120	'x'
   00C5 F0                  246 	.db #0xF0	; 240
   00C6 F0                  247 	.db #0xF0	; 240
   00C7 F0                  248 	.db #0xF0	; 240
   00C8 7B                  249 	.db #0x7B	; 123
   00C9 87                  250 	.db #0x87	; 135
   00CA 0F                  251 	.db #0x0F	; 15
   00CB 1E                  252 	.db #0x1E	; 30
   00CC F3                  253 	.db #0xF3	; 243
   00CD F0                  254 	.db #0xF0	; 240
   00CE F0                  255 	.db #0xF0	; 240
   00CF 2D                  256 	.db #0x2D	; 45
   00D0 79                  257 	.db #0x79	; 121	'y'
   00D1 87                  258 	.db #0x87	; 135
   00D2 0F                  259 	.db #0x0F	; 15
   00D3 69                  260 	.db #0x69	; 105	'i'
   00D4 1E                  261 	.db #0x1E	; 30
   00D5 F0                  262 	.db #0xF0	; 240
   00D6 F0                  263 	.db #0xF0	; 240
   00D7 87                  264 	.db #0x87	; 135
   00D8 0F                  265 	.db #0x0F	; 15
   00D9 69                  266 	.db #0x69	; 105	'i'
   00DA 69                  267 	.db #0x69	; 105	'i'
   00DB 0F                  268 	.db #0x0F	; 15
   00DC 0F                  269 	.db #0x0F	; 15
   00DD E1                  270 	.db #0xE1	; 225
   00DE 78                  271 	.db #0x78	; 120	'x'
   00DF 0F                  272 	.db #0x0F	; 15
   00E0                     273 _g_tile_3:
   00E0 1E                  274 	.db #0x1E	; 30
   00E1 F0                  275 	.db #0xF0	; 240
   00E2 F0                  276 	.db #0xF0	; 240
   00E3 87                  277 	.db #0x87	; 135
   00E4 3D                  278 	.db #0x3D	; 61
   00E5 FA                  279 	.db #0xFA	; 250
   00E6 F5                  280 	.db #0xF5	; 245
   00E7 CB                  281 	.db #0xCB	; 203
   00E8 7A                  282 	.db #0x7A	; 122	'z'
   00E9 F0                  283 	.db #0xF0	; 240
   00EA F0                  284 	.db #0xF0	; 240
   00EB E5                  285 	.db #0xE5	; 229
   00EC 79                  286 	.db #0x79	; 121	'y'
   00ED FF                  287 	.db #0xFF	; 255
   00EE FF                  288 	.db #0xFF	; 255
   00EF E9                  289 	.db #0xE9	; 233
   00F0 7A                  290 	.db #0x7A	; 122	'z'
   00F1 FF                  291 	.db #0xFF	; 255
   00F2 FF                  292 	.db #0xFF	; 255
   00F3 E5                  293 	.db #0xE5	; 229
   00F4 79                  294 	.db #0x79	; 121	'y'
   00F5 FF                  295 	.db #0xFF	; 255
   00F6 FF                  296 	.db #0xFF	; 255
   00F7 E9                  297 	.db #0xE9	; 233
   00F8 7B                  298 	.db #0x7B	; 123
   00F9 FF                  299 	.db #0xFF	; 255
   00FA FF                  300 	.db #0xFF	; 255
   00FB ED                  301 	.db #0xED	; 237
   00FC 3C                  302 	.db #0x3C	; 60
   00FD F0                  303 	.db #0xF0	; 240
   00FE F0                  304 	.db #0xF0	; 240
   00FF C3                  305 	.db #0xC3	; 195
   0100 1E                  306 	.db #0x1E	; 30
   0101 FF                  307 	.db #0xFF	; 255
   0102 FF                  308 	.db #0xFF	; 255
   0103 87                  309 	.db #0x87	; 135
   0104 F0                  310 	.db #0xF0	; 240
   0105 FF                  311 	.db #0xFF	; 255
   0106 FF                  312 	.db #0xFF	; 255
   0107 E1                  313 	.db #0xE1	; 225
   0108 96                  314 	.db #0x96	; 150
   0109 FB                  315 	.db #0xFB	; 251
   010A FD                  316 	.db #0xFD	; 253
   010B E5                  317 	.db #0xE5	; 229
   010C 4B                  318 	.db #0x4B	; 75	'K'
   010D F3                  319 	.db #0xF3	; 243
   010E FE                  320 	.db #0xFE	; 254
   010F FC                  321 	.db #0xFC	; 252
   0110 69                  322 	.db #0x69	; 105	'i'
   0111 7B                  323 	.db #0x7B	; 123
   0112 FC                  324 	.db #0xFC	; 252
   0113 E1                  325 	.db #0xE1	; 225
   0114 1E                  326 	.db #0x1E	; 30
   0115 F2                  327 	.db #0xF2	; 242
   0116 E5                  328 	.db #0xE5	; 229
   0117 0F                  329 	.db #0x0F	; 15
   0118 0F                  330 	.db #0x0F	; 15
   0119 69                  331 	.db #0x69	; 105	'i'
   011A 69                  332 	.db #0x69	; 105	'i'
   011B 0F                  333 	.db #0x0F	; 15
   011C 0F                  334 	.db #0x0F	; 15
   011D E1                  335 	.db #0xE1	; 225
   011E 78                  336 	.db #0x78	; 120	'x'
   011F 0F                  337 	.db #0x0F	; 15
   0120                     338 _g_tile_4:
   0120 3C                  339 	.db #0x3C	; 60
   0121 F0                  340 	.db #0xF0	; 240
   0122 F0                  341 	.db #0xF0	; 240
   0123 0F                  342 	.db #0x0F	; 15
   0124 7B                  343 	.db #0x7B	; 123
   0125 FF                  344 	.db #0xFF	; 255
   0126 FF                  345 	.db #0xFF	; 255
   0127 87                  346 	.db #0x87	; 135
   0128 F7                  347 	.db #0xF7	; 247
   0129 F8                  348 	.db #0xF8	; 248
   012A F0                  349 	.db #0xF0	; 240
   012B C3                  350 	.db #0xC3	; 195
   012C F0                  351 	.db #0xF0	; 240
   012D F6                  352 	.db #0xF6	; 246
   012E FA                  353 	.db #0xFA	; 250
   012F CB                  354 	.db #0xCB	; 203
   0130 F7                  355 	.db #0xF7	; 247
   0131 FE                  356 	.db #0xFE	; 254
   0132 FA                  357 	.db #0xFA	; 250
   0133 CB                  358 	.db #0xCB	; 203
   0134 78                  359 	.db #0x78	; 120	'x'
   0135 FE                  360 	.db #0xFE	; 254
   0136 FA                  361 	.db #0xFA	; 250
   0137 CB                  362 	.db #0xCB	; 203
   0138 7B                  363 	.db #0x7B	; 123
   0139 F6                  364 	.db #0xF6	; 246
   013A FA                  365 	.db #0xFA	; 250
   013B CB                  366 	.db #0xCB	; 203
   013C 7B                  367 	.db #0x7B	; 123
   013D F8                  368 	.db #0xF8	; 248
   013E F0                  369 	.db #0xF0	; 240
   013F C3                  370 	.db #0xC3	; 195
   0140 3D                  371 	.db #0x3D	; 61
   0141 FF                  372 	.db #0xFF	; 255
   0142 FF                  373 	.db #0xFF	; 255
   0143 CB                  374 	.db #0xCB	; 203
   0144 78                  375 	.db #0x78	; 120	'x'
   0145 F0                  376 	.db #0xF0	; 240
   0146 F0                  377 	.db #0xF0	; 240
   0147 F0                  378 	.db #0xF0	; 240
   0148 7B                  379 	.db #0x7B	; 123
   0149 87                  380 	.db #0x87	; 135
   014A 0F                  381 	.db #0x0F	; 15
   014B 1E                  382 	.db #0x1E	; 30
   014C F3                  383 	.db #0xF3	; 243
   014D F0                  384 	.db #0xF0	; 240
   014E F0                  385 	.db #0xF0	; 240
   014F 2D                  386 	.db #0x2D	; 45
   0150 3D                  387 	.db #0x3D	; 61
   0151 87                  388 	.db #0x87	; 135
   0152 0F                  389 	.db #0x0F	; 15
   0153 4B                  390 	.db #0x4B	; 75	'K'
   0154 1E                  391 	.db #0x1E	; 30
   0155 F0                  392 	.db #0xF0	; 240
   0156 F0                  393 	.db #0xF0	; 240
   0157 87                  394 	.db #0x87	; 135
   0158 1E                  395 	.db #0x1E	; 30
   0159 87                  396 	.db #0x87	; 135
   015A C3                  397 	.db #0xC3	; 195
   015B 0F                  398 	.db #0x0F	; 15
   015C 0F                  399 	.db #0x0F	; 15
   015D 0F                  400 	.db #0x0F	; 15
   015E E1                  401 	.db #0xE1	; 225
   015F 0F                  402 	.db #0x0F	; 15
   0160                     403 _g_tile_5:
   0160 0F                  404 	.db #0x0F	; 15
   0161 F0                  405 	.db #0xF0	; 240
   0162 F0                  406 	.db #0xF0	; 240
   0163 C3                  407 	.db #0xC3	; 195
   0164 1E                  408 	.db #0x1E	; 30
   0165 FF                  409 	.db #0xFF	; 255
   0166 FF                  410 	.db #0xFF	; 255
   0167 ED                  411 	.db #0xED	; 237
   0168 3C                  412 	.db #0x3C	; 60
   0169 F0                  413 	.db #0xF0	; 240
   016A F1                  414 	.db #0xF1	; 241
   016B FE                  415 	.db #0xFE	; 254
   016C 3D                  416 	.db #0x3D	; 61
   016D F5                  417 	.db #0xF5	; 245
   016E F6                  418 	.db #0xF6	; 246
   016F F0                  419 	.db #0xF0	; 240
   0170 3D                  420 	.db #0x3D	; 61
   0171 F5                  421 	.db #0xF5	; 245
   0172 F7                  422 	.db #0xF7	; 247
   0173 FE                  423 	.db #0xFE	; 254
   0174 3D                  424 	.db #0x3D	; 61
   0175 F5                  425 	.db #0xF5	; 245
   0176 F7                  426 	.db #0xF7	; 247
   0177 E1                  427 	.db #0xE1	; 225
   0178 3D                  428 	.db #0x3D	; 61
   0179 F5                  429 	.db #0xF5	; 245
   017A F6                  430 	.db #0xF6	; 246
   017B ED                  431 	.db #0xED	; 237
   017C 3C                  432 	.db #0x3C	; 60
   017D F0                  433 	.db #0xF0	; 240
   017E F1                  434 	.db #0xF1	; 241
   017F ED                  435 	.db #0xED	; 237
   0180 3D                  436 	.db #0x3D	; 61
   0181 FF                  437 	.db #0xFF	; 255
   0182 FF                  438 	.db #0xFF	; 255
   0183 CB                  439 	.db #0xCB	; 203
   0184 F0                  440 	.db #0xF0	; 240
   0185 F0                  441 	.db #0xF0	; 240
   0186 F0                  442 	.db #0xF0	; 240
   0187 E1                  443 	.db #0xE1	; 225
   0188 87                  444 	.db #0x87	; 135
   0189 0F                  445 	.db #0x0F	; 15
   018A 1E                  446 	.db #0x1E	; 30
   018B ED                  447 	.db #0xED	; 237
   018C 4B                  448 	.db #0x4B	; 75	'K'
   018D F0                  449 	.db #0xF0	; 240
   018E F0                  450 	.db #0xF0	; 240
   018F FC                  451 	.db #0xFC	; 252
   0190 2D                  452 	.db #0x2D	; 45
   0191 0F                  453 	.db #0x0F	; 15
   0192 1E                  454 	.db #0x1E	; 30
   0193 CB                  455 	.db #0xCB	; 203
   0194 1E                  456 	.db #0x1E	; 30
   0195 F0                  457 	.db #0xF0	; 240
   0196 F0                  458 	.db #0xF0	; 240
   0197 87                  459 	.db #0x87	; 135
   0198 0F                  460 	.db #0x0F	; 15
   0199 3C                  461 	.db #0x3C	; 60
   019A 1E                  462 	.db #0x1E	; 30
   019B 87                  463 	.db #0x87	; 135
   019C 0F                  464 	.db #0x0F	; 15
   019D 0F                  465 	.db #0x0F	; 15
   019E 3C                  466 	.db #0x3C	; 60
   019F 87                  467 	.db #0x87	; 135
   01A0                     468 _g_tile_6:
   01A0 1E                  469 	.db #0x1E	; 30
   01A1 F0                  470 	.db #0xF0	; 240
   01A2 F0                  471 	.db #0xF0	; 240
   01A3 87                  472 	.db #0x87	; 135
   01A4 3D                  473 	.db #0x3D	; 61
   01A5 FF                  474 	.db #0xFF	; 255
   01A6 FF                  475 	.db #0xFF	; 255
   01A7 CB                  476 	.db #0xCB	; 203
   01A8 7B                  477 	.db #0x7B	; 123
   01A9 F0                  478 	.db #0xF0	; 240
   01AA F0                  479 	.db #0xF0	; 240
   01AB ED                  480 	.db #0xED	; 237
   01AC 78                  481 	.db #0x78	; 120	'x'
   01AD FA                  482 	.db #0xFA	; 250
   01AE F5                  483 	.db #0xF5	; 245
   01AF E1                  484 	.db #0xE1	; 225
   01B0 7B                  485 	.db #0x7B	; 123
   01B1 FA                  486 	.db #0xFA	; 250
   01B2 F5                  487 	.db #0xF5	; 245
   01B3 ED                  488 	.db #0xED	; 237
   01B4 78                  489 	.db #0x78	; 120	'x'
   01B5 FA                  490 	.db #0xFA	; 250
   01B6 F5                  491 	.db #0xF5	; 245
   01B7 E1                  492 	.db #0xE1	; 225
   01B8 7A                  493 	.db #0x7A	; 122	'z'
   01B9 FA                  494 	.db #0xFA	; 250
   01BA F5                  495 	.db #0xF5	; 245
   01BB E5                  496 	.db #0xE5	; 229
   01BC 3D                  497 	.db #0x3D	; 61
   01BD F0                  498 	.db #0xF0	; 240
   01BE F0                  499 	.db #0xF0	; 240
   01BF CB                  500 	.db #0xCB	; 203
   01C0 7B                  501 	.db #0x7B	; 123
   01C1 FF                  502 	.db #0xFF	; 255
   01C2 FF                  503 	.db #0xFF	; 255
   01C3 ED                  504 	.db #0xED	; 237
   01C4 78                  505 	.db #0x78	; 120	'x'
   01C5 F0                  506 	.db #0xF0	; 240
   01C6 F0                  507 	.db #0xF0	; 240
   01C7 F0                  508 	.db #0xF0	; 240
   01C8 7B                  509 	.db #0x7B	; 123
   01C9 87                  510 	.db #0x87	; 135
   01CA 0F                  511 	.db #0x0F	; 15
   01CB 1E                  512 	.db #0x1E	; 30
   01CC F3                  513 	.db #0xF3	; 243
   01CD F0                  514 	.db #0xF0	; 240
   01CE F0                  515 	.db #0xF0	; 240
   01CF 2D                  516 	.db #0x2D	; 45
   01D0 79                  517 	.db #0x79	; 121	'y'
   01D1 87                  518 	.db #0x87	; 135
   01D2 0F                  519 	.db #0x0F	; 15
   01D3 69                  520 	.db #0x69	; 105	'i'
   01D4 1E                  521 	.db #0x1E	; 30
   01D5 F0                  522 	.db #0xF0	; 240
   01D6 F0                  523 	.db #0xF0	; 240
   01D7 87                  524 	.db #0x87	; 135
   01D8 0F                  525 	.db #0x0F	; 15
   01D9 69                  526 	.db #0x69	; 105	'i'
   01DA 69                  527 	.db #0x69	; 105	'i'
   01DB 0F                  528 	.db #0x0F	; 15
   01DC 0F                  529 	.db #0x0F	; 15
   01DD 0F                  530 	.db #0x0F	; 15
   01DE 78                  531 	.db #0x78	; 120	'x'
   01DF 0F                  532 	.db #0x0F	; 15
   01E0                     533 _g_tile_7:
   01E0 1E                  534 	.db #0x1E	; 30
   01E1 F0                  535 	.db #0xF0	; 240
   01E2 F0                  536 	.db #0xF0	; 240
   01E3 87                  537 	.db #0x87	; 135
   01E4 3D                  538 	.db #0x3D	; 61
   01E5 FA                  539 	.db #0xFA	; 250
   01E6 F5                  540 	.db #0xF5	; 245
   01E7 CB                  541 	.db #0xCB	; 203
   01E8 7A                  542 	.db #0x7A	; 122	'z'
   01E9 F0                  543 	.db #0xF0	; 240
   01EA F0                  544 	.db #0xF0	; 240
   01EB E5                  545 	.db #0xE5	; 229
   01EC 79                  546 	.db #0x79	; 121	'y'
   01ED FF                  547 	.db #0xFF	; 255
   01EE FF                  548 	.db #0xFF	; 255
   01EF E9                  549 	.db #0xE9	; 233
   01F0 7A                  550 	.db #0x7A	; 122	'z'
   01F1 FF                  551 	.db #0xFF	; 255
   01F2 FF                  552 	.db #0xFF	; 255
   01F3 E5                  553 	.db #0xE5	; 229
   01F4 79                  554 	.db #0x79	; 121	'y'
   01F5 FF                  555 	.db #0xFF	; 255
   01F6 FF                  556 	.db #0xFF	; 255
   01F7 E9                  557 	.db #0xE9	; 233
   01F8 7B                  558 	.db #0x7B	; 123
   01F9 FF                  559 	.db #0xFF	; 255
   01FA FF                  560 	.db #0xFF	; 255
   01FB ED                  561 	.db #0xED	; 237
   01FC 3C                  562 	.db #0x3C	; 60
   01FD F0                  563 	.db #0xF0	; 240
   01FE F0                  564 	.db #0xF0	; 240
   01FF C3                  565 	.db #0xC3	; 195
   0200 1E                  566 	.db #0x1E	; 30
   0201 FF                  567 	.db #0xFF	; 255
   0202 FF                  568 	.db #0xFF	; 255
   0203 87                  569 	.db #0x87	; 135
   0204 F0                  570 	.db #0xF0	; 240
   0205 FF                  571 	.db #0xFF	; 255
   0206 FF                  572 	.db #0xFF	; 255
   0207 E1                  573 	.db #0xE1	; 225
   0208 96                  574 	.db #0x96	; 150
   0209 FB                  575 	.db #0xFB	; 251
   020A FD                  576 	.db #0xFD	; 253
   020B E5                  577 	.db #0xE5	; 229
   020C 4B                  578 	.db #0x4B	; 75	'K'
   020D F3                  579 	.db #0xF3	; 243
   020E FE                  580 	.db #0xFE	; 254
   020F FC                  581 	.db #0xFC	; 252
   0210 69                  582 	.db #0x69	; 105	'i'
   0211 7B                  583 	.db #0x7B	; 123
   0212 FC                  584 	.db #0xFC	; 252
   0213 E1                  585 	.db #0xE1	; 225
   0214 1E                  586 	.db #0x1E	; 30
   0215 F2                  587 	.db #0xF2	; 242
   0216 E5                  588 	.db #0xE5	; 229
   0217 0F                  589 	.db #0x0F	; 15
   0218 0F                  590 	.db #0x0F	; 15
   0219 69                  591 	.db #0x69	; 105	'i'
   021A 69                  592 	.db #0x69	; 105	'i'
   021B 0F                  593 	.db #0x0F	; 15
   021C 0F                  594 	.db #0x0F	; 15
   021D 0F                  595 	.db #0x0F	; 15
   021E 78                  596 	.db #0x78	; 120	'x'
   021F 0F                  597 	.db #0x0F	; 15
   0220                     598 _g_tile_8:
   0220 3C                  599 	.db #0x3C	; 60
   0221 F0                  600 	.db #0xF0	; 240
   0222 F0                  601 	.db #0xF0	; 240
   0223 0F                  602 	.db #0x0F	; 15
   0224 7B                  603 	.db #0x7B	; 123
   0225 FF                  604 	.db #0xFF	; 255
   0226 FF                  605 	.db #0xFF	; 255
   0227 87                  606 	.db #0x87	; 135
   0228 F7                  607 	.db #0xF7	; 247
   0229 F8                  608 	.db #0xF8	; 248
   022A F0                  609 	.db #0xF0	; 240
   022B C3                  610 	.db #0xC3	; 195
   022C F0                  611 	.db #0xF0	; 240
   022D F6                  612 	.db #0xF6	; 246
   022E FA                  613 	.db #0xFA	; 250
   022F CB                  614 	.db #0xCB	; 203
   0230 F7                  615 	.db #0xF7	; 247
   0231 FE                  616 	.db #0xFE	; 254
   0232 FA                  617 	.db #0xFA	; 250
   0233 CB                  618 	.db #0xCB	; 203
   0234 78                  619 	.db #0x78	; 120	'x'
   0235 FE                  620 	.db #0xFE	; 254
   0236 FA                  621 	.db #0xFA	; 250
   0237 CB                  622 	.db #0xCB	; 203
   0238 7B                  623 	.db #0x7B	; 123
   0239 F6                  624 	.db #0xF6	; 246
   023A FA                  625 	.db #0xFA	; 250
   023B CB                  626 	.db #0xCB	; 203
   023C 7B                  627 	.db #0x7B	; 123
   023D F8                  628 	.db #0xF8	; 248
   023E F0                  629 	.db #0xF0	; 240
   023F C3                  630 	.db #0xC3	; 195
   0240 3D                  631 	.db #0x3D	; 61
   0241 FF                  632 	.db #0xFF	; 255
   0242 FF                  633 	.db #0xFF	; 255
   0243 CB                  634 	.db #0xCB	; 203
   0244 78                  635 	.db #0x78	; 120	'x'
   0245 F0                  636 	.db #0xF0	; 240
   0246 F0                  637 	.db #0xF0	; 240
   0247 F0                  638 	.db #0xF0	; 240
   0248 7B                  639 	.db #0x7B	; 123
   0249 87                  640 	.db #0x87	; 135
   024A 0F                  641 	.db #0x0F	; 15
   024B 1E                  642 	.db #0x1E	; 30
   024C F3                  643 	.db #0xF3	; 243
   024D F0                  644 	.db #0xF0	; 240
   024E F0                  645 	.db #0xF0	; 240
   024F 2D                  646 	.db #0x2D	; 45
   0250 3D                  647 	.db #0x3D	; 61
   0251 87                  648 	.db #0x87	; 135
   0252 0F                  649 	.db #0x0F	; 15
   0253 4B                  650 	.db #0x4B	; 75	'K'
   0254 1E                  651 	.db #0x1E	; 30
   0255 F0                  652 	.db #0xF0	; 240
   0256 F0                  653 	.db #0xF0	; 240
   0257 87                  654 	.db #0x87	; 135
   0258 1E                  655 	.db #0x1E	; 30
   0259 87                  656 	.db #0x87	; 135
   025A C3                  657 	.db #0xC3	; 195
   025B 0F                  658 	.db #0x0F	; 15
   025C 1E                  659 	.db #0x1E	; 30
   025D C3                  660 	.db #0xC3	; 195
   025E 0F                  661 	.db #0x0F	; 15
   025F 0F                  662 	.db #0x0F	; 15
   0260                     663 _g_tile_9:
   0260 0F                  664 	.db #0x0F	; 15
   0261 F0                  665 	.db #0xF0	; 240
   0262 F0                  666 	.db #0xF0	; 240
   0263 C3                  667 	.db #0xC3	; 195
   0264 1E                  668 	.db #0x1E	; 30
   0265 FF                  669 	.db #0xFF	; 255
   0266 FF                  670 	.db #0xFF	; 255
   0267 ED                  671 	.db #0xED	; 237
   0268 3C                  672 	.db #0x3C	; 60
   0269 F0                  673 	.db #0xF0	; 240
   026A F1                  674 	.db #0xF1	; 241
   026B FE                  675 	.db #0xFE	; 254
   026C 3D                  676 	.db #0x3D	; 61
   026D F5                  677 	.db #0xF5	; 245
   026E F6                  678 	.db #0xF6	; 246
   026F F0                  679 	.db #0xF0	; 240
   0270 3D                  680 	.db #0x3D	; 61
   0271 F5                  681 	.db #0xF5	; 245
   0272 F7                  682 	.db #0xF7	; 247
   0273 FE                  683 	.db #0xFE	; 254
   0274 3D                  684 	.db #0x3D	; 61
   0275 F5                  685 	.db #0xF5	; 245
   0276 F7                  686 	.db #0xF7	; 247
   0277 E1                  687 	.db #0xE1	; 225
   0278 3D                  688 	.db #0x3D	; 61
   0279 F5                  689 	.db #0xF5	; 245
   027A F6                  690 	.db #0xF6	; 246
   027B ED                  691 	.db #0xED	; 237
   027C 3C                  692 	.db #0x3C	; 60
   027D F0                  693 	.db #0xF0	; 240
   027E F1                  694 	.db #0xF1	; 241
   027F ED                  695 	.db #0xED	; 237
   0280 3D                  696 	.db #0x3D	; 61
   0281 FF                  697 	.db #0xFF	; 255
   0282 FF                  698 	.db #0xFF	; 255
   0283 CB                  699 	.db #0xCB	; 203
   0284 F0                  700 	.db #0xF0	; 240
   0285 F0                  701 	.db #0xF0	; 240
   0286 F0                  702 	.db #0xF0	; 240
   0287 E1                  703 	.db #0xE1	; 225
   0288 87                  704 	.db #0x87	; 135
   0289 0F                  705 	.db #0x0F	; 15
   028A 1E                  706 	.db #0x1E	; 30
   028B ED                  707 	.db #0xED	; 237
   028C 4B                  708 	.db #0x4B	; 75	'K'
   028D F0                  709 	.db #0xF0	; 240
   028E F0                  710 	.db #0xF0	; 240
   028F FC                  711 	.db #0xFC	; 252
   0290 2D                  712 	.db #0x2D	; 45
   0291 0F                  713 	.db #0x0F	; 15
   0292 1E                  714 	.db #0x1E	; 30
   0293 CB                  715 	.db #0xCB	; 203
   0294 1E                  716 	.db #0x1E	; 30
   0295 F0                  717 	.db #0xF0	; 240
   0296 F0                  718 	.db #0xF0	; 240
   0297 87                  719 	.db #0x87	; 135
   0298 0F                  720 	.db #0x0F	; 15
   0299 3C                  721 	.db #0x3C	; 60
   029A 1E                  722 	.db #0x1E	; 30
   029B 87                  723 	.db #0x87	; 135
   029C 0F                  724 	.db #0x0F	; 15
   029D 78                  725 	.db #0x78	; 120	'x'
   029E 0F                  726 	.db #0x0F	; 15
   029F 0F                  727 	.db #0x0F	; 15
   02A0                     728 _g_tile_10:
   02A0 1E                  729 	.db #0x1E	; 30
   02A1 F0                  730 	.db #0xF0	; 240
   02A2 F0                  731 	.db #0xF0	; 240
   02A3 87                  732 	.db #0x87	; 135
   02A4 3D                  733 	.db #0x3D	; 61
   02A5 FF                  734 	.db #0xFF	; 255
   02A6 FF                  735 	.db #0xFF	; 255
   02A7 CB                  736 	.db #0xCB	; 203
   02A8 7B                  737 	.db #0x7B	; 123
   02A9 F0                  738 	.db #0xF0	; 240
   02AA F0                  739 	.db #0xF0	; 240
   02AB ED                  740 	.db #0xED	; 237
   02AC 78                  741 	.db #0x78	; 120	'x'
   02AD FA                  742 	.db #0xFA	; 250
   02AE F5                  743 	.db #0xF5	; 245
   02AF E1                  744 	.db #0xE1	; 225
   02B0 7B                  745 	.db #0x7B	; 123
   02B1 FA                  746 	.db #0xFA	; 250
   02B2 F5                  747 	.db #0xF5	; 245
   02B3 ED                  748 	.db #0xED	; 237
   02B4 78                  749 	.db #0x78	; 120	'x'
   02B5 FA                  750 	.db #0xFA	; 250
   02B6 F5                  751 	.db #0xF5	; 245
   02B7 E1                  752 	.db #0xE1	; 225
   02B8 7A                  753 	.db #0x7A	; 122	'z'
   02B9 FA                  754 	.db #0xFA	; 250
   02BA F5                  755 	.db #0xF5	; 245
   02BB E5                  756 	.db #0xE5	; 229
   02BC 3D                  757 	.db #0x3D	; 61
   02BD F0                  758 	.db #0xF0	; 240
   02BE F0                  759 	.db #0xF0	; 240
   02BF CB                  760 	.db #0xCB	; 203
   02C0 7B                  761 	.db #0x7B	; 123
   02C1 FF                  762 	.db #0xFF	; 255
   02C2 FF                  763 	.db #0xFF	; 255
   02C3 ED                  764 	.db #0xED	; 237
   02C4 78                  765 	.db #0x78	; 120	'x'
   02C5 F0                  766 	.db #0xF0	; 240
   02C6 F0                  767 	.db #0xF0	; 240
   02C7 F0                  768 	.db #0xF0	; 240
   02C8 7B                  769 	.db #0x7B	; 123
   02C9 87                  770 	.db #0x87	; 135
   02CA 0F                  771 	.db #0x0F	; 15
   02CB 1E                  772 	.db #0x1E	; 30
   02CC F3                  773 	.db #0xF3	; 243
   02CD F0                  774 	.db #0xF0	; 240
   02CE F0                  775 	.db #0xF0	; 240
   02CF 2D                  776 	.db #0x2D	; 45
   02D0 79                  777 	.db #0x79	; 121	'y'
   02D1 87                  778 	.db #0x87	; 135
   02D2 0F                  779 	.db #0x0F	; 15
   02D3 69                  780 	.db #0x69	; 105	'i'
   02D4 1E                  781 	.db #0x1E	; 30
   02D5 F0                  782 	.db #0xF0	; 240
   02D6 F0                  783 	.db #0xF0	; 240
   02D7 87                  784 	.db #0x87	; 135
   02D8 0F                  785 	.db #0x0F	; 15
   02D9 69                  786 	.db #0x69	; 105	'i'
   02DA 69                  787 	.db #0x69	; 105	'i'
   02DB 0F                  788 	.db #0x0F	; 15
   02DC 0F                  789 	.db #0x0F	; 15
   02DD E1                  790 	.db #0xE1	; 225
   02DE 0F                  791 	.db #0x0F	; 15
   02DF 0F                  792 	.db #0x0F	; 15
   02E0                     793 _g_tile_11:
   02E0 1E                  794 	.db #0x1E	; 30
   02E1 F0                  795 	.db #0xF0	; 240
   02E2 F0                  796 	.db #0xF0	; 240
   02E3 87                  797 	.db #0x87	; 135
   02E4 3D                  798 	.db #0x3D	; 61
   02E5 FA                  799 	.db #0xFA	; 250
   02E6 F5                  800 	.db #0xF5	; 245
   02E7 CB                  801 	.db #0xCB	; 203
   02E8 7A                  802 	.db #0x7A	; 122	'z'
   02E9 F0                  803 	.db #0xF0	; 240
   02EA F0                  804 	.db #0xF0	; 240
   02EB E5                  805 	.db #0xE5	; 229
   02EC 79                  806 	.db #0x79	; 121	'y'
   02ED FF                  807 	.db #0xFF	; 255
   02EE FF                  808 	.db #0xFF	; 255
   02EF E9                  809 	.db #0xE9	; 233
   02F0 7A                  810 	.db #0x7A	; 122	'z'
   02F1 FF                  811 	.db #0xFF	; 255
   02F2 FF                  812 	.db #0xFF	; 255
   02F3 E5                  813 	.db #0xE5	; 229
   02F4 79                  814 	.db #0x79	; 121	'y'
   02F5 FF                  815 	.db #0xFF	; 255
   02F6 FF                  816 	.db #0xFF	; 255
   02F7 E9                  817 	.db #0xE9	; 233
   02F8 7B                  818 	.db #0x7B	; 123
   02F9 FF                  819 	.db #0xFF	; 255
   02FA FF                  820 	.db #0xFF	; 255
   02FB ED                  821 	.db #0xED	; 237
   02FC 3C                  822 	.db #0x3C	; 60
   02FD F0                  823 	.db #0xF0	; 240
   02FE F0                  824 	.db #0xF0	; 240
   02FF C3                  825 	.db #0xC3	; 195
   0300 1E                  826 	.db #0x1E	; 30
   0301 FF                  827 	.db #0xFF	; 255
   0302 FF                  828 	.db #0xFF	; 255
   0303 87                  829 	.db #0x87	; 135
   0304 F0                  830 	.db #0xF0	; 240
   0305 FF                  831 	.db #0xFF	; 255
   0306 FF                  832 	.db #0xFF	; 255
   0307 E1                  833 	.db #0xE1	; 225
   0308 96                  834 	.db #0x96	; 150
   0309 FB                  835 	.db #0xFB	; 251
   030A FD                  836 	.db #0xFD	; 253
   030B E5                  837 	.db #0xE5	; 229
   030C 4B                  838 	.db #0x4B	; 75	'K'
   030D F3                  839 	.db #0xF3	; 243
   030E FE                  840 	.db #0xFE	; 254
   030F FC                  841 	.db #0xFC	; 252
   0310 69                  842 	.db #0x69	; 105	'i'
   0311 7B                  843 	.db #0x7B	; 123
   0312 FC                  844 	.db #0xFC	; 252
   0313 E1                  845 	.db #0xE1	; 225
   0314 1E                  846 	.db #0x1E	; 30
   0315 F2                  847 	.db #0xF2	; 242
   0316 E5                  848 	.db #0xE5	; 229
   0317 0F                  849 	.db #0x0F	; 15
   0318 0F                  850 	.db #0x0F	; 15
   0319 69                  851 	.db #0x69	; 105	'i'
   031A 69                  852 	.db #0x69	; 105	'i'
   031B 0F                  853 	.db #0x0F	; 15
   031C 0F                  854 	.db #0x0F	; 15
   031D E1                  855 	.db #0xE1	; 225
   031E 0F                  856 	.db #0x0F	; 15
   031F 0F                  857 	.db #0x0F	; 15
   0320                     858 _g_tile_12:
   0320 3C                  859 	.db #0x3C	; 60
   0321 F0                  860 	.db #0xF0	; 240
   0322 F0                  861 	.db #0xF0	; 240
   0323 0F                  862 	.db #0x0F	; 15
   0324 7B                  863 	.db #0x7B	; 123
   0325 FF                  864 	.db #0xFF	; 255
   0326 FF                  865 	.db #0xFF	; 255
   0327 87                  866 	.db #0x87	; 135
   0328 F7                  867 	.db #0xF7	; 247
   0329 F8                  868 	.db #0xF8	; 248
   032A F0                  869 	.db #0xF0	; 240
   032B C3                  870 	.db #0xC3	; 195
   032C F0                  871 	.db #0xF0	; 240
   032D F6                  872 	.db #0xF6	; 246
   032E FA                  873 	.db #0xFA	; 250
   032F CB                  874 	.db #0xCB	; 203
   0330 F7                  875 	.db #0xF7	; 247
   0331 FE                  876 	.db #0xFE	; 254
   0332 FA                  877 	.db #0xFA	; 250
   0333 F8                  878 	.db #0xF8	; 248
   0334 78                  879 	.db #0x78	; 120	'x'
   0335 FE                  880 	.db #0xFE	; 254
   0336 FA                  881 	.db #0xFA	; 250
   0337 94                  882 	.db #0x94	; 148
   0338 7B                  883 	.db #0x7B	; 123
   0339 F6                  884 	.db #0xF6	; 246
   033A E1                  885 	.db #0xE1	; 225
   033B 18                  886 	.db #0x18	; 24
   033C 7B                  887 	.db #0x7B	; 123
   033D E1                  888 	.db #0xE1	; 225
   033E 0F                  889 	.db #0x0F	; 15
   033F 10                  890 	.db #0x10	; 16
   0340 3C                  891 	.db #0x3C	; 60
   0341 1E                  892 	.db #0x1E	; 30
   0342 C2                  893 	.db #0xC2	; 194
   0343 61                  894 	.db #0x61	; 97	'a'
   0344 69                  895 	.db #0x69	; 105	'i'
   0345 E1                  896 	.db #0xE1	; 225
   0346 1C                  897 	.db #0x1C	; 28
   0347 87                  898 	.db #0x87	; 135
   0348 F6                  899 	.db #0xF6	; 246
   0349 0F                  900 	.db #0x0F	; 15
   034A E1                  901 	.db #0xE1	; 225
   034B 0F                  902 	.db #0x0F	; 15
   034C 7B                  903 	.db #0x7B	; 123
   034D F0                  904 	.db #0xF0	; 240
   034E ED                  905 	.db #0xED	; 237
   034F 0F                  906 	.db #0x0F	; 15
   0350 B4                  907 	.db #0xB4	; 180
   0351 F7                  908 	.db #0xF7	; 247
   0352 ED                  909 	.db #0xED	; 237
   0353 0F                  910 	.db #0x0F	; 15
   0354 1E                  911 	.db #0x1E	; 30
   0355 F0                  912 	.db #0xF0	; 240
   0356 E1                  913 	.db #0xE1	; 225
   0357 0F                  914 	.db #0x0F	; 15
   0358 1E                  915 	.db #0x1E	; 30
   0359 87                  916 	.db #0x87	; 135
   035A C3                  917 	.db #0xC3	; 195
   035B 0F                  918 	.db #0x0F	; 15
   035C 1E                  919 	.db #0x1E	; 30
   035D C3                  920 	.db #0xC3	; 195
   035E E1                  921 	.db #0xE1	; 225
   035F 0F                  922 	.db #0x0F	; 15
   0360                     923 _g_tile_13:
   0360 0F                  924 	.db #0x0F	; 15
   0361 F0                  925 	.db #0xF0	; 240
   0362 F0                  926 	.db #0xF0	; 240
   0363 C3                  927 	.db #0xC3	; 195
   0364 1E                  928 	.db #0x1E	; 30
   0365 FF                  929 	.db #0xFF	; 255
   0366 FF                  930 	.db #0xFF	; 255
   0367 ED                  931 	.db #0xED	; 237
   0368 3C                  932 	.db #0x3C	; 60
   0369 F0                  933 	.db #0xF0	; 240
   036A F1                  934 	.db #0xF1	; 241
   036B FE                  935 	.db #0xFE	; 254
   036C 3D                  936 	.db #0x3D	; 61
   036D F5                  937 	.db #0xF5	; 245
   036E F6                  938 	.db #0xF6	; 246
   036F F0                  939 	.db #0xF0	; 240
   0370 F1                  940 	.db #0xF1	; 241
   0371 F5                  941 	.db #0xF5	; 245
   0372 F7                  942 	.db #0xF7	; 247
   0373 FE                  943 	.db #0xFE	; 254
   0374 92                  944 	.db #0x92	; 146
   0375 F5                  945 	.db #0xF5	; 245
   0376 F7                  946 	.db #0xF7	; 247
   0377 E1                  947 	.db #0xE1	; 225
   0378 81                  948 	.db #0x81	; 129
   0379 78                  949 	.db #0x78	; 120	'x'
   037A F6                  950 	.db #0xF6	; 246
   037B ED                  951 	.db #0xED	; 237
   037C 80                  952 	.db #0x80	; 128
   037D 0F                  953 	.db #0x0F	; 15
   037E 78                  954 	.db #0x78	; 120	'x'
   037F ED                  955 	.db #0xED	; 237
   0380 68                  956 	.db #0x68	; 104	'h'
   0381 34                  957 	.db #0x34	; 52	'4'
   0382 87                  958 	.db #0x87	; 135
   0383 C3                  959 	.db #0xC3	; 195
   0384 1E                  960 	.db #0x1E	; 30
   0385 83                  961 	.db #0x83	; 131
   0386 78                  962 	.db #0x78	; 120	'x'
   0387 69                  963 	.db #0x69	; 105	'i'
   0388 0F                  964 	.db #0x0F	; 15
   0389 78                  965 	.db #0x78	; 120	'x'
   038A 0F                  966 	.db #0x0F	; 15
   038B F6                  967 	.db #0xF6	; 246
   038C 0F                  968 	.db #0x0F	; 15
   038D 7B                  969 	.db #0x7B	; 123
   038E F0                  970 	.db #0xF0	; 240
   038F ED                  971 	.db #0xED	; 237
   0390 0F                  972 	.db #0x0F	; 15
   0391 7B                  973 	.db #0x7B	; 123
   0392 FE                  974 	.db #0xFE	; 254
   0393 D2                  975 	.db #0xD2	; 210
   0394 0F                  976 	.db #0x0F	; 15
   0395 78                  977 	.db #0x78	; 120	'x'
   0396 F0                  978 	.db #0xF0	; 240
   0397 87                  979 	.db #0x87	; 135
   0398 0F                  980 	.db #0x0F	; 15
   0399 3C                  981 	.db #0x3C	; 60
   039A 1E                  982 	.db #0x1E	; 30
   039B 87                  983 	.db #0x87	; 135
   039C 0F                  984 	.db #0x0F	; 15
   039D 78                  985 	.db #0x78	; 120	'x'
   039E 3C                  986 	.db #0x3C	; 60
   039F 87                  987 	.db #0x87	; 135
   03A0                     988 _g_tile_14:
   03A0 1E                  989 	.db #0x1E	; 30
   03A1 F0                  990 	.db #0xF0	; 240
   03A2 F0                  991 	.db #0xF0	; 240
   03A3 87                  992 	.db #0x87	; 135
   03A4 3D                  993 	.db #0x3D	; 61
   03A5 FF                  994 	.db #0xFF	; 255
   03A6 FF                  995 	.db #0xFF	; 255
   03A7 CB                  996 	.db #0xCB	; 203
   03A8 7B                  997 	.db #0x7B	; 123
   03A9 F0                  998 	.db #0xF0	; 240
   03AA F0                  999 	.db #0xF0	; 240
   03AB ED                 1000 	.db #0xED	; 237
   03AC 78                 1001 	.db #0x78	; 120	'x'
   03AD FA                 1002 	.db #0xFA	; 250
   03AE F5                 1003 	.db #0xF5	; 245
   03AF E1                 1004 	.db #0xE1	; 225
   03B0 7B                 1005 	.db #0x7B	; 123
   03B1 FA                 1006 	.db #0xFA	; 250
   03B2 F5                 1007 	.db #0xF5	; 245
   03B3 E5                 1008 	.db #0xE5	; 229
   03B4 78                 1009 	.db #0x78	; 120	'x'
   03B5 FA                 1010 	.db #0xFA	; 250
   03B6 F4                 1011 	.db #0xF4	; 244
   03B7 F0                 1012 	.db #0xF0	; 240
   03B8 7A                 1013 	.db #0x7A	; 122	'z'
   03B9 FA                 1014 	.db #0xFA	; 250
   03BA E1                 1015 	.db #0xE1	; 225
   03BB 18                 1016 	.db #0x18	; 24
   03BC 3D                 1017 	.db #0x3D	; 61
   03BD F0                 1018 	.db #0xF0	; 240
   03BE 87                 1019 	.db #0x87	; 135
   03BF 21                 1020 	.db #0x21	; 33
   03C0 7B                 1021 	.db #0x7B	; 123
   03C1 E9                 1022 	.db #0xE9	; 233
   03C2 2D                 1023 	.db #0x2D	; 45
   03C3 43                 1024 	.db #0x43	; 67	'C'
   03C4 3C                 1025 	.db #0x3C	; 60
   03C5 87                 1026 	.db #0x87	; 135
   03C6 C2                 1027 	.db #0xC2	; 194
   03C7 87                 1028 	.db #0x87	; 135
   03C8 1E                 1029 	.db #0x1E	; 30
   03C9 B4                 1030 	.db #0xB4	; 180
   03CA 3C                 1031 	.db #0x3C	; 60
   03CB 0F                 1032 	.db #0x0F	; 15
   03CC 3D                 1033 	.db #0x3D	; 61
   03CD CB                 1034 	.db #0xCB	; 203
   03CE 7A                 1035 	.db #0x7A	; 122	'z'
   03CF 0F                 1036 	.db #0x0F	; 15
   03D0 1E                 1037 	.db #0x1E	; 30
   03D1 FC                 1038 	.db #0xFC	; 252
   03D2 F6                 1039 	.db #0xF6	; 246
   03D3 0F                 1040 	.db #0x0F	; 15
   03D4 2D                 1041 	.db #0x2D	; 45
   03D5 F0                 1042 	.db #0xF0	; 240
   03D6 F0                 1043 	.db #0xF0	; 240
   03D7 0F                 1044 	.db #0x0F	; 15
   03D8 0F                 1045 	.db #0x0F	; 15
   03D9 69                 1046 	.db #0x69	; 105	'i'
   03DA 69                 1047 	.db #0x69	; 105	'i'
   03DB 0F                 1048 	.db #0x0F	; 15
   03DC 0F                 1049 	.db #0x0F	; 15
   03DD E1                 1050 	.db #0xE1	; 225
   03DE 78                 1051 	.db #0x78	; 120	'x'
   03DF 0F                 1052 	.db #0x0F	; 15
   03E0                    1053 _g_tile_15:
   03E0 1E                 1054 	.db #0x1E	; 30
   03E1 F0                 1055 	.db #0xF0	; 240
   03E2 F0                 1056 	.db #0xF0	; 240
   03E3 87                 1057 	.db #0x87	; 135
   03E4 3D                 1058 	.db #0x3D	; 61
   03E5 FA                 1059 	.db #0xFA	; 250
   03E6 F5                 1060 	.db #0xF5	; 245
   03E7 CB                 1061 	.db #0xCB	; 203
   03E8 7A                 1062 	.db #0x7A	; 122	'z'
   03E9 F0                 1063 	.db #0xF0	; 240
   03EA F0                 1064 	.db #0xF0	; 240
   03EB E5                 1065 	.db #0xE5	; 229
   03EC 79                 1066 	.db #0x79	; 121	'y'
   03ED FF                 1067 	.db #0xFF	; 255
   03EE FF                 1068 	.db #0xFF	; 255
   03EF E9                 1069 	.db #0xE9	; 233
   03F0 7A                 1070 	.db #0x7A	; 122	'z'
   03F1 FF                 1071 	.db #0xFF	; 255
   03F2 FF                 1072 	.db #0xFF	; 255
   03F3 E5                 1073 	.db #0xE5	; 229
   03F4 79                 1074 	.db #0x79	; 121	'y'
   03F5 FF                 1075 	.db #0xFF	; 255
   03F6 FF                 1076 	.db #0xFF	; 255
   03F7 E9                 1077 	.db #0xE9	; 233
   03F8 F3                 1078 	.db #0xF3	; 243
   03F9 FF                 1079 	.db #0xFF	; 255
   03FA FF                 1080 	.db #0xFF	; 255
   03FB ED                 1081 	.db #0xED	; 237
   03FC B0                 1082 	.db #0xB0	; 176
   03FD F0                 1083 	.db #0xF0	; 240
   03FE F0                 1084 	.db #0xF0	; 240
   03FF C3                 1085 	.db #0xC3	; 195
   0400 90                 1086 	.db #0x90	; 144
   0401 FF                 1087 	.db #0xFF	; 255
   0402 FF                 1088 	.db #0xFF	; 255
   0403 87                 1089 	.db #0x87	; 135
   0404 90                 1090 	.db #0x90	; 144
   0405 FF                 1091 	.db #0xFF	; 255
   0406 FF                 1092 	.db #0xFF	; 255
   0407 87                 1093 	.db #0x87	; 135
   0408 78                 1094 	.db #0x78	; 120	'x'
   0409 FB                 1095 	.db #0xFB	; 251
   040A FD                 1096 	.db #0xFD	; 253
   040B C3                 1097 	.db #0xC3	; 195
   040C 1E                 1098 	.db #0x1E	; 30
   040D F3                 1099 	.db #0xF3	; 243
   040E FC                 1100 	.db #0xFC	; 252
   040F ED                 1101 	.db #0xED	; 237
   0410 0F                 1102 	.db #0x0F	; 15
   0411 7B                 1103 	.db #0x7B	; 123
   0412 FC                 1104 	.db #0xFC	; 252
   0413 CB                 1105 	.db #0xCB	; 203
   0414 0F                 1106 	.db #0x0F	; 15
   0415 7A                 1107 	.db #0x7A	; 122	'z'
   0416 E5                 1108 	.db #0xE5	; 229
   0417 A5                 1109 	.db #0xA5	; 165
   0418 0F                 1110 	.db #0x0F	; 15
   0419 69                 1111 	.db #0x69	; 105	'i'
   041A 69                 1112 	.db #0x69	; 105	'i'
   041B 0F                 1113 	.db #0x0F	; 15
   041C 0F                 1114 	.db #0x0F	; 15
   041D E1                 1115 	.db #0xE1	; 225
   041E 78                 1116 	.db #0x78	; 120	'x'
   041F 0F                 1117 	.db #0x0F	; 15
                           1118 	.area _INITIALIZER
                           1119 	.area _CABS (ABS)
