                              1 ;--------------------------------------------------------
                              2 ; File Created by SDCC : free open source ANSI-C Compiler
                              3 ; Version 3.5.0 #9253 (Sep 23 2015) (CYGWIN)
                              4 ; This file was generated Fri Oct 23 22:07:51 2015
                              5 ;--------------------------------------------------------
                              6 	.module tilesetMapa
                              7 	.optsdcc -mz80
                              8 	
                              9 ;--------------------------------------------------------
                             10 ; Public variables in this module
                             11 ;--------------------------------------------------------
                             12 	.globl _columna
                             13 	.globl _puertaIz2
                             14 	.globl _puertaIz1
                             15 	.globl _puertaDer2
                             16 	.globl _puertaDer1
                             17 	.globl _puerta2
                             18 	.globl _puerta1
                             19 	.globl _pared
                             20 ;--------------------------------------------------------
                             21 ; special function registers
                             22 ;--------------------------------------------------------
                             23 ;--------------------------------------------------------
                             24 ; ram data
                             25 ;--------------------------------------------------------
                             26 	.area _DATA
                             27 ;--------------------------------------------------------
                             28 ; ram data
                             29 ;--------------------------------------------------------
                             30 	.area _INITIALIZED
                             31 ;--------------------------------------------------------
                             32 ; absolute external ram data
                             33 ;--------------------------------------------------------
                             34 	.area _DABS (ABS)
                             35 ;--------------------------------------------------------
                             36 ; global & static initialisations
                             37 ;--------------------------------------------------------
                             38 	.area _HOME
                             39 	.area _GSINIT
                             40 	.area _GSFINAL
                             41 	.area _GSINIT
                             42 ;--------------------------------------------------------
                             43 ; Home
                             44 ;--------------------------------------------------------
                             45 	.area _HOME
                             46 	.area _HOME
                             47 ;--------------------------------------------------------
                             48 ; code
                             49 ;--------------------------------------------------------
                             50 	.area _CODE
                             51 	.area _CODE
   0000                      52 _pared:
   0000 FE                   53 	.db #0xFE	; 254
   0001 B7                   54 	.db #0xB7	; 183
   0002 FE                   55 	.db #0xFE	; 254
   0003 B7                   56 	.db #0xB7	; 183
   0004 FE                   57 	.db #0xFE	; 254
   0005 B7                   58 	.db #0xB7	; 183
   0006 FE                   59 	.db #0xFE	; 254
   0007 B7                   60 	.db #0xB7	; 183
   0008 1E                   61 	.db #0x1E	; 30
   0009 87                   62 	.db #0x87	; 135
   000A 1E                   63 	.db #0x1E	; 30
   000B 87                   64 	.db #0x87	; 135
   000C F0                   65 	.db #0xF0	; 240
   000D F0                   66 	.db #0xF0	; 240
   000E F0                   67 	.db #0xF0	; 240
   000F F0                   68 	.db #0xF0	; 240
   0010 B7                   69 	.db #0xB7	; 183
   0011 FE                   70 	.db #0xFE	; 254
   0012 B7                   71 	.db #0xB7	; 183
   0013 FE                   72 	.db #0xFE	; 254
   0014 B7                   73 	.db #0xB7	; 183
   0015 FE                   74 	.db #0xFE	; 254
   0016 B7                   75 	.db #0xB7	; 183
   0017 FE                   76 	.db #0xFE	; 254
   0018 87                   77 	.db #0x87	; 135
   0019 1E                   78 	.db #0x1E	; 30
   001A 87                   79 	.db #0x87	; 135
   001B 1E                   80 	.db #0x1E	; 30
   001C F0                   81 	.db #0xF0	; 240
   001D F0                   82 	.db #0xF0	; 240
   001E F0                   83 	.db #0xF0	; 240
   001F F0                   84 	.db #0xF0	; 240
   0020 FE                   85 	.db #0xFE	; 254
   0021 B7                   86 	.db #0xB7	; 183
   0022 FE                   87 	.db #0xFE	; 254
   0023 B7                   88 	.db #0xB7	; 183
   0024 FE                   89 	.db #0xFE	; 254
   0025 B7                   90 	.db #0xB7	; 183
   0026 FE                   91 	.db #0xFE	; 254
   0027 B7                   92 	.db #0xB7	; 183
   0028 1E                   93 	.db #0x1E	; 30
   0029 87                   94 	.db #0x87	; 135
   002A 1E                   95 	.db #0x1E	; 30
   002B 87                   96 	.db #0x87	; 135
   002C F0                   97 	.db #0xF0	; 240
   002D F0                   98 	.db #0xF0	; 240
   002E F0                   99 	.db #0xF0	; 240
   002F F0                  100 	.db #0xF0	; 240
   0030 B7                  101 	.db #0xB7	; 183
   0031 FE                  102 	.db #0xFE	; 254
   0032 B7                  103 	.db #0xB7	; 183
   0033 FE                  104 	.db #0xFE	; 254
   0034 B7                  105 	.db #0xB7	; 183
   0035 FE                  106 	.db #0xFE	; 254
   0036 B7                  107 	.db #0xB7	; 183
   0037 FE                  108 	.db #0xFE	; 254
   0038 87                  109 	.db #0x87	; 135
   0039 1E                  110 	.db #0x1E	; 30
   003A 87                  111 	.db #0x87	; 135
   003B 1E                  112 	.db #0x1E	; 30
   003C F0                  113 	.db #0xF0	; 240
   003D F0                  114 	.db #0xF0	; 240
   003E F0                  115 	.db #0xF0	; 240
   003F F0                  116 	.db #0xF0	; 240
   0040                     117 _puerta1:
   0040 F0                  118 	.db #0xF0	; 240
   0041 F7                  119 	.db #0xF7	; 247
   0042 FF                  120 	.db #0xFF	; 255
   0043 FF                  121 	.db #0xFF	; 255
   0044 F3                  122 	.db #0xF3	; 243
   0045 FF                  123 	.db #0xFF	; 255
   0046 F0                  124 	.db #0xF0	; 240
   0047 F0                  125 	.db #0xF0	; 240
   0048 F7                  126 	.db #0xF7	; 247
   0049 FC                  127 	.db #0xFC	; 252
   004A F0                  128 	.db #0xF0	; 240
   004B 96                  129 	.db #0x96	; 150
   004C F7                  130 	.db #0xF7	; 247
   004D E9                  131 	.db #0xE9	; 233
   004E 96                  132 	.db #0x96	; 150
   004F 1E                  133 	.db #0x1E	; 30
   0050 F7                  134 	.db #0xF7	; 247
   0051 C3                  135 	.db #0xC3	; 195
   0052 96                  136 	.db #0x96	; 150
   0053 1E                  137 	.db #0x1E	; 30
   0054 F7                  138 	.db #0xF7	; 247
   0055 C3                  139 	.db #0xC3	; 195
   0056 96                  140 	.db #0x96	; 150
   0057 1E                  141 	.db #0x1E	; 30
   0058 F7                  142 	.db #0xF7	; 247
   0059 C3                  143 	.db #0xC3	; 195
   005A 96                  144 	.db #0x96	; 150
   005B 1E                  145 	.db #0x1E	; 30
   005C F7                  146 	.db #0xF7	; 247
   005D F0                  147 	.db #0xF0	; 240
   005E F0                  148 	.db #0xF0	; 240
   005F F0                  149 	.db #0xF0	; 240
   0060 F7                  150 	.db #0xF7	; 247
   0061 F3                  151 	.db #0xF3	; 243
   0062 FF                  152 	.db #0xFF	; 255
   0063 FE                  153 	.db #0xFE	; 254
   0064 F7                  154 	.db #0xF7	; 247
   0065 D3                  155 	.db #0xD3	; 211
   0066 FF                  156 	.db #0xFF	; 255
   0067 FE                  157 	.db #0xFE	; 254
   0068 F7                  158 	.db #0xF7	; 247
   0069 D3                  159 	.db #0xD3	; 211
   006A FF                  160 	.db #0xFF	; 255
   006B F2                  161 	.db #0xF2	; 242
   006C F7                  162 	.db #0xF7	; 247
   006D D3                  163 	.db #0xD3	; 211
   006E FF                  164 	.db #0xFF	; 255
   006F F6                  165 	.db #0xF6	; 246
   0070 F7                  166 	.db #0xF7	; 247
   0071 D3                  167 	.db #0xD3	; 211
   0072 FF                  168 	.db #0xFF	; 255
   0073 FE                  169 	.db #0xFE	; 254
   0074 F7                  170 	.db #0xF7	; 247
   0075 C3                  171 	.db #0xC3	; 195
   0076 7F                  172 	.db #0x7F	; 127
   0077 FE                  173 	.db #0xFE	; 254
   0078 F7                  174 	.db #0xF7	; 247
   0079 C3                  175 	.db #0xC3	; 195
   007A 0F                  176 	.db #0x0F	; 15
   007B FE                  177 	.db #0xFE	; 254
   007C F7                  178 	.db #0xF7	; 247
   007D F0                  179 	.db #0xF0	; 240
   007E F0                  180 	.db #0xF0	; 240
   007F F0                  181 	.db #0xF0	; 240
   0080                     182 _puerta2:
   0080 FF                  183 	.db #0xFF	; 255
   0081 FF                  184 	.db #0xFF	; 255
   0082 FE                  185 	.db #0xFE	; 254
   0083 F0                  186 	.db #0xF0	; 240
   0084 F0                  187 	.db #0xF0	; 240
   0085 F0                  188 	.db #0xF0	; 240
   0086 FF                  189 	.db #0xFF	; 255
   0087 FC                  190 	.db #0xFC	; 252
   0088 96                  191 	.db #0x96	; 150
   0089 F0                  192 	.db #0xF0	; 240
   008A F3                  193 	.db #0xF3	; 243
   008B FE                  194 	.db #0xFE	; 254
   008C 87                  195 	.db #0x87	; 135
   008D 96                  196 	.db #0x96	; 150
   008E 79                  197 	.db #0x79	; 121	'y'
   008F FE                  198 	.db #0xFE	; 254
   0090 87                  199 	.db #0x87	; 135
   0091 96                  200 	.db #0x96	; 150
   0092 3C                  201 	.db #0x3C	; 60
   0093 FE                  202 	.db #0xFE	; 254
   0094 87                  203 	.db #0x87	; 135
   0095 96                  204 	.db #0x96	; 150
   0096 3C                  205 	.db #0x3C	; 60
   0097 FE                  206 	.db #0xFE	; 254
   0098 87                  207 	.db #0x87	; 135
   0099 96                  208 	.db #0x96	; 150
   009A 3C                  209 	.db #0x3C	; 60
   009B FE                  210 	.db #0xFE	; 254
   009C F0                  211 	.db #0xF0	; 240
   009D F0                  212 	.db #0xF0	; 240
   009E F0                  213 	.db #0xF0	; 240
   009F FE                  214 	.db #0xFE	; 254
   00A0 F7                  215 	.db #0xF7	; 247
   00A1 CF                  216 	.db #0xCF	; 207
   00A2 3C                  217 	.db #0x3C	; 60
   00A3 FE                  218 	.db #0xFE	; 254
   00A4 F7                  219 	.db #0xF7	; 247
   00A5 FF                  220 	.db #0xFF	; 255
   00A6 3C                  221 	.db #0x3C	; 60
   00A7 FE                  222 	.db #0xFE	; 254
   00A8 F4                  223 	.db #0xF4	; 244
   00A9 FF                  224 	.db #0xFF	; 255
   00AA 3C                  225 	.db #0x3C	; 60
   00AB FE                  226 	.db #0xFE	; 254
   00AC F6                  227 	.db #0xF6	; 246
   00AD FF                  228 	.db #0xFF	; 255
   00AE BC                  229 	.db #0xBC	; 188
   00AF FE                  230 	.db #0xFE	; 254
   00B0 F7                  231 	.db #0xF7	; 247
   00B1 FF                  232 	.db #0xFF	; 255
   00B2 BC                  233 	.db #0xBC	; 188
   00B3 FE                  234 	.db #0xFE	; 254
   00B4 F7                  235 	.db #0xF7	; 247
   00B5 FF                  236 	.db #0xFF	; 255
   00B6 BC                  237 	.db #0xBC	; 188
   00B7 FE                  238 	.db #0xFE	; 254
   00B8 F7                  239 	.db #0xF7	; 247
   00B9 FF                  240 	.db #0xFF	; 255
   00BA BC                  241 	.db #0xBC	; 188
   00BB FE                  242 	.db #0xFE	; 254
   00BC F0                  243 	.db #0xF0	; 240
   00BD F0                  244 	.db #0xF0	; 240
   00BE F0                  245 	.db #0xF0	; 240
   00BF FE                  246 	.db #0xFE	; 254
   00C0                     247 _puertaDer1:
   00C0 F0                  248 	.db #0xF0	; 240
   00C1 F0                  249 	.db #0xF0	; 240
   00C2 F0                  250 	.db #0xF0	; 240
   00C3 F0                  251 	.db #0xF0	; 240
   00C4 FF                  252 	.db #0xFF	; 255
   00C5 FF                  253 	.db #0xFF	; 255
   00C6 FF                  254 	.db #0xFF	; 255
   00C7 FC                  255 	.db #0xFC	; 252
   00C8 FF                  256 	.db #0xFF	; 255
   00C9 FF                  257 	.db #0xFF	; 255
   00CA FF                  258 	.db #0xFF	; 255
   00CB FE                  259 	.db #0xFE	; 254
   00CC FF                  260 	.db #0xFF	; 255
   00CD FF                  261 	.db #0xFF	; 255
   00CE FF                  262 	.db #0xFF	; 255
   00CF FE                  263 	.db #0xFE	; 254
   00D0 F0                  264 	.db #0xF0	; 240
   00D1 F0                  265 	.db #0xF0	; 240
   00D2 F0                  266 	.db #0xF0	; 240
   00D3 FE                  267 	.db #0xFE	; 254
   00D4 F0                  268 	.db #0xF0	; 240
   00D5 F0                  269 	.db #0xF0	; 240
   00D6 F0                  270 	.db #0xF0	; 240
   00D7 F7                  271 	.db #0xF7	; 247
   00D8 87                  272 	.db #0x87	; 135
   00D9 1F                  273 	.db #0x1F	; 31
   00DA 87                  274 	.db #0x87	; 135
   00DB F3                  275 	.db #0xF3	; 243
   00DC 97                  276 	.db #0x97	; 151
   00DD FF                  277 	.db #0xFF	; 255
   00DE 87                  278 	.db #0x87	; 135
   00DF 7B                  279 	.db #0x7B	; 123
   00E0 97                  280 	.db #0x97	; 151
   00E1 FF                  281 	.db #0xFF	; 255
   00E2 F0                  282 	.db #0xF0	; 240
   00E3 F1                  283 	.db #0xF1	; 241
   00E4 B7                  284 	.db #0xB7	; 183
   00E5 FF                  285 	.db #0xFF	; 255
   00E6 87                  286 	.db #0x87	; 135
   00E7 79                  287 	.db #0x79	; 121	'y'
   00E8 B7                  288 	.db #0xB7	; 183
   00E9 FF                  289 	.db #0xFF	; 255
   00EA 87                  290 	.db #0x87	; 135
   00EB 79                  291 	.db #0x79	; 121	'y'
   00EC B7                  292 	.db #0xB7	; 183
   00ED FF                  293 	.db #0xFF	; 255
   00EE F0                  294 	.db #0xF0	; 240
   00EF F1                  295 	.db #0xF1	; 241
   00F0 F7                  296 	.db #0xF7	; 247
   00F1 F3                  297 	.db #0xF3	; 243
   00F2 87                  298 	.db #0x87	; 135
   00F3 79                  299 	.db #0x79	; 121	'y'
   00F4 F7                  300 	.db #0xF7	; 247
   00F5 FB                  301 	.db #0xFB	; 251
   00F6 87                  302 	.db #0x87	; 135
   00F7 3D                  303 	.db #0x3D	; 61
   00F8 F7                  304 	.db #0xF7	; 247
   00F9 FF                  305 	.db #0xFF	; 255
   00FA 87                  306 	.db #0x87	; 135
   00FB 3D                  307 	.db #0x3D	; 61
   00FC F0                  308 	.db #0xF0	; 240
   00FD F0                  309 	.db #0xF0	; 240
   00FE F0                  310 	.db #0xF0	; 240
   00FF F1                  311 	.db #0xF1	; 241
   0100                     312 _puertaDer2:
   0100 F0                  313 	.db #0xF0	; 240
   0101 F0                  314 	.db #0xF0	; 240
   0102 F0                  315 	.db #0xF0	; 240
   0103 F1                  316 	.db #0xF1	; 241
   0104 F7                  317 	.db #0xF7	; 247
   0105 FF                  318 	.db #0xFF	; 255
   0106 87                  319 	.db #0x87	; 135
   0107 3D                  320 	.db #0x3D	; 61
   0108 F7                  321 	.db #0xF7	; 247
   0109 FB                  322 	.db #0xFB	; 251
   010A 87                  323 	.db #0x87	; 135
   010B 3D                  324 	.db #0x3D	; 61
   010C F7                  325 	.db #0xF7	; 247
   010D F3                  326 	.db #0xF3	; 243
   010E 87                  327 	.db #0x87	; 135
   010F 79                  328 	.db #0x79	; 121	'y'
   0110 F7                  329 	.db #0xF7	; 247
   0111 FF                  330 	.db #0xFF	; 255
   0112 F0                  331 	.db #0xF0	; 240
   0113 F1                  332 	.db #0xF1	; 241
   0114 F7                  333 	.db #0xF7	; 247
   0115 FF                  334 	.db #0xFF	; 255
   0116 87                  335 	.db #0x87	; 135
   0117 79                  336 	.db #0x79	; 121	'y'
   0118 F7                  337 	.db #0xF7	; 247
   0119 EF                  338 	.db #0xEF	; 239
   011A 87                  339 	.db #0x87	; 135
   011B 79                  340 	.db #0x79	; 121	'y'
   011C F7                  341 	.db #0xF7	; 247
   011D EF                  342 	.db #0xEF	; 239
   011E F0                  343 	.db #0xF0	; 240
   011F F1                  344 	.db #0xF1	; 241
   0120 F7                  345 	.db #0xF7	; 247
   0121 8F                  346 	.db #0x8F	; 143
   0122 87                  347 	.db #0x87	; 135
   0123 7B                  348 	.db #0x7B	; 123
   0124 87                  349 	.db #0x87	; 135
   0125 0F                  350 	.db #0x0F	; 15
   0126 87                  351 	.db #0x87	; 135
   0127 F3                  352 	.db #0xF3	; 243
   0128 F0                  353 	.db #0xF0	; 240
   0129 F0                  354 	.db #0xF0	; 240
   012A F0                  355 	.db #0xF0	; 240
   012B F7                  356 	.db #0xF7	; 247
   012C F0                  357 	.db #0xF0	; 240
   012D F0                  358 	.db #0xF0	; 240
   012E F0                  359 	.db #0xF0	; 240
   012F FE                  360 	.db #0xFE	; 254
   0130 FF                  361 	.db #0xFF	; 255
   0131 FF                  362 	.db #0xFF	; 255
   0132 FF                  363 	.db #0xFF	; 255
   0133 FE                  364 	.db #0xFE	; 254
   0134 FF                  365 	.db #0xFF	; 255
   0135 FF                  366 	.db #0xFF	; 255
   0136 FF                  367 	.db #0xFF	; 255
   0137 FE                  368 	.db #0xFE	; 254
   0138 FF                  369 	.db #0xFF	; 255
   0139 FF                  370 	.db #0xFF	; 255
   013A FF                  371 	.db #0xFF	; 255
   013B FC                  372 	.db #0xFC	; 252
   013C F0                  373 	.db #0xF0	; 240
   013D F0                  374 	.db #0xF0	; 240
   013E F0                  375 	.db #0xF0	; 240
   013F F0                  376 	.db #0xF0	; 240
   0140                     377 _puertaIz1:
   0140 F8                  378 	.db #0xF8	; 248
   0141 F0                  379 	.db #0xF0	; 240
   0142 F0                  380 	.db #0xF0	; 240
   0143 F0                  381 	.db #0xF0	; 240
   0144 CB                  382 	.db #0xCB	; 203
   0145 1E                  383 	.db #0x1E	; 30
   0146 FF                  384 	.db #0xFF	; 255
   0147 FE                  385 	.db #0xFE	; 254
   0148 CB                  386 	.db #0xCB	; 203
   0149 1E                  387 	.db #0x1E	; 30
   014A FD                  388 	.db #0xFD	; 253
   014B FE                  389 	.db #0xFE	; 254
   014C E9                  390 	.db #0xE9	; 233
   014D 1E                  391 	.db #0x1E	; 30
   014E FC                  392 	.db #0xFC	; 252
   014F FE                  393 	.db #0xFE	; 254
   0150 F8                  394 	.db #0xF8	; 248
   0151 F0                  395 	.db #0xF0	; 240
   0152 FF                  396 	.db #0xFF	; 255
   0153 DE                  397 	.db #0xDE	; 222
   0154 E9                  398 	.db #0xE9	; 233
   0155 1E                  399 	.db #0x1E	; 30
   0156 FF                  400 	.db #0xFF	; 255
   0157 DE                  401 	.db #0xDE	; 222
   0158 E9                  402 	.db #0xE9	; 233
   0159 1E                  403 	.db #0x1E	; 30
   015A FF                  404 	.db #0xFF	; 255
   015B DE                  405 	.db #0xDE	; 222
   015C F8                  406 	.db #0xF8	; 248
   015D F0                  407 	.db #0xF0	; 240
   015E FF                  408 	.db #0xFF	; 255
   015F 9E                  409 	.db #0x9E	; 158
   0160 ED                  410 	.db #0xED	; 237
   0161 1E                  411 	.db #0x1E	; 30
   0162 FF                  412 	.db #0xFF	; 255
   0163 9E                  413 	.db #0x9E	; 158
   0164 FC                  414 	.db #0xFC	; 252
   0165 1E                  415 	.db #0x1E	; 30
   0166 8F                  416 	.db #0x8F	; 143
   0167 1E                  417 	.db #0x1E	; 30
   0168 FE                  418 	.db #0xFE	; 254
   0169 F0                  419 	.db #0xF0	; 240
   016A F0                  420 	.db #0xF0	; 240
   016B F0                  421 	.db #0xF0	; 240
   016C F7                  422 	.db #0xF7	; 247
   016D F0                  423 	.db #0xF0	; 240
   016E F0                  424 	.db #0xF0	; 240
   016F F0                  425 	.db #0xF0	; 240
   0170 F7                  426 	.db #0xF7	; 247
   0171 FF                  427 	.db #0xFF	; 255
   0172 FF                  428 	.db #0xFF	; 255
   0173 FF                  429 	.db #0xFF	; 255
   0174 F7                  430 	.db #0xF7	; 247
   0175 FF                  431 	.db #0xFF	; 255
   0176 FF                  432 	.db #0xFF	; 255
   0177 FF                  433 	.db #0xFF	; 255
   0178 F3                  434 	.db #0xF3	; 243
   0179 FF                  435 	.db #0xFF	; 255
   017A FF                  436 	.db #0xFF	; 255
   017B FF                  437 	.db #0xFF	; 255
   017C F0                  438 	.db #0xF0	; 240
   017D F0                  439 	.db #0xF0	; 240
   017E F0                  440 	.db #0xF0	; 240
   017F F0                  441 	.db #0xF0	; 240
   0180                     442 _puertaIz2:
   0180 F0                  443 	.db #0xF0	; 240
   0181 F0                  444 	.db #0xF0	; 240
   0182 F0                  445 	.db #0xF0	; 240
   0183 F0                  446 	.db #0xF0	; 240
   0184 F3                  447 	.db #0xF3	; 243
   0185 FF                  448 	.db #0xFF	; 255
   0186 FF                  449 	.db #0xFF	; 255
   0187 FF                  450 	.db #0xFF	; 255
   0188 F7                  451 	.db #0xF7	; 247
   0189 FF                  452 	.db #0xFF	; 255
   018A FF                  453 	.db #0xFF	; 255
   018B FF                  454 	.db #0xFF	; 255
   018C F7                  455 	.db #0xF7	; 247
   018D FF                  456 	.db #0xFF	; 255
   018E FF                  457 	.db #0xFF	; 255
   018F FF                  458 	.db #0xFF	; 255
   0190 F7                  459 	.db #0xF7	; 247
   0191 F0                  460 	.db #0xF0	; 240
   0192 F0                  461 	.db #0xF0	; 240
   0193 F0                  462 	.db #0xF0	; 240
   0194 FE                  463 	.db #0xFE	; 254
   0195 F0                  464 	.db #0xF0	; 240
   0196 F0                  465 	.db #0xF0	; 240
   0197 F0                  466 	.db #0xF0	; 240
   0198 FC                  467 	.db #0xFC	; 252
   0199 1E                  468 	.db #0x1E	; 30
   019A 0F                  469 	.db #0x0F	; 15
   019B 1E                  470 	.db #0x1E	; 30
   019C ED                  471 	.db #0xED	; 237
   019D 1E                  472 	.db #0x1E	; 30
   019E 1F                  473 	.db #0x1F	; 31
   019F FE                  474 	.db #0xFE	; 254
   01A0 F8                  475 	.db #0xF8	; 248
   01A1 F0                  476 	.db #0xF0	; 240
   01A2 7F                  477 	.db #0x7F	; 127
   01A3 FE                  478 	.db #0xFE	; 254
   01A4 E9                  479 	.db #0xE9	; 233
   01A5 1E                  480 	.db #0x1E	; 30
   01A6 7F                  481 	.db #0x7F	; 127
   01A7 FE                  482 	.db #0xFE	; 254
   01A8 E9                  483 	.db #0xE9	; 233
   01A9 1E                  484 	.db #0x1E	; 30
   01AA FF                  485 	.db #0xFF	; 255
   01AB FE                  486 	.db #0xFE	; 254
   01AC F8                  487 	.db #0xF8	; 248
   01AD F0                  488 	.db #0xF0	; 240
   01AE FF                  489 	.db #0xFF	; 255
   01AF FE                  490 	.db #0xFE	; 254
   01B0 E9                  491 	.db #0xE9	; 233
   01B1 1E                  492 	.db #0x1E	; 30
   01B2 FC                  493 	.db #0xFC	; 252
   01B3 FE                  494 	.db #0xFE	; 254
   01B4 CB                  495 	.db #0xCB	; 203
   01B5 1E                  496 	.db #0x1E	; 30
   01B6 FD                  497 	.db #0xFD	; 253
   01B7 FE                  498 	.db #0xFE	; 254
   01B8 CB                  499 	.db #0xCB	; 203
   01B9 1E                  500 	.db #0x1E	; 30
   01BA FF                  501 	.db #0xFF	; 255
   01BB FE                  502 	.db #0xFE	; 254
   01BC F8                  503 	.db #0xF8	; 248
   01BD F0                  504 	.db #0xF0	; 240
   01BE F0                  505 	.db #0xF0	; 240
   01BF F0                  506 	.db #0xF0	; 240
   01C0                     507 _columna:
   01C0 0F                  508 	.db #0x0F	; 15
   01C1 F0                  509 	.db #0xF0	; 240
   01C2 F0                  510 	.db #0xF0	; 240
   01C3 0F                  511 	.db #0x0F	; 15
   01C4 3C                  512 	.db #0x3C	; 60
   01C5 F7                  513 	.db #0xF7	; 247
   01C6 FE                  514 	.db #0xFE	; 254
   01C7 C3                  515 	.db #0xC3	; 195
   01C8 79                  516 	.db #0x79	; 121	'y'
   01C9 FF                  517 	.db #0xFF	; 255
   01CA FF                  518 	.db #0xFF	; 255
   01CB E9                  519 	.db #0xE9	; 233
   01CC 79                  520 	.db #0x79	; 121	'y'
   01CD FF                  521 	.db #0xFF	; 255
   01CE FF                  522 	.db #0xFF	; 255
   01CF E9                  523 	.db #0xE9	; 233
   01D0 78                  524 	.db #0x78	; 120	'x'
   01D1 FF                  525 	.db #0xFF	; 255
   01D2 FF                  526 	.db #0xFF	; 255
   01D3 E1                  527 	.db #0xE1	; 225
   01D4 7A                  528 	.db #0x7A	; 122	'z'
   01D5 F0                  529 	.db #0xF0	; 240
   01D6 F0                  530 	.db #0xF0	; 240
   01D7 E5                  531 	.db #0xE5	; 229
   01D8 7B                  532 	.db #0x7B	; 123
   01D9 F1                  533 	.db #0xF1	; 241
   01DA F8                  534 	.db #0xF8	; 248
   01DB ED                  535 	.db #0xED	; 237
   01DC 79                  536 	.db #0x79	; 121	'y'
   01DD F3                  537 	.db #0xF3	; 243
   01DE FC                  538 	.db #0xFC	; 252
   01DF E9                  539 	.db #0xE9	; 233
   01E0 7B                  540 	.db #0x7B	; 123
   01E1 F7                  541 	.db #0xF7	; 247
   01E2 FE                  542 	.db #0xFE	; 254
   01E3 ED                  543 	.db #0xED	; 237
   01E4 7B                  544 	.db #0x7B	; 123
   01E5 F6                  545 	.db #0xF6	; 246
   01E6 FE                  546 	.db #0xFE	; 254
   01E7 ED                  547 	.db #0xED	; 237
   01E8 7B                  548 	.db #0x7B	; 123
   01E9 F7                  549 	.db #0xF7	; 247
   01EA FE                  550 	.db #0xFE	; 254
   01EB ED                  551 	.db #0xED	; 237
   01EC 79                  552 	.db #0x79	; 121	'y'
   01ED F7                  553 	.db #0xF7	; 247
   01EE FC                  554 	.db #0xFC	; 252
   01EF E9                  555 	.db #0xE9	; 233
   01F0 7B                  556 	.db #0x7B	; 123
   01F1 F3                  557 	.db #0xF3	; 243
   01F2 FE                  558 	.db #0xFE	; 254
   01F3 ED                  559 	.db #0xED	; 237
   01F4 79                  560 	.db #0x79	; 121	'y'
   01F5 F7                  561 	.db #0xF7	; 247
   01F6 F6                  562 	.db #0xF6	; 246
   01F7 E9                  563 	.db #0xE9	; 233
   01F8 3C                  564 	.db #0x3C	; 60
   01F9 F3                  565 	.db #0xF3	; 243
   01FA FC                  566 	.db #0xFC	; 252
   01FB C3                  567 	.db #0xC3	; 195
   01FC 0F                  568 	.db #0x0F	; 15
   01FD F0                  569 	.db #0xF0	; 240
   01FE F0                  570 	.db #0xF0	; 240
   01FF 0F                  571 	.db #0x0F	; 15
                            572 	.area _INITIALIZER
                            573 	.area _CABS (ABS)
