                              1 ;--------------------------------------------------------
                              2 ; File Created by SDCC : free open source ANSI-C Compiler
                              3 ; Version 3.5.0 #9253 (Sep 23 2015) (CYGWIN)
                              4 ; This file was generated Fri Oct 23 22:07:32 2015
                              5 ;--------------------------------------------------------
                              6 	.module Mapa
                              7 	.optsdcc -mz80
                              8 	
                              9 ;--------------------------------------------------------
                             10 ; Public variables in this module
                             11 ;--------------------------------------------------------
                             12 	.globl _cpct_getScreenPtr
                             13 	.globl _cpct_drawSprite
                             14 	.globl _cpct_px2byteM1
                             15 	.globl _cpct_memset
                             16 	.globl _mapas
                             17 	.globl _pintarEscenario
                             18 ;--------------------------------------------------------
                             19 ; special function registers
                             20 ;--------------------------------------------------------
                             21 ;--------------------------------------------------------
                             22 ; ram data
                             23 ;--------------------------------------------------------
                             24 	.area _DATA
                             25 ;--------------------------------------------------------
                             26 ; ram data
                             27 ;--------------------------------------------------------
                             28 	.area _INITIALIZED
                             29 ;--------------------------------------------------------
                             30 ; absolute external ram data
                             31 ;--------------------------------------------------------
                             32 	.area _DABS (ABS)
                             33 ;--------------------------------------------------------
                             34 ; global & static initialisations
                             35 ;--------------------------------------------------------
                             36 	.area _HOME
                             37 	.area _GSINIT
                             38 	.area _GSFINAL
                             39 	.area _GSINIT
                             40 ;--------------------------------------------------------
                             41 ; Home
                             42 ;--------------------------------------------------------
                             43 	.area _HOME
                             44 	.area _HOME
                             45 ;--------------------------------------------------------
                             46 ; code
                             47 ;--------------------------------------------------------
                             48 	.area _CODE
                             49 ;src/Mapa.c:178: void pintarEscenario(u8 sala){
                             50 ;	---------------------------------
                             51 ; Function pintarEscenario
                             52 ; ---------------------------------
   0000                      53 _pintarEscenario::
   0000 DD E5         [15]   54 	push	ix
   0002 DD 21 00 00   [14]   55 	ld	ix,#0
   0006 DD 39         [15]   56 	add	ix,sp
   0008 21 FA FF      [10]   57 	ld	hl,#-6
   000B 39            [11]   58 	add	hl,sp
   000C F9            [ 6]   59 	ld	sp,hl
                             60 ;src/Mapa.c:180: u8 const * tile=0;//u8 const * tile=NULL;
   000D DD 36 FC 00   [19]   61 	ld	-4 (ix),#0x00
   0011 DD 36 FD 00   [19]   62 	ld	-3 (ix),#0x00
                             63 ;src/Mapa.c:182: cpct_clearScreen(cpct_px2byteM1(2,2,2,2));
   0015 21 02 02      [10]   64 	ld	hl,#0x0202
   0018 E5            [11]   65 	push	hl
   0019 2E 02         [ 7]   66 	ld	l, #0x02
   001B E5            [11]   67 	push	hl
   001C CDr00r00      [17]   68 	call	_cpct_px2byteM1
   001F F1            [10]   69 	pop	af
   0020 F1            [10]   70 	pop	af
   0021 65            [ 4]   71 	ld	h,l
   0022 01 00 40      [10]   72 	ld	bc,#0x4000
   0025 C5            [11]   73 	push	bc
   0026 E5            [11]   74 	push	hl
   0027 33            [ 6]   75 	inc	sp
   0028 21 00 C0      [10]   76 	ld	hl,#0xC000
   002B E5            [11]   77 	push	hl
   002C CDr00r00      [17]   78 	call	_cpct_memset
                             79 ;src/Mapa.c:183: for(a=0;a<12;a++){
   002F 1E 00         [ 7]   80 	ld	e,#0x00
   0031 0E 00         [ 7]   81 	ld	c,#0x00
                             82 ;src/Mapa.c:184: for(b=0;b<20;b++){
   0033                      83 00120$:
   0033 7B            [ 4]   84 	ld	a,e
   0034 07            [ 4]   85 	rlca
   0035 07            [ 4]   86 	rlca
   0036 07            [ 4]   87 	rlca
   0037 07            [ 4]   88 	rlca
   0038 E6 F0         [ 7]   89 	and	a,#0xF0
   003A DD 77 FF      [19]   90 	ld	-1 (ix),a
   003D 16 00         [ 7]   91 	ld	d,#0x00
   003F                      92 00114$:
                             93 ;src/Mapa.c:185: switch(mapas[sala].posiciones[a][b]){
   003F DD 66 04      [19]   94 	ld	h,4 (ix)
   0042 3E 00         [ 7]   95 	ld	a, #0x00
   0044 C6r2E         [ 7]   96 	add	a, #<(_mapas)
   0046 6F            [ 4]   97 	ld	l,a
   0047 7C            [ 4]   98 	ld	a,h
   0048 CEs01         [ 7]   99 	adc	a, #>(_mapas)
   004A 67            [ 4]  100 	ld	h,a
   004B 06 00         [ 7]  101 	ld	b,#0x00
   004D 09            [11]  102 	add	hl, bc
   004E 7D            [ 4]  103 	ld	a,l
   004F 82            [ 4]  104 	add	a, d
   0050 6F            [ 4]  105 	ld	l,a
   0051 7C            [ 4]  106 	ld	a,h
   0052 CE 00         [ 7]  107 	adc	a, #0x00
   0054 67            [ 4]  108 	ld	h,a
   0055 7E            [ 7]  109 	ld	a,(hl)
   0056 DD 77 FE      [19]  110 	ld	-2 (ix),a
   0059 3E 08         [ 7]  111 	ld	a,#0x08
   005B DD 96 FE      [19]  112 	sub	a, -2 (ix)
   005E 38 7A         [12]  113 	jr	C,00110$
   0060 D5            [11]  114 	push	de
   0061 DD 5E FE      [19]  115 	ld	e,-2 (ix)
   0064 16 00         [ 7]  116 	ld	d,#0x00
   0066 21r6Er00      [10]  117 	ld	hl,#00137$
   0069 19            [11]  118 	add	hl,de
   006A 19            [11]  119 	add	hl,de
   006B 19            [11]  120 	add	hl,de
   006C D1            [10]  121 	pop	de
   006D E9            [ 4]  122 	jp	(hl)
   006E                     123 00137$:
   006E C3r17r01      [10]  124 	jp	00111$
   0071 C3r8Cr00      [10]  125 	jp	00102$
   0074 C3r96r00      [10]  126 	jp	00103$
   0077 C3rA0r00      [10]  127 	jp	00104$
   007A C3rAAr00      [10]  128 	jp	00105$
   007D C3rB4r00      [10]  129 	jp	00106$
   0080 C3rBEr00      [10]  130 	jp	00107$
   0083 C3rC8r00      [10]  131 	jp	00108$
   0086 C3rD2r00      [10]  132 	jp	00109$
                            133 ;src/Mapa.c:186: case 0:
                            134 ;src/Mapa.c:187: continue;
   0089 C3r17r01      [10]  135 	jp	00111$
                            136 ;src/Mapa.c:190: case 1:
   008C                     137 00102$:
                            138 ;src/Mapa.c:191: tile = pared;
   008C DD 36 FCr00   [19]  139 	ld	-4 (ix),#<(_pared)
   0090 DD 36 FDs00   [19]  140 	ld	-3 (ix),#>(_pared)
                            141 ;src/Mapa.c:192: break;
   0094 18 44         [12]  142 	jr	00110$
                            143 ;src/Mapa.c:194: case 2:
   0096                     144 00103$:
                            145 ;src/Mapa.c:195: tile = puerta1;
   0096 DD 36 FCr00   [19]  146 	ld	-4 (ix),#<(_puerta1)
   009A DD 36 FDs00   [19]  147 	ld	-3 (ix),#>(_puerta1)
                            148 ;src/Mapa.c:196: break;
   009E 18 3A         [12]  149 	jr	00110$
                            150 ;src/Mapa.c:198: case 3:
   00A0                     151 00104$:
                            152 ;src/Mapa.c:199: tile = puerta2;
   00A0 DD 36 FCr00   [19]  153 	ld	-4 (ix),#<(_puerta2)
   00A4 DD 36 FDs00   [19]  154 	ld	-3 (ix),#>(_puerta2)
                            155 ;src/Mapa.c:200: break;
   00A8 18 30         [12]  156 	jr	00110$
                            157 ;src/Mapa.c:202: case 4:
   00AA                     158 00105$:
                            159 ;src/Mapa.c:203: tile = puertaDer1;
   00AA DD 36 FCr00   [19]  160 	ld	-4 (ix),#<(_puertaDer1)
   00AE DD 36 FDs00   [19]  161 	ld	-3 (ix),#>(_puertaDer1)
                            162 ;src/Mapa.c:204: break;
   00B2 18 26         [12]  163 	jr	00110$
                            164 ;src/Mapa.c:206: case 5:
   00B4                     165 00106$:
                            166 ;src/Mapa.c:207: tile = puertaDer2;
   00B4 DD 36 FCr00   [19]  167 	ld	-4 (ix),#<(_puertaDer2)
   00B8 DD 36 FDs00   [19]  168 	ld	-3 (ix),#>(_puertaDer2)
                            169 ;src/Mapa.c:208: break;
   00BC 18 1C         [12]  170 	jr	00110$
                            171 ;src/Mapa.c:210: case 6:
   00BE                     172 00107$:
                            173 ;src/Mapa.c:211: tile = puertaIz1;
   00BE DD 36 FCr00   [19]  174 	ld	-4 (ix),#<(_puertaIz1)
   00C2 DD 36 FDs00   [19]  175 	ld	-3 (ix),#>(_puertaIz1)
                            176 ;src/Mapa.c:212: break;
   00C6 18 12         [12]  177 	jr	00110$
                            178 ;src/Mapa.c:214: case 7:
   00C8                     179 00108$:
                            180 ;src/Mapa.c:215: tile = puertaIz2;
   00C8 DD 36 FCr00   [19]  181 	ld	-4 (ix),#<(_puertaIz2)
   00CC DD 36 FDs00   [19]  182 	ld	-3 (ix),#>(_puertaIz2)
                            183 ;src/Mapa.c:216: break;
   00D0 18 08         [12]  184 	jr	00110$
                            185 ;src/Mapa.c:218: case 8:
   00D2                     186 00109$:
                            187 ;src/Mapa.c:219: tile = columna;
   00D2 DD 36 FCr00   [19]  188 	ld	-4 (ix),#<(_columna)
   00D6 DD 36 FDs00   [19]  189 	ld	-3 (ix),#>(_columna)
                            190 ;src/Mapa.c:221: }
   00DA                     191 00110$:
                            192 ;src/Mapa.c:223: membal= cpct_getScreenPtr(video_memory_start, (4*b), (16*a));
   00DA 7A            [ 4]  193 	ld	a,d
   00DB 87            [ 4]  194 	add	a, a
   00DC 87            [ 4]  195 	add	a, a
   00DD 47            [ 4]  196 	ld	b,a
   00DE 2Ar00r00      [16]  197 	ld	hl,(_video_memory_start)
   00E1 E5            [11]  198 	push	hl
   00E2 FD E1         [14]  199 	pop	iy
   00E4 C5            [11]  200 	push	bc
   00E5 D5            [11]  201 	push	de
   00E6 DD 7E FF      [19]  202 	ld	a,-1 (ix)
   00E9 F5            [11]  203 	push	af
   00EA 33            [ 6]  204 	inc	sp
   00EB C5            [11]  205 	push	bc
   00EC 33            [ 6]  206 	inc	sp
   00ED FD E5         [15]  207 	push	iy
   00EF CDr00r00      [17]  208 	call	_cpct_getScreenPtr
   00F2 D1            [10]  209 	pop	de
   00F3 C1            [10]  210 	pop	bc
                            211 ;src/Mapa.c:224: cpct_drawSprite(tile, membal, 4, 16);
   00F4 E5            [11]  212 	push	hl
   00F5 FD E1         [14]  213 	pop	iy
   00F7 DD 7E FC      [19]  214 	ld	a,-4 (ix)
   00FA DD 77 FA      [19]  215 	ld	-6 (ix),a
   00FD DD 7E FD      [19]  216 	ld	a,-3 (ix)
   0100 DD 77 FB      [19]  217 	ld	-5 (ix),a
   0103 C5            [11]  218 	push	bc
   0104 D5            [11]  219 	push	de
   0105 21 04 10      [10]  220 	ld	hl,#0x1004
   0108 E5            [11]  221 	push	hl
   0109 FD E5         [15]  222 	push	iy
   010B DD 6E FA      [19]  223 	ld	l,-6 (ix)
   010E DD 66 FB      [19]  224 	ld	h,-5 (ix)
   0111 E5            [11]  225 	push	hl
   0112 CDr00r00      [17]  226 	call	_cpct_drawSprite
   0115 D1            [10]  227 	pop	de
   0116 C1            [10]  228 	pop	bc
   0117                     229 00111$:
                            230 ;src/Mapa.c:184: for(b=0;b<20;b++){
   0117 14            [ 4]  231 	inc	d
   0118 7A            [ 4]  232 	ld	a,d
   0119 D6 14         [ 7]  233 	sub	a, #0x14
   011B DAr3Fr00      [10]  234 	jp	C,00114$
                            235 ;src/Mapa.c:183: for(a=0;a<12;a++){
   011E 79            [ 4]  236 	ld	a,c
   011F C6 14         [ 7]  237 	add	a, #0x14
   0121 4F            [ 4]  238 	ld	c,a
   0122 1C            [ 4]  239 	inc	e
   0123 7B            [ 4]  240 	ld	a,e
   0124 D6 0C         [ 7]  241 	sub	a, #0x0C
   0126 DAr33r00      [10]  242 	jp	C,00120$
   0129 DD F9         [10]  243 	ld	sp, ix
   012B DD E1         [14]  244 	pop	ix
   012D C9            [10]  245 	ret
   012E                     246 _mapas:
   012E 01                  247 	.db #0x01	; 1
   012F 01                  248 	.db #0x01	; 1
   0130 01                  249 	.db #0x01	; 1
   0131 01                  250 	.db #0x01	; 1
   0132 01                  251 	.db #0x01	; 1
   0133 01                  252 	.db #0x01	; 1
   0134 01                  253 	.db #0x01	; 1
   0135 01                  254 	.db #0x01	; 1
   0136 01                  255 	.db #0x01	; 1
   0137 01                  256 	.db #0x01	; 1
   0138 01                  257 	.db #0x01	; 1
   0139 01                  258 	.db #0x01	; 1
   013A 01                  259 	.db #0x01	; 1
   013B 01                  260 	.db #0x01	; 1
   013C 01                  261 	.db #0x01	; 1
   013D 01                  262 	.db #0x01	; 1
   013E 01                  263 	.db #0x01	; 1
   013F 01                  264 	.db #0x01	; 1
   0140 01                  265 	.db #0x01	; 1
   0141 01                  266 	.db #0x01	; 1
   0142 01                  267 	.db #0x01	; 1
   0143 00                  268 	.db #0x00	; 0
   0144 00                  269 	.db #0x00	; 0
   0145 01                  270 	.db #0x01	; 1
   0146 00                  271 	.db #0x00	; 0
   0147 00                  272 	.db #0x00	; 0
   0148 00                  273 	.db #0x00	; 0
   0149 00                  274 	.db #0x00	; 0
   014A 01                  275 	.db #0x01	; 1
   014B 00                  276 	.db #0x00	; 0
   014C 00                  277 	.db #0x00	; 0
   014D 00                  278 	.db #0x00	; 0
   014E 00                  279 	.db #0x00	; 0
   014F 00                  280 	.db #0x00	; 0
   0150 00                  281 	.db #0x00	; 0
   0151 00                  282 	.db #0x00	; 0
   0152 00                  283 	.db #0x00	; 0
   0153 00                  284 	.db #0x00	; 0
   0154 00                  285 	.db #0x00	; 0
   0155 01                  286 	.db #0x01	; 1
   0156 01                  287 	.db #0x01	; 1
   0157 00                  288 	.db #0x00	; 0
   0158 00                  289 	.db #0x00	; 0
   0159 00                  290 	.db #0x00	; 0
   015A 00                  291 	.db #0x00	; 0
   015B 00                  292 	.db #0x00	; 0
   015C 00                  293 	.db #0x00	; 0
   015D 00                  294 	.db #0x00	; 0
   015E 00                  295 	.db #0x00	; 0
   015F 00                  296 	.db #0x00	; 0
   0160 00                  297 	.db #0x00	; 0
   0161 00                  298 	.db #0x00	; 0
   0162 00                  299 	.db #0x00	; 0
   0163 00                  300 	.db #0x00	; 0
   0164 00                  301 	.db #0x00	; 0
   0165 00                  302 	.db #0x00	; 0
   0166 00                  303 	.db #0x00	; 0
   0167 00                  304 	.db #0x00	; 0
   0168 00                  305 	.db #0x00	; 0
   0169 01                  306 	.db #0x01	; 1
   016A 01                  307 	.db #0x01	; 1
   016B 00                  308 	.db #0x00	; 0
   016C 00                  309 	.db #0x00	; 0
   016D 00                  310 	.db #0x00	; 0
   016E 00                  311 	.db #0x00	; 0
   016F 00                  312 	.db #0x00	; 0
   0170 08                  313 	.db #0x08	; 8
   0171 00                  314 	.db #0x00	; 0
   0172 00                  315 	.db #0x00	; 0
   0173 00                  316 	.db #0x00	; 0
   0174 00                  317 	.db #0x00	; 0
   0175 00                  318 	.db #0x00	; 0
   0176 00                  319 	.db #0x00	; 0
   0177 00                  320 	.db #0x00	; 0
   0178 00                  321 	.db #0x00	; 0
   0179 00                  322 	.db #0x00	; 0
   017A 00                  323 	.db #0x00	; 0
   017B 00                  324 	.db #0x00	; 0
   017C 00                  325 	.db #0x00	; 0
   017D 01                  326 	.db #0x01	; 1
   017E 01                  327 	.db #0x01	; 1
   017F 00                  328 	.db #0x00	; 0
   0180 00                  329 	.db #0x00	; 0
   0181 00                  330 	.db #0x00	; 0
   0182 00                  331 	.db #0x00	; 0
   0183 00                  332 	.db #0x00	; 0
   0184 00                  333 	.db #0x00	; 0
   0185 00                  334 	.db #0x00	; 0
   0186 00                  335 	.db #0x00	; 0
   0187 00                  336 	.db #0x00	; 0
   0188 00                  337 	.db #0x00	; 0
   0189 00                  338 	.db #0x00	; 0
   018A 00                  339 	.db #0x00	; 0
   018B 00                  340 	.db #0x00	; 0
   018C 00                  341 	.db #0x00	; 0
   018D 00                  342 	.db #0x00	; 0
   018E 00                  343 	.db #0x00	; 0
   018F 00                  344 	.db #0x00	; 0
   0190 00                  345 	.db #0x00	; 0
   0191 01                  346 	.db #0x01	; 1
   0192 01                  347 	.db #0x01	; 1
   0193 00                  348 	.db #0x00	; 0
   0194 00                  349 	.db #0x00	; 0
   0195 00                  350 	.db #0x00	; 0
   0196 00                  351 	.db #0x00	; 0
   0197 00                  352 	.db #0x00	; 0
   0198 00                  353 	.db #0x00	; 0
   0199 00                  354 	.db #0x00	; 0
   019A 00                  355 	.db #0x00	; 0
   019B 00                  356 	.db #0x00	; 0
   019C 00                  357 	.db #0x00	; 0
   019D 00                  358 	.db #0x00	; 0
   019E 00                  359 	.db #0x00	; 0
   019F 00                  360 	.db #0x00	; 0
   01A0 00                  361 	.db #0x00	; 0
   01A1 00                  362 	.db #0x00	; 0
   01A2 00                  363 	.db #0x00	; 0
   01A3 00                  364 	.db #0x00	; 0
   01A4 00                  365 	.db #0x00	; 0
   01A5 02                  366 	.db #0x02	; 2
   01A6 01                  367 	.db #0x01	; 1
   01A7 00                  368 	.db #0x00	; 0
   01A8 00                  369 	.db #0x00	; 0
   01A9 00                  370 	.db #0x00	; 0
   01AA 00                  371 	.db #0x00	; 0
   01AB 00                  372 	.db #0x00	; 0
   01AC 00                  373 	.db #0x00	; 0
   01AD 00                  374 	.db #0x00	; 0
   01AE 00                  375 	.db #0x00	; 0
   01AF 01                  376 	.db #0x01	; 1
   01B0 00                  377 	.db #0x00	; 0
   01B1 00                  378 	.db #0x00	; 0
   01B2 00                  379 	.db #0x00	; 0
   01B3 00                  380 	.db #0x00	; 0
   01B4 00                  381 	.db #0x00	; 0
   01B5 00                  382 	.db #0x00	; 0
   01B6 00                  383 	.db #0x00	; 0
   01B7 00                  384 	.db #0x00	; 0
   01B8 00                  385 	.db #0x00	; 0
   01B9 02                  386 	.db #0x02	; 2
   01BA 01                  387 	.db #0x01	; 1
   01BB 00                  388 	.db #0x00	; 0
   01BC 00                  389 	.db #0x00	; 0
   01BD 00                  390 	.db #0x00	; 0
   01BE 00                  391 	.db #0x00	; 0
   01BF 00                  392 	.db #0x00	; 0
   01C0 00                  393 	.db #0x00	; 0
   01C1 00                  394 	.db #0x00	; 0
   01C2 00                  395 	.db #0x00	; 0
   01C3 00                  396 	.db #0x00	; 0
   01C4 00                  397 	.db #0x00	; 0
   01C5 00                  398 	.db #0x00	; 0
   01C6 00                  399 	.db #0x00	; 0
   01C7 00                  400 	.db #0x00	; 0
   01C8 00                  401 	.db #0x00	; 0
   01C9 00                  402 	.db #0x00	; 0
   01CA 00                  403 	.db #0x00	; 0
   01CB 00                  404 	.db #0x00	; 0
   01CC 00                  405 	.db #0x00	; 0
   01CD 01                  406 	.db #0x01	; 1
   01CE 01                  407 	.db #0x01	; 1
   01CF 00                  408 	.db #0x00	; 0
   01D0 00                  409 	.db #0x00	; 0
   01D1 00                  410 	.db #0x00	; 0
   01D2 00                  411 	.db #0x00	; 0
   01D3 00                  412 	.db #0x00	; 0
   01D4 00                  413 	.db #0x00	; 0
   01D5 00                  414 	.db #0x00	; 0
   01D6 00                  415 	.db #0x00	; 0
   01D7 00                  416 	.db #0x00	; 0
   01D8 00                  417 	.db #0x00	; 0
   01D9 00                  418 	.db #0x00	; 0
   01DA 00                  419 	.db #0x00	; 0
   01DB 00                  420 	.db #0x00	; 0
   01DC 00                  421 	.db #0x00	; 0
   01DD 00                  422 	.db #0x00	; 0
   01DE 00                  423 	.db #0x00	; 0
   01DF 00                  424 	.db #0x00	; 0
   01E0 00                  425 	.db #0x00	; 0
   01E1 01                  426 	.db #0x01	; 1
   01E2 01                  427 	.db #0x01	; 1
   01E3 00                  428 	.db #0x00	; 0
   01E4 00                  429 	.db #0x00	; 0
   01E5 00                  430 	.db #0x00	; 0
   01E6 00                  431 	.db #0x00	; 0
   01E7 00                  432 	.db #0x00	; 0
   01E8 00                  433 	.db #0x00	; 0
   01E9 00                  434 	.db #0x00	; 0
   01EA 00                  435 	.db #0x00	; 0
   01EB 00                  436 	.db #0x00	; 0
   01EC 00                  437 	.db #0x00	; 0
   01ED 00                  438 	.db #0x00	; 0
   01EE 00                  439 	.db #0x00	; 0
   01EF 00                  440 	.db #0x00	; 0
   01F0 00                  441 	.db #0x00	; 0
   01F1 00                  442 	.db #0x00	; 0
   01F2 00                  443 	.db #0x00	; 0
   01F3 00                  444 	.db #0x00	; 0
   01F4 00                  445 	.db #0x00	; 0
   01F5 01                  446 	.db #0x01	; 1
   01F6 01                  447 	.db #0x01	; 1
   01F7 00                  448 	.db #0x00	; 0
   01F8 00                  449 	.db #0x00	; 0
   01F9 00                  450 	.db #0x00	; 0
   01FA 00                  451 	.db #0x00	; 0
   01FB 00                  452 	.db #0x00	; 0
   01FC 00                  453 	.db #0x00	; 0
   01FD 01                  454 	.db #0x01	; 1
   01FE 00                  455 	.db #0x00	; 0
   01FF 00                  456 	.db #0x00	; 0
   0200 00                  457 	.db #0x00	; 0
   0201 00                  458 	.db #0x00	; 0
   0202 00                  459 	.db #0x00	; 0
   0203 00                  460 	.db #0x00	; 0
   0204 00                  461 	.db #0x00	; 0
   0205 00                  462 	.db #0x00	; 0
   0206 00                  463 	.db #0x00	; 0
   0207 00                  464 	.db #0x00	; 0
   0208 00                  465 	.db #0x00	; 0
   0209 01                  466 	.db #0x01	; 1
   020A 01                  467 	.db #0x01	; 1
   020B 01                  468 	.db #0x01	; 1
   020C 01                  469 	.db #0x01	; 1
   020D 01                  470 	.db #0x01	; 1
   020E 01                  471 	.db #0x01	; 1
   020F 01                  472 	.db #0x01	; 1
   0210 01                  473 	.db #0x01	; 1
   0211 01                  474 	.db #0x01	; 1
   0212 01                  475 	.db #0x01	; 1
   0213 01                  476 	.db #0x01	; 1
   0214 01                  477 	.db #0x01	; 1
   0215 01                  478 	.db #0x01	; 1
   0216 01                  479 	.db #0x01	; 1
   0217 01                  480 	.db #0x01	; 1
   0218 01                  481 	.db #0x01	; 1
   0219 01                  482 	.db #0x01	; 1
   021A 01                  483 	.db #0x01	; 1
   021B 01                  484 	.db #0x01	; 1
   021C 01                  485 	.db #0x01	; 1
   021D 01                  486 	.db #0x01	; 1
   021E 05 00               487 	.dw #0x0005
   0220 13                  488 	.db #0x13	; 19
   0221 01                  489 	.db #0x01	; 1
   0222 2C 01               490 	.dw #0x012C
   0224 13                  491 	.db #0x13	; 19
   0225 01                  492 	.db #0x01	; 1
   0226 2C 01               493 	.dw #0x012C
   0228 13                  494 	.db #0x13	; 19
   0229 01                  495 	.db #0x01	; 1
   022A 2C 01               496 	.dw #0x012C
   022C 13                  497 	.db #0x13	; 19
   022D 01                  498 	.db #0x01	; 1
   022E 01                  499 	.db #0x01	; 1
   022F 01                  500 	.db #0x01	; 1
   0230 01                  501 	.db #0x01	; 1
   0231 01                  502 	.db #0x01	; 1
   0232 01                  503 	.db #0x01	; 1
   0233 01                  504 	.db #0x01	; 1
   0234 01                  505 	.db #0x01	; 1
   0235 01                  506 	.db #0x01	; 1
   0236 01                  507 	.db #0x01	; 1
   0237 01                  508 	.db #0x01	; 1
   0238 01                  509 	.db #0x01	; 1
   0239 01                  510 	.db #0x01	; 1
   023A 01                  511 	.db #0x01	; 1
   023B 01                  512 	.db #0x01	; 1
   023C 01                  513 	.db #0x01	; 1
   023D 02                  514 	.db #0x02	; 2
   023E 03                  515 	.db #0x03	; 3
   023F 01                  516 	.db #0x01	; 1
   0240 01                  517 	.db #0x01	; 1
   0241 01                  518 	.db #0x01	; 1
   0242 01                  519 	.db #0x01	; 1
   0243 00                  520 	.db #0x00	; 0
   0244 00                  521 	.db #0x00	; 0
   0245 01                  522 	.db #0x01	; 1
   0246 00                  523 	.db #0x00	; 0
   0247 00                  524 	.db #0x00	; 0
   0248 00                  525 	.db #0x00	; 0
   0249 00                  526 	.db #0x00	; 0
   024A 01                  527 	.db #0x01	; 1
   024B 00                  528 	.db #0x00	; 0
   024C 00                  529 	.db #0x00	; 0
   024D 00                  530 	.db #0x00	; 0
   024E 00                  531 	.db #0x00	; 0
   024F 00                  532 	.db #0x00	; 0
   0250 00                  533 	.db #0x00	; 0
   0251 00                  534 	.db #0x00	; 0
   0252 00                  535 	.db #0x00	; 0
   0253 00                  536 	.db #0x00	; 0
   0254 00                  537 	.db #0x00	; 0
   0255 01                  538 	.db #0x01	; 1
   0256 01                  539 	.db #0x01	; 1
   0257 00                  540 	.db #0x00	; 0
   0258 00                  541 	.db #0x00	; 0
   0259 00                  542 	.db #0x00	; 0
   025A 00                  543 	.db #0x00	; 0
   025B 00                  544 	.db #0x00	; 0
   025C 00                  545 	.db #0x00	; 0
   025D 00                  546 	.db #0x00	; 0
   025E 01                  547 	.db #0x01	; 1
   025F 00                  548 	.db #0x00	; 0
   0260 00                  549 	.db #0x00	; 0
   0261 00                  550 	.db #0x00	; 0
   0262 00                  551 	.db #0x00	; 0
   0263 00                  552 	.db #0x00	; 0
   0264 00                  553 	.db #0x00	; 0
   0265 00                  554 	.db #0x00	; 0
   0266 00                  555 	.db #0x00	; 0
   0267 00                  556 	.db #0x00	; 0
   0268 00                  557 	.db #0x00	; 0
   0269 01                  558 	.db #0x01	; 1
   026A 01                  559 	.db #0x01	; 1
   026B 00                  560 	.db #0x00	; 0
   026C 00                  561 	.db #0x00	; 0
   026D 00                  562 	.db #0x00	; 0
   026E 00                  563 	.db #0x00	; 0
   026F 00                  564 	.db #0x00	; 0
   0270 00                  565 	.db #0x00	; 0
   0271 00                  566 	.db #0x00	; 0
   0272 01                  567 	.db #0x01	; 1
   0273 00                  568 	.db #0x00	; 0
   0274 00                  569 	.db #0x00	; 0
   0275 00                  570 	.db #0x00	; 0
   0276 01                  571 	.db #0x01	; 1
   0277 01                  572 	.db #0x01	; 1
   0278 01                  573 	.db #0x01	; 1
   0279 00                  574 	.db #0x00	; 0
   027A 00                  575 	.db #0x00	; 0
   027B 00                  576 	.db #0x00	; 0
   027C 00                  577 	.db #0x00	; 0
   027D 01                  578 	.db #0x01	; 1
   027E 07                  579 	.db #0x07	; 7
   027F 00                  580 	.db #0x00	; 0
   0280 00                  581 	.db #0x00	; 0
   0281 00                  582 	.db #0x00	; 0
   0282 00                  583 	.db #0x00	; 0
   0283 00                  584 	.db #0x00	; 0
   0284 00                  585 	.db #0x00	; 0
   0285 00                  586 	.db #0x00	; 0
   0286 01                  587 	.db #0x01	; 1
   0287 00                  588 	.db #0x00	; 0
   0288 01                  589 	.db #0x01	; 1
   0289 01                  590 	.db #0x01	; 1
   028A 01                  591 	.db #0x01	; 1
   028B 00                  592 	.db #0x00	; 0
   028C 01                  593 	.db #0x01	; 1
   028D 00                  594 	.db #0x00	; 0
   028E 00                  595 	.db #0x00	; 0
   028F 00                  596 	.db #0x00	; 0
   0290 00                  597 	.db #0x00	; 0
   0291 01                  598 	.db #0x01	; 1
   0292 02                  599 	.db #0x02	; 2
   0293 00                  600 	.db #0x00	; 0
   0294 00                  601 	.db #0x00	; 0
   0295 00                  602 	.db #0x00	; 0
   0296 00                  603 	.db #0x00	; 0
   0297 00                  604 	.db #0x00	; 0
   0298 00                  605 	.db #0x00	; 0
   0299 00                  606 	.db #0x00	; 0
   029A 01                  607 	.db #0x01	; 1
   029B 00                  608 	.db #0x00	; 0
   029C 01                  609 	.db #0x01	; 1
   029D 00                  610 	.db #0x00	; 0
   029E 00                  611 	.db #0x00	; 0
   029F 00                  612 	.db #0x00	; 0
   02A0 01                  613 	.db #0x01	; 1
   02A1 00                  614 	.db #0x00	; 0
   02A2 00                  615 	.db #0x00	; 0
   02A3 00                  616 	.db #0x00	; 0
   02A4 00                  617 	.db #0x00	; 0
   02A5 01                  618 	.db #0x01	; 1
   02A6 01                  619 	.db #0x01	; 1
   02A7 00                  620 	.db #0x00	; 0
   02A8 00                  621 	.db #0x00	; 0
   02A9 00                  622 	.db #0x00	; 0
   02AA 00                  623 	.db #0x00	; 0
   02AB 00                  624 	.db #0x00	; 0
   02AC 00                  625 	.db #0x00	; 0
   02AD 00                  626 	.db #0x00	; 0
   02AE 00                  627 	.db #0x00	; 0
   02AF 01                  628 	.db #0x01	; 1
   02B0 00                  629 	.db #0x00	; 0
   02B1 00                  630 	.db #0x00	; 0
   02B2 00                  631 	.db #0x00	; 0
   02B3 00                  632 	.db #0x00	; 0
   02B4 01                  633 	.db #0x01	; 1
   02B5 00                  634 	.db #0x00	; 0
   02B6 00                  635 	.db #0x00	; 0
   02B7 00                  636 	.db #0x00	; 0
   02B8 00                  637 	.db #0x00	; 0
   02B9 01                  638 	.db #0x01	; 1
   02BA 01                  639 	.db #0x01	; 1
   02BB 00                  640 	.db #0x00	; 0
   02BC 00                  641 	.db #0x00	; 0
   02BD 00                  642 	.db #0x00	; 0
   02BE 00                  643 	.db #0x00	; 0
   02BF 00                  644 	.db #0x00	; 0
   02C0 00                  645 	.db #0x00	; 0
   02C1 00                  646 	.db #0x00	; 0
   02C2 00                  647 	.db #0x00	; 0
   02C3 00                  648 	.db #0x00	; 0
   02C4 00                  649 	.db #0x00	; 0
   02C5 00                  650 	.db #0x00	; 0
   02C6 00                  651 	.db #0x00	; 0
   02C7 00                  652 	.db #0x00	; 0
   02C8 00                  653 	.db #0x00	; 0
   02C9 00                  654 	.db #0x00	; 0
   02CA 00                  655 	.db #0x00	; 0
   02CB 01                  656 	.db #0x01	; 1
   02CC 00                  657 	.db #0x00	; 0
   02CD 01                  658 	.db #0x01	; 1
   02CE 01                  659 	.db #0x01	; 1
   02CF 00                  660 	.db #0x00	; 0
   02D0 00                  661 	.db #0x00	; 0
   02D1 00                  662 	.db #0x00	; 0
   02D2 00                  663 	.db #0x00	; 0
   02D3 00                  664 	.db #0x00	; 0
   02D4 00                  665 	.db #0x00	; 0
   02D5 00                  666 	.db #0x00	; 0
   02D6 00                  667 	.db #0x00	; 0
   02D7 00                  668 	.db #0x00	; 0
   02D8 00                  669 	.db #0x00	; 0
   02D9 00                  670 	.db #0x00	; 0
   02DA 00                  671 	.db #0x00	; 0
   02DB 00                  672 	.db #0x00	; 0
   02DC 00                  673 	.db #0x00	; 0
   02DD 00                  674 	.db #0x00	; 0
   02DE 00                  675 	.db #0x00	; 0
   02DF 01                  676 	.db #0x01	; 1
   02E0 00                  677 	.db #0x00	; 0
   02E1 01                  678 	.db #0x01	; 1
   02E2 01                  679 	.db #0x01	; 1
   02E3 00                  680 	.db #0x00	; 0
   02E4 00                  681 	.db #0x00	; 0
   02E5 00                  682 	.db #0x00	; 0
   02E6 00                  683 	.db #0x00	; 0
   02E7 00                  684 	.db #0x00	; 0
   02E8 00                  685 	.db #0x00	; 0
   02E9 00                  686 	.db #0x00	; 0
   02EA 00                  687 	.db #0x00	; 0
   02EB 00                  688 	.db #0x00	; 0
   02EC 00                  689 	.db #0x00	; 0
   02ED 00                  690 	.db #0x00	; 0
   02EE 00                  691 	.db #0x00	; 0
   02EF 00                  692 	.db #0x00	; 0
   02F0 01                  693 	.db #0x01	; 1
   02F1 01                  694 	.db #0x01	; 1
   02F2 01                  695 	.db #0x01	; 1
   02F3 01                  696 	.db #0x01	; 1
   02F4 00                  697 	.db #0x00	; 0
   02F5 02                  698 	.db #0x02	; 2
   02F6 01                  699 	.db #0x01	; 1
   02F7 00                  700 	.db #0x00	; 0
   02F8 00                  701 	.db #0x00	; 0
   02F9 00                  702 	.db #0x00	; 0
   02FA 00                  703 	.db #0x00	; 0
   02FB 00                  704 	.db #0x00	; 0
   02FC 00                  705 	.db #0x00	; 0
   02FD 01                  706 	.db #0x01	; 1
   02FE 00                  707 	.db #0x00	; 0
   02FF 00                  708 	.db #0x00	; 0
   0300 00                  709 	.db #0x00	; 0
   0301 00                  710 	.db #0x00	; 0
   0302 00                  711 	.db #0x00	; 0
   0303 00                  712 	.db #0x00	; 0
   0304 00                  713 	.db #0x00	; 0
   0305 00                  714 	.db #0x00	; 0
   0306 00                  715 	.db #0x00	; 0
   0307 00                  716 	.db #0x00	; 0
   0308 00                  717 	.db #0x00	; 0
   0309 05                  718 	.db #0x05	; 5
   030A 01                  719 	.db #0x01	; 1
   030B 01                  720 	.db #0x01	; 1
   030C 01                  721 	.db #0x01	; 1
   030D 01                  722 	.db #0x01	; 1
   030E 01                  723 	.db #0x01	; 1
   030F 01                  724 	.db #0x01	; 1
   0310 01                  725 	.db #0x01	; 1
   0311 01                  726 	.db #0x01	; 1
   0312 01                  727 	.db #0x01	; 1
   0313 01                  728 	.db #0x01	; 1
   0314 01                  729 	.db #0x01	; 1
   0315 01                  730 	.db #0x01	; 1
   0316 01                  731 	.db #0x01	; 1
   0317 01                  732 	.db #0x01	; 1
   0318 01                  733 	.db #0x01	; 1
   0319 01                  734 	.db #0x01	; 1
   031A 01                  735 	.db #0x01	; 1
   031B 01                  736 	.db #0x01	; 1
   031C 01                  737 	.db #0x01	; 1
   031D 01                  738 	.db #0x01	; 1
   031E 05 00               739 	.dw #0x0005
   0320 00                  740 	.db #0x00	; 0
   0321 00                  741 	.db #0x00	; 0
   0322 09 00               742 	.dw #0x0009
   0324 13                  743 	.db #0x13	; 19
   0325 02                  744 	.db #0x02	; 2
   0326 00 00               745 	.dw #0x0000
   0328 0F                  746 	.db #0x0F	; 15
   0329 03                  747 	.db #0x03	; 3
   032A 2C 01               748 	.dw #0x012C
   032C 13                  749 	.db #0x13	; 19
   032D 01                  750 	.db #0x01	; 1
   032E 01                  751 	.db #0x01	; 1
   032F 01                  752 	.db #0x01	; 1
   0330 01                  753 	.db #0x01	; 1
   0331 01                  754 	.db #0x01	; 1
   0332 01                  755 	.db #0x01	; 1
   0333 01                  756 	.db #0x01	; 1
   0334 01                  757 	.db #0x01	; 1
   0335 01                  758 	.db #0x01	; 1
   0336 01                  759 	.db #0x01	; 1
   0337 01                  760 	.db #0x01	; 1
   0338 01                  761 	.db #0x01	; 1
   0339 01                  762 	.db #0x01	; 1
   033A 01                  763 	.db #0x01	; 1
   033B 01                  764 	.db #0x01	; 1
   033C 01                  765 	.db #0x01	; 1
   033D 01                  766 	.db #0x01	; 1
   033E 01                  767 	.db #0x01	; 1
   033F 01                  768 	.db #0x01	; 1
   0340 01                  769 	.db #0x01	; 1
   0341 01                  770 	.db #0x01	; 1
   0342 01                  771 	.db #0x01	; 1
   0343 00                  772 	.db #0x00	; 0
   0344 00                  773 	.db #0x00	; 0
   0345 01                  774 	.db #0x01	; 1
   0346 00                  775 	.db #0x00	; 0
   0347 00                  776 	.db #0x00	; 0
   0348 00                  777 	.db #0x00	; 0
   0349 00                  778 	.db #0x00	; 0
   034A 00                  779 	.db #0x00	; 0
   034B 00                  780 	.db #0x00	; 0
   034C 00                  781 	.db #0x00	; 0
   034D 00                  782 	.db #0x00	; 0
   034E 00                  783 	.db #0x00	; 0
   034F 00                  784 	.db #0x00	; 0
   0350 00                  785 	.db #0x00	; 0
   0351 00                  786 	.db #0x00	; 0
   0352 00                  787 	.db #0x00	; 0
   0353 00                  788 	.db #0x00	; 0
   0354 00                  789 	.db #0x00	; 0
   0355 01                  790 	.db #0x01	; 1
   0356 01                  791 	.db #0x01	; 1
   0357 00                  792 	.db #0x00	; 0
   0358 00                  793 	.db #0x00	; 0
   0359 00                  794 	.db #0x00	; 0
   035A 00                  795 	.db #0x00	; 0
   035B 00                  796 	.db #0x00	; 0
   035C 00                  797 	.db #0x00	; 0
   035D 00                  798 	.db #0x00	; 0
   035E 00                  799 	.db #0x00	; 0
   035F 00                  800 	.db #0x00	; 0
   0360 00                  801 	.db #0x00	; 0
   0361 00                  802 	.db #0x00	; 0
   0362 00                  803 	.db #0x00	; 0
   0363 00                  804 	.db #0x00	; 0
   0364 00                  805 	.db #0x00	; 0
   0365 00                  806 	.db #0x00	; 0
   0366 00                  807 	.db #0x00	; 0
   0367 00                  808 	.db #0x00	; 0
   0368 00                  809 	.db #0x00	; 0
   0369 01                  810 	.db #0x01	; 1
   036A 01                  811 	.db #0x01	; 1
   036B 00                  812 	.db #0x00	; 0
   036C 00                  813 	.db #0x00	; 0
   036D 00                  814 	.db #0x00	; 0
   036E 00                  815 	.db #0x00	; 0
   036F 00                  816 	.db #0x00	; 0
   0370 00                  817 	.db #0x00	; 0
   0371 00                  818 	.db #0x00	; 0
   0372 00                  819 	.db #0x00	; 0
   0373 00                  820 	.db #0x00	; 0
   0374 00                  821 	.db #0x00	; 0
   0375 00                  822 	.db #0x00	; 0
   0376 01                  823 	.db #0x01	; 1
   0377 01                  824 	.db #0x01	; 1
   0378 00                  825 	.db #0x00	; 0
   0379 00                  826 	.db #0x00	; 0
   037A 00                  827 	.db #0x00	; 0
   037B 00                  828 	.db #0x00	; 0
   037C 00                  829 	.db #0x00	; 0
   037D 01                  830 	.db #0x01	; 1
   037E 01                  831 	.db #0x01	; 1
   037F 00                  832 	.db #0x00	; 0
   0380 00                  833 	.db #0x00	; 0
   0381 00                  834 	.db #0x00	; 0
   0382 00                  835 	.db #0x00	; 0
   0383 00                  836 	.db #0x00	; 0
   0384 00                  837 	.db #0x00	; 0
   0385 00                  838 	.db #0x00	; 0
   0386 00                  839 	.db #0x00	; 0
   0387 00                  840 	.db #0x00	; 0
   0388 01                  841 	.db #0x01	; 1
   0389 01                  842 	.db #0x01	; 1
   038A 01                  843 	.db #0x01	; 1
   038B 00                  844 	.db #0x00	; 0
   038C 00                  845 	.db #0x00	; 0
   038D 00                  846 	.db #0x00	; 0
   038E 00                  847 	.db #0x00	; 0
   038F 00                  848 	.db #0x00	; 0
   0390 00                  849 	.db #0x00	; 0
   0391 01                  850 	.db #0x01	; 1
   0392 01                  851 	.db #0x01	; 1
   0393 00                  852 	.db #0x00	; 0
   0394 00                  853 	.db #0x00	; 0
   0395 00                  854 	.db #0x00	; 0
   0396 00                  855 	.db #0x00	; 0
   0397 00                  856 	.db #0x00	; 0
   0398 00                  857 	.db #0x00	; 0
   0399 00                  858 	.db #0x00	; 0
   039A 00                  859 	.db #0x00	; 0
   039B 00                  860 	.db #0x00	; 0
   039C 01                  861 	.db #0x01	; 1
   039D 00                  862 	.db #0x00	; 0
   039E 00                  863 	.db #0x00	; 0
   039F 00                  864 	.db #0x00	; 0
   03A0 01                  865 	.db #0x01	; 1
   03A1 00                  866 	.db #0x00	; 0
   03A2 00                  867 	.db #0x00	; 0
   03A3 00                  868 	.db #0x00	; 0
   03A4 00                  869 	.db #0x00	; 0
   03A5 01                  870 	.db #0x01	; 1
   03A6 01                  871 	.db #0x01	; 1
   03A7 00                  872 	.db #0x00	; 0
   03A8 00                  873 	.db #0x00	; 0
   03A9 00                  874 	.db #0x00	; 0
   03AA 00                  875 	.db #0x00	; 0
   03AB 00                  876 	.db #0x00	; 0
   03AC 00                  877 	.db #0x00	; 0
   03AD 00                  878 	.db #0x00	; 0
   03AE 00                  879 	.db #0x00	; 0
   03AF 01                  880 	.db #0x01	; 1
   03B0 00                  881 	.db #0x00	; 0
   03B1 00                  882 	.db #0x00	; 0
   03B2 00                  883 	.db #0x00	; 0
   03B3 00                  884 	.db #0x00	; 0
   03B4 01                  885 	.db #0x01	; 1
   03B5 00                  886 	.db #0x00	; 0
   03B6 00                  887 	.db #0x00	; 0
   03B7 00                  888 	.db #0x00	; 0
   03B8 00                  889 	.db #0x00	; 0
   03B9 01                  890 	.db #0x01	; 1
   03BA 01                  891 	.db #0x01	; 1
   03BB 00                  892 	.db #0x00	; 0
   03BC 00                  893 	.db #0x00	; 0
   03BD 00                  894 	.db #0x00	; 0
   03BE 00                  895 	.db #0x00	; 0
   03BF 00                  896 	.db #0x00	; 0
   03C0 00                  897 	.db #0x00	; 0
   03C1 00                  898 	.db #0x00	; 0
   03C2 00                  899 	.db #0x00	; 0
   03C3 00                  900 	.db #0x00	; 0
   03C4 00                  901 	.db #0x00	; 0
   03C5 00                  902 	.db #0x00	; 0
   03C6 00                  903 	.db #0x00	; 0
   03C7 00                  904 	.db #0x00	; 0
   03C8 00                  905 	.db #0x00	; 0
   03C9 00                  906 	.db #0x00	; 0
   03CA 00                  907 	.db #0x00	; 0
   03CB 01                  908 	.db #0x01	; 1
   03CC 00                  909 	.db #0x00	; 0
   03CD 01                  910 	.db #0x01	; 1
   03CE 01                  911 	.db #0x01	; 1
   03CF 00                  912 	.db #0x00	; 0
   03D0 00                  913 	.db #0x00	; 0
   03D1 00                  914 	.db #0x00	; 0
   03D2 00                  915 	.db #0x00	; 0
   03D3 00                  916 	.db #0x00	; 0
   03D4 00                  917 	.db #0x00	; 0
   03D5 00                  918 	.db #0x00	; 0
   03D6 00                  919 	.db #0x00	; 0
   03D7 00                  920 	.db #0x00	; 0
   03D8 00                  921 	.db #0x00	; 0
   03D9 00                  922 	.db #0x00	; 0
   03DA 00                  923 	.db #0x00	; 0
   03DB 00                  924 	.db #0x00	; 0
   03DC 00                  925 	.db #0x00	; 0
   03DD 00                  926 	.db #0x00	; 0
   03DE 00                  927 	.db #0x00	; 0
   03DF 01                  928 	.db #0x01	; 1
   03E0 00                  929 	.db #0x00	; 0
   03E1 01                  930 	.db #0x01	; 1
   03E2 07                  931 	.db #0x07	; 7
   03E3 00                  932 	.db #0x00	; 0
   03E4 00                  933 	.db #0x00	; 0
   03E5 00                  934 	.db #0x00	; 0
   03E6 00                  935 	.db #0x00	; 0
   03E7 00                  936 	.db #0x00	; 0
   03E8 00                  937 	.db #0x00	; 0
   03E9 00                  938 	.db #0x00	; 0
   03EA 00                  939 	.db #0x00	; 0
   03EB 00                  940 	.db #0x00	; 0
   03EC 00                  941 	.db #0x00	; 0
   03ED 00                  942 	.db #0x00	; 0
   03EE 00                  943 	.db #0x00	; 0
   03EF 00                  944 	.db #0x00	; 0
   03F0 00                  945 	.db #0x00	; 0
   03F1 01                  946 	.db #0x01	; 1
   03F2 01                  947 	.db #0x01	; 1
   03F3 01                  948 	.db #0x01	; 1
   03F4 00                  949 	.db #0x00	; 0
   03F5 01                  950 	.db #0x01	; 1
   03F6 02                  951 	.db #0x02	; 2
   03F7 00                  952 	.db #0x00	; 0
   03F8 00                  953 	.db #0x00	; 0
   03F9 00                  954 	.db #0x00	; 0
   03FA 00                  955 	.db #0x00	; 0
   03FB 00                  956 	.db #0x00	; 0
   03FC 00                  957 	.db #0x00	; 0
   03FD 01                  958 	.db #0x01	; 1
   03FE 00                  959 	.db #0x00	; 0
   03FF 00                  960 	.db #0x00	; 0
   0400 00                  961 	.db #0x00	; 0
   0401 00                  962 	.db #0x00	; 0
   0402 00                  963 	.db #0x00	; 0
   0403 00                  964 	.db #0x00	; 0
   0404 00                  965 	.db #0x00	; 0
   0405 00                  966 	.db #0x00	; 0
   0406 00                  967 	.db #0x00	; 0
   0407 00                  968 	.db #0x00	; 0
   0408 00                  969 	.db #0x00	; 0
   0409 01                  970 	.db #0x01	; 1
   040A 01                  971 	.db #0x01	; 1
   040B 01                  972 	.db #0x01	; 1
   040C 01                  973 	.db #0x01	; 1
   040D 01                  974 	.db #0x01	; 1
   040E 01                  975 	.db #0x01	; 1
   040F 01                  976 	.db #0x01	; 1
   0410 01                  977 	.db #0x01	; 1
   0411 01                  978 	.db #0x01	; 1
   0412 01                  979 	.db #0x01	; 1
   0413 01                  980 	.db #0x01	; 1
   0414 01                  981 	.db #0x01	; 1
   0415 01                  982 	.db #0x01	; 1
   0416 01                  983 	.db #0x01	; 1
   0417 01                  984 	.db #0x01	; 1
   0418 01                  985 	.db #0x01	; 1
   0419 01                  986 	.db #0x01	; 1
   041A 01                  987 	.db #0x01	; 1
   041B 01                  988 	.db #0x01	; 1
   041C 01                  989 	.db #0x01	; 1
   041D 01                  990 	.db #0x01	; 1
   041E 09 00               991 	.dw #0x0009
   0420 00                  992 	.db #0x00	; 0
   0421 01                  993 	.db #0x01	; 1
   0422 2C 01               994 	.dw #0x012C
   0424 13                  995 	.db #0x13	; 19
   0425 01                  996 	.db #0x01	; 1
   0426 2C 01               997 	.dw #0x012C
   0428 13                  998 	.db #0x13	; 19
   0429 01                  999 	.db #0x01	; 1
   042A 2C 01              1000 	.dw #0x012C
   042C 13                 1001 	.db #0x13	; 19
   042D 01                 1002 	.db #0x01	; 1
   042E 01                 1003 	.db #0x01	; 1
   042F 01                 1004 	.db #0x01	; 1
   0430 01                 1005 	.db #0x01	; 1
   0431 01                 1006 	.db #0x01	; 1
   0432 01                 1007 	.db #0x01	; 1
   0433 01                 1008 	.db #0x01	; 1
   0434 01                 1009 	.db #0x01	; 1
   0435 01                 1010 	.db #0x01	; 1
   0436 01                 1011 	.db #0x01	; 1
   0437 01                 1012 	.db #0x01	; 1
   0438 01                 1013 	.db #0x01	; 1
   0439 01                 1014 	.db #0x01	; 1
   043A 01                 1015 	.db #0x01	; 1
   043B 01                 1016 	.db #0x01	; 1
   043C 01                 1017 	.db #0x01	; 1
   043D 01                 1018 	.db #0x01	; 1
   043E 01                 1019 	.db #0x01	; 1
   043F 01                 1020 	.db #0x01	; 1
   0440 01                 1021 	.db #0x01	; 1
   0441 01                 1022 	.db #0x01	; 1
   0442 01                 1023 	.db #0x01	; 1
   0443 00                 1024 	.db #0x00	; 0
   0444 00                 1025 	.db #0x00	; 0
   0445 01                 1026 	.db #0x01	; 1
   0446 00                 1027 	.db #0x00	; 0
   0447 00                 1028 	.db #0x00	; 0
   0448 00                 1029 	.db #0x00	; 0
   0449 00                 1030 	.db #0x00	; 0
   044A 00                 1031 	.db #0x00	; 0
   044B 00                 1032 	.db #0x00	; 0
   044C 00                 1033 	.db #0x00	; 0
   044D 00                 1034 	.db #0x00	; 0
   044E 00                 1035 	.db #0x00	; 0
   044F 00                 1036 	.db #0x00	; 0
   0450 00                 1037 	.db #0x00	; 0
   0451 00                 1038 	.db #0x00	; 0
   0452 00                 1039 	.db #0x00	; 0
   0453 00                 1040 	.db #0x00	; 0
   0454 00                 1041 	.db #0x00	; 0
   0455 01                 1042 	.db #0x01	; 1
   0456 01                 1043 	.db #0x01	; 1
   0457 00                 1044 	.db #0x00	; 0
   0458 00                 1045 	.db #0x00	; 0
   0459 00                 1046 	.db #0x00	; 0
   045A 00                 1047 	.db #0x00	; 0
   045B 00                 1048 	.db #0x00	; 0
   045C 00                 1049 	.db #0x00	; 0
   045D 00                 1050 	.db #0x00	; 0
   045E 00                 1051 	.db #0x00	; 0
   045F 00                 1052 	.db #0x00	; 0
   0460 00                 1053 	.db #0x00	; 0
   0461 00                 1054 	.db #0x00	; 0
   0462 00                 1055 	.db #0x00	; 0
   0463 00                 1056 	.db #0x00	; 0
   0464 00                 1057 	.db #0x00	; 0
   0465 00                 1058 	.db #0x00	; 0
   0466 00                 1059 	.db #0x00	; 0
   0467 00                 1060 	.db #0x00	; 0
   0468 00                 1061 	.db #0x00	; 0
   0469 01                 1062 	.db #0x01	; 1
   046A 01                 1063 	.db #0x01	; 1
   046B 00                 1064 	.db #0x00	; 0
   046C 00                 1065 	.db #0x00	; 0
   046D 00                 1066 	.db #0x00	; 0
   046E 00                 1067 	.db #0x00	; 0
   046F 00                 1068 	.db #0x00	; 0
   0470 00                 1069 	.db #0x00	; 0
   0471 00                 1070 	.db #0x00	; 0
   0472 00                 1071 	.db #0x00	; 0
   0473 00                 1072 	.db #0x00	; 0
   0474 00                 1073 	.db #0x00	; 0
   0475 00                 1074 	.db #0x00	; 0
   0476 00                 1075 	.db #0x00	; 0
   0477 00                 1076 	.db #0x00	; 0
   0478 00                 1077 	.db #0x00	; 0
   0479 00                 1078 	.db #0x00	; 0
   047A 00                 1079 	.db #0x00	; 0
   047B 00                 1080 	.db #0x00	; 0
   047C 00                 1081 	.db #0x00	; 0
   047D 01                 1082 	.db #0x01	; 1
   047E 01                 1083 	.db #0x01	; 1
   047F 00                 1084 	.db #0x00	; 0
   0480 00                 1085 	.db #0x00	; 0
   0481 00                 1086 	.db #0x00	; 0
   0482 00                 1087 	.db #0x00	; 0
   0483 00                 1088 	.db #0x00	; 0
   0484 00                 1089 	.db #0x00	; 0
   0485 00                 1090 	.db #0x00	; 0
   0486 00                 1091 	.db #0x00	; 0
   0487 00                 1092 	.db #0x00	; 0
   0488 00                 1093 	.db #0x00	; 0
   0489 00                 1094 	.db #0x00	; 0
   048A 00                 1095 	.db #0x00	; 0
   048B 00                 1096 	.db #0x00	; 0
   048C 00                 1097 	.db #0x00	; 0
   048D 00                 1098 	.db #0x00	; 0
   048E 00                 1099 	.db #0x00	; 0
   048F 00                 1100 	.db #0x00	; 0
   0490 00                 1101 	.db #0x00	; 0
   0491 01                 1102 	.db #0x01	; 1
   0492 01                 1103 	.db #0x01	; 1
   0493 00                 1104 	.db #0x00	; 0
   0494 00                 1105 	.db #0x00	; 0
   0495 00                 1106 	.db #0x00	; 0
   0496 00                 1107 	.db #0x00	; 0
   0497 00                 1108 	.db #0x00	; 0
   0498 00                 1109 	.db #0x00	; 0
   0499 00                 1110 	.db #0x00	; 0
   049A 00                 1111 	.db #0x00	; 0
   049B 00                 1112 	.db #0x00	; 0
   049C 00                 1113 	.db #0x00	; 0
   049D 00                 1114 	.db #0x00	; 0
   049E 00                 1115 	.db #0x00	; 0
   049F 00                 1116 	.db #0x00	; 0
   04A0 00                 1117 	.db #0x00	; 0
   04A1 00                 1118 	.db #0x00	; 0
   04A2 00                 1119 	.db #0x00	; 0
   04A3 00                 1120 	.db #0x00	; 0
   04A4 00                 1121 	.db #0x00	; 0
   04A5 01                 1122 	.db #0x01	; 1
   04A6 01                 1123 	.db #0x01	; 1
   04A7 00                 1124 	.db #0x00	; 0
   04A8 00                 1125 	.db #0x00	; 0
   04A9 00                 1126 	.db #0x00	; 0
   04AA 00                 1127 	.db #0x00	; 0
   04AB 00                 1128 	.db #0x00	; 0
   04AC 00                 1129 	.db #0x00	; 0
   04AD 00                 1130 	.db #0x00	; 0
   04AE 00                 1131 	.db #0x00	; 0
   04AF 00                 1132 	.db #0x00	; 0
   04B0 00                 1133 	.db #0x00	; 0
   04B1 00                 1134 	.db #0x00	; 0
   04B2 00                 1135 	.db #0x00	; 0
   04B3 00                 1136 	.db #0x00	; 0
   04B4 00                 1137 	.db #0x00	; 0
   04B5 00                 1138 	.db #0x00	; 0
   04B6 00                 1139 	.db #0x00	; 0
   04B7 00                 1140 	.db #0x00	; 0
   04B8 00                 1141 	.db #0x00	; 0
   04B9 01                 1142 	.db #0x01	; 1
   04BA 01                 1143 	.db #0x01	; 1
   04BB 00                 1144 	.db #0x00	; 0
   04BC 00                 1145 	.db #0x00	; 0
   04BD 00                 1146 	.db #0x00	; 0
   04BE 00                 1147 	.db #0x00	; 0
   04BF 00                 1148 	.db #0x00	; 0
   04C0 00                 1149 	.db #0x00	; 0
   04C1 00                 1150 	.db #0x00	; 0
   04C2 00                 1151 	.db #0x00	; 0
   04C3 00                 1152 	.db #0x00	; 0
   04C4 00                 1153 	.db #0x00	; 0
   04C5 00                 1154 	.db #0x00	; 0
   04C6 00                 1155 	.db #0x00	; 0
   04C7 00                 1156 	.db #0x00	; 0
   04C8 00                 1157 	.db #0x00	; 0
   04C9 00                 1158 	.db #0x00	; 0
   04CA 00                 1159 	.db #0x00	; 0
   04CB 00                 1160 	.db #0x00	; 0
   04CC 00                 1161 	.db #0x00	; 0
   04CD 01                 1162 	.db #0x01	; 1
   04CE 01                 1163 	.db #0x01	; 1
   04CF 00                 1164 	.db #0x00	; 0
   04D0 00                 1165 	.db #0x00	; 0
   04D1 00                 1166 	.db #0x00	; 0
   04D2 00                 1167 	.db #0x00	; 0
   04D3 00                 1168 	.db #0x00	; 0
   04D4 00                 1169 	.db #0x00	; 0
   04D5 00                 1170 	.db #0x00	; 0
   04D6 00                 1171 	.db #0x00	; 0
   04D7 00                 1172 	.db #0x00	; 0
   04D8 00                 1173 	.db #0x00	; 0
   04D9 00                 1174 	.db #0x00	; 0
   04DA 00                 1175 	.db #0x00	; 0
   04DB 00                 1176 	.db #0x00	; 0
   04DC 00                 1177 	.db #0x00	; 0
   04DD 00                 1178 	.db #0x00	; 0
   04DE 00                 1179 	.db #0x00	; 0
   04DF 00                 1180 	.db #0x00	; 0
   04E0 00                 1181 	.db #0x00	; 0
   04E1 01                 1182 	.db #0x01	; 1
   04E2 01                 1183 	.db #0x01	; 1
   04E3 00                 1184 	.db #0x00	; 0
   04E4 00                 1185 	.db #0x00	; 0
   04E5 00                 1186 	.db #0x00	; 0
   04E6 00                 1187 	.db #0x00	; 0
   04E7 00                 1188 	.db #0x00	; 0
   04E8 00                 1189 	.db #0x00	; 0
   04E9 00                 1190 	.db #0x00	; 0
   04EA 00                 1191 	.db #0x00	; 0
   04EB 00                 1192 	.db #0x00	; 0
   04EC 00                 1193 	.db #0x00	; 0
   04ED 00                 1194 	.db #0x00	; 0
   04EE 00                 1195 	.db #0x00	; 0
   04EF 00                 1196 	.db #0x00	; 0
   04F0 00                 1197 	.db #0x00	; 0
   04F1 00                 1198 	.db #0x00	; 0
   04F2 00                 1199 	.db #0x00	; 0
   04F3 00                 1200 	.db #0x00	; 0
   04F4 00                 1201 	.db #0x00	; 0
   04F5 01                 1202 	.db #0x01	; 1
   04F6 01                 1203 	.db #0x01	; 1
   04F7 00                 1204 	.db #0x00	; 0
   04F8 00                 1205 	.db #0x00	; 0
   04F9 00                 1206 	.db #0x00	; 0
   04FA 00                 1207 	.db #0x00	; 0
   04FB 00                 1208 	.db #0x00	; 0
   04FC 00                 1209 	.db #0x00	; 0
   04FD 01                 1210 	.db #0x01	; 1
   04FE 00                 1211 	.db #0x00	; 0
   04FF 00                 1212 	.db #0x00	; 0
   0500 00                 1213 	.db #0x00	; 0
   0501 00                 1214 	.db #0x00	; 0
   0502 00                 1215 	.db #0x00	; 0
   0503 00                 1216 	.db #0x00	; 0
   0504 00                 1217 	.db #0x00	; 0
   0505 00                 1218 	.db #0x00	; 0
   0506 00                 1219 	.db #0x00	; 0
   0507 00                 1220 	.db #0x00	; 0
   0508 00                 1221 	.db #0x00	; 0
   0509 01                 1222 	.db #0x01	; 1
   050A 01                 1223 	.db #0x01	; 1
   050B 01                 1224 	.db #0x01	; 1
   050C 01                 1225 	.db #0x01	; 1
   050D 01                 1226 	.db #0x01	; 1
   050E 01                 1227 	.db #0x01	; 1
   050F 01                 1228 	.db #0x01	; 1
   0510 01                 1229 	.db #0x01	; 1
   0511 01                 1230 	.db #0x01	; 1
   0512 01                 1231 	.db #0x01	; 1
   0513 01                 1232 	.db #0x01	; 1
   0514 01                 1233 	.db #0x01	; 1
   0515 01                 1234 	.db #0x01	; 1
   0516 01                 1235 	.db #0x01	; 1
   0517 01                 1236 	.db #0x01	; 1
   0518 01                 1237 	.db #0x01	; 1
   0519 02                 1238 	.db #0x02	; 2
   051A 03                 1239 	.db #0x03	; 3
   051B 01                 1240 	.db #0x01	; 1
   051C 01                 1241 	.db #0x01	; 1
   051D 01                 1242 	.db #0x01	; 1
   051E 0B 00              1243 	.dw #0x000B
   0520 0F                 1244 	.db #0x0F	; 15
   0521 01                 1245 	.db #0x01	; 1
   0522 2C 01              1246 	.dw #0x012C
   0524 13                 1247 	.db #0x13	; 19
   0525 01                 1248 	.db #0x01	; 1
   0526 2C 01              1249 	.dw #0x012C
   0528 13                 1250 	.db #0x13	; 19
   0529 01                 1251 	.db #0x01	; 1
   052A 2C 01              1252 	.dw #0x012C
   052C 13                 1253 	.db #0x13	; 19
   052D 01                 1254 	.db #0x01	; 1
                           1255 	.area _CODE
                           1256 	.area _INITIALIZER
                           1257 	.area _CABS (ABS)
