                              1 ;--------------------------------------------------------
                              2 ; File Created by SDCC : free open source ANSI-C Compiler
                              3 ; Version 3.5.0 #9253 (Sep 23 2015) (CYGWIN)
                              4 ; This file was generated Fri Oct 23 22:07:25 2015
                              5 ;--------------------------------------------------------
                              6 	.module TrueColoursMainTheme
                              7 	.optsdcc -mz80
                              8 	
                              9 ;--------------------------------------------------------
                             10 ; Public variables in this module
                             11 ;--------------------------------------------------------
                             12 	.globl _G_TrueColoursMainTheme
                             13 ;--------------------------------------------------------
                             14 ; special function registers
                             15 ;--------------------------------------------------------
                             16 ;--------------------------------------------------------
                             17 ; ram data
                             18 ;--------------------------------------------------------
                             19 	.area _DATA
                             20 ;--------------------------------------------------------
                             21 ; ram data
                             22 ;--------------------------------------------------------
                             23 	.area _INITIALIZED
                             24 ;--------------------------------------------------------
                             25 ; absolute external ram data
                             26 ;--------------------------------------------------------
                             27 	.area _DABS (ABS)
                             28 ;--------------------------------------------------------
                             29 ; global & static initialisations
                             30 ;--------------------------------------------------------
                             31 	.area _HOME
                             32 	.area _GSINIT
                             33 	.area _GSFINAL
                             34 	.area _GSINIT
                             35 ;--------------------------------------------------------
                             36 ; Home
                             37 ;--------------------------------------------------------
                             38 	.area _HOME
                             39 	.area _HOME
                             40 ;--------------------------------------------------------
                             41 ; code
                             42 ;--------------------------------------------------------
                             43 	.area _CODE
                             44 	.area _CODE
   0000                      45 _G_TrueColoursMainTheme:
   0000 41                   46 	.db #0x41	; 65	'A'
   0001 54                   47 	.db #0x54	; 84	'T'
   0002 31                   48 	.db #0x31	; 49	'1'
   0003 30                   49 	.db #0x30	; 48	'0'
   0004 01                   50 	.db #0x01	; 1
   0005 40                   51 	.db #0x40	; 64
   0006 42                   52 	.db #0x42	; 66	'B'
   0007 0F                   53 	.db #0x0F	; 15
   0008 02                   54 	.db #0x02	; 2
   0009 06                   55 	.db #0x06	; 6
   000A 5C                   56 	.db #0x5C	; 92
   000B 00                   57 	.db #0x00	; 0
   000C 12                   58 	.db #0x12	; 18
   000D 40                   59 	.db #0x40	; 64
   000E 1B                   60 	.db #0x1B	; 27
   000F 40                   61 	.db #0x40	; 64
   0010 53                   62 	.db #0x53	; 83	'S'
   0011 40                   63 	.db #0x40	; 64
   0012 00                   64 	.db #0x00	; 0
   0013 00                   65 	.db #0x00	; 0
   0014 00                   66 	.db #0x00	; 0
   0015 00                   67 	.db #0x00	; 0
   0016 00                   68 	.db #0x00	; 0
   0017 00                   69 	.db #0x00	; 0
   0018 0D                   70 	.db #0x0D	; 13
   0019 14                   71 	.db #0x14	; 20
   001A 40                   72 	.db #0x40	; 64
   001B 01                   73 	.db #0x01	; 1
   001C 00                   74 	.db #0x00	; 0
   001D 3C                   75 	.db #0x3C	; 60
   001E 3C                   76 	.db #0x3C	; 60
   001F 3C                   77 	.db #0x3C	; 60
   0020 3C                   78 	.db #0x3C	; 60
   0021 38                   79 	.db #0x38	; 56	'8'
   0022 38                   80 	.db #0x38	; 56	'8'
   0023 38                   81 	.db #0x38	; 56	'8'
   0024 34                   82 	.db #0x34	; 52	'4'
   0025 34                   83 	.db #0x34	; 52	'4'
   0026 B4                   84 	.db #0xB4	; 180
   0027 FF                   85 	.db #0xFF	; 255
   0028 FF                   86 	.db #0xFF	; 255
   0029 B4                   87 	.db #0xB4	; 180
   002A FF                   88 	.db #0xFF	; 255
   002B FF                   89 	.db #0xFF	; 255
   002C B0                   90 	.db #0xB0	; 176
   002D FE                   91 	.db #0xFE	; 254
   002E FF                   92 	.db #0xFF	; 255
   002F B0                   93 	.db #0xB0	; 176
   0030 FF                   94 	.db #0xFF	; 255
   0031 FF                   95 	.db #0xFF	; 255
   0032 30                   96 	.db #0x30	; 48	'0'
   0033 30                   97 	.db #0x30	; 48	'0'
   0034 2C                   98 	.db #0x2C	; 44
   0035 2C                   99 	.db #0x2C	; 44
   0036 2C                  100 	.db #0x2C	; 44
   0037 2C                  101 	.db #0x2C	; 44
   0038 28                  102 	.db #0x28	; 40
   0039 28                  103 	.db #0x28	; 40
   003A 28                  104 	.db #0x28	; 40
   003B A4                  105 	.db #0xA4	; 164
   003C FF                  106 	.db #0xFF	; 255
   003D FF                  107 	.db #0xFF	; 255
   003E A4                  108 	.db #0xA4	; 164
   003F FF                  109 	.db #0xFF	; 255
   0040 FF                  110 	.db #0xFF	; 255
   0041 A4                  111 	.db #0xA4	; 164
   0042 FE                  112 	.db #0xFE	; 254
   0043 FF                  113 	.db #0xFF	; 255
   0044 A4                  114 	.db #0xA4	; 164
   0045 FF                  115 	.db #0xFF	; 255
   0046 FF                  116 	.db #0xFF	; 255
   0047 24                  117 	.db #0x24	; 36
   0048 24                  118 	.db #0x24	; 36
   0049 24                  119 	.db #0x24	; 36
   004A 24                  120 	.db #0x24	; 36
   004B 24                  121 	.db #0x24	; 36
   004C 24                  122 	.db #0x24	; 36
   004D 24                  123 	.db #0x24	; 36
   004E 24                  124 	.db #0x24	; 36
   004F 24                  125 	.db #0x24	; 36
   0050 0D                  126 	.db #0x0D	; 13
   0051 3B                  127 	.db #0x3B	; 59
   0052 40                  128 	.db #0x40	; 64
   0053 10                  129 	.db #0x10	; 16
   0054 00                  130 	.db #0x00	; 0
   0055 38                  131 	.db #0x38	; 56	'8'
   0056 34                  132 	.db #0x34	; 52	'4'
   0057 34                  133 	.db #0x34	; 52	'4'
   0058 30                  134 	.db #0x30	; 48	'0'
   0059 2C                  135 	.db #0x2C	; 44
   005A 2C                  136 	.db #0x2C	; 44
   005B 2C                  137 	.db #0x2C	; 44
   005C 28                  138 	.db #0x28	; 40
   005D 28                  139 	.db #0x28	; 40
   005E 24                  140 	.db #0x24	; 36
   005F 20                  141 	.db #0x20	; 32
   0060 1C                  142 	.db #0x1C	; 28
   0061 18                  143 	.db #0x18	; 24
   0062 14                  144 	.db #0x14	; 20
   0063 0C                  145 	.db #0x0C	; 12
   0064 04                  146 	.db #0x04	; 4
   0065 0D                  147 	.db #0x0D	; 13
   0066 14                  148 	.db #0x14	; 20
   0067 40                  149 	.db #0x40	; 64
   0068 40                  150 	.db #0x40	; 64
   0069 00                  151 	.db #0x00	; 0
   006A 00                  152 	.db #0x00	; 0
   006B 00                  153 	.db #0x00	; 0
   006C 7F                  154 	.db #0x7F	; 127
   006D 40                  155 	.db #0x40	; 64
   006E 00                  156 	.db #0x00	; 0
   006F 80                  157 	.db #0x80	; 128
   0070 40                  158 	.db #0x40	; 64
   0071 C4                  159 	.db #0xC4	; 196
   0072 40                  160 	.db #0x40	; 64
   0073 10                  161 	.db #0x10	; 16
   0074 41                  162 	.db #0x41	; 65	'A'
   0075 00                  163 	.db #0x00	; 0
   0076 50                  164 	.db #0x50	; 80	'P'
   0077 41                  165 	.db #0x41	; 65	'A'
   0078 94                  166 	.db #0x94	; 148
   0079 41                  167 	.db #0x41	; 65	'A'
   007A E0                  168 	.db #0xE0	; 224
   007B 41                  169 	.db #0x41	; 65	'A'
   007C 01                  170 	.db #0x01	; 1
   007D 6E                  171 	.db #0x6E	; 110	'n'
   007E 40                  172 	.db #0x40	; 64
   007F 00                  173 	.db #0x00	; 0
   0080 9C                  174 	.db #0x9C	; 156
   0081 E0                  175 	.db #0xE0	; 224
   0082 00                  176 	.db #0x00	; 0
   0083 00                  177 	.db #0x00	; 0
   0084 01                  178 	.db #0x01	; 1
   0085 5D                  179 	.db #0x5D	; 93
   0086 53                  180 	.db #0x53	; 83	'S'
   0087 53                  181 	.db #0x53	; 83	'S'
   0088 5D                  182 	.db #0x5D	; 93
   0089 5D                  183 	.db #0x5D	; 93
   008A 53                  184 	.db #0x53	; 83	'S'
   008B 53                  185 	.db #0x53	; 83	'S'
   008C 5D                  186 	.db #0x5D	; 93
   008D 5D                  187 	.db #0x5D	; 93
   008E 63                  188 	.db #0x63	; 99	'c'
   008F 63                  189 	.db #0x63	; 99	'c'
   0090 61                  190 	.db #0x61	; 97	'a'
   0091 5D                  191 	.db #0x5D	; 93
   0092 59                  192 	.db #0x59	; 89	'Y'
   0093 59                  193 	.db #0x59	; 89	'Y'
   0094 5D                  194 	.db #0x5D	; 93
   0095 5D                  195 	.db #0x5D	; 93
   0096 53                  196 	.db #0x53	; 83	'S'
   0097 53                  197 	.db #0x53	; 83	'S'
   0098 5D                  198 	.db #0x5D	; 93
   0099 5D                  199 	.db #0x5D	; 93
   009A 53                  200 	.db #0x53	; 83	'S'
   009B 53                  201 	.db #0x53	; 83	'S'
   009C 5D                  202 	.db #0x5D	; 93
   009D 5D                  203 	.db #0x5D	; 93
   009E 63                  204 	.db #0x63	; 99	'c'
   009F 63                  205 	.db #0x63	; 99	'c'
   00A0 61                  206 	.db #0x61	; 97	'a'
   00A1 5D                  207 	.db #0x5D	; 93
   00A2 59                  208 	.db #0x59	; 89	'Y'
   00A3 59                  209 	.db #0x59	; 89	'Y'
   00A4 55                  210 	.db #0x55	; 85	'U'
   00A5 55                  211 	.db #0x55	; 85	'U'
   00A6 4F                  212 	.db #0x4F	; 79	'O'
   00A7 4F                  213 	.db #0x4F	; 79	'O'
   00A8 55                  214 	.db #0x55	; 85	'U'
   00A9 55                  215 	.db #0x55	; 85	'U'
   00AA 4F                  216 	.db #0x4F	; 79	'O'
   00AB 4F                  217 	.db #0x4F	; 79	'O'
   00AC 55                  218 	.db #0x55	; 85	'U'
   00AD 55                  219 	.db #0x55	; 85	'U'
   00AE 4F                  220 	.db #0x4F	; 79	'O'
   00AF 4F                  221 	.db #0x4F	; 79	'O'
   00B0 55                  222 	.db #0x55	; 85	'U'
   00B1 55                  223 	.db #0x55	; 85	'U'
   00B2 59                  224 	.db #0x59	; 89	'Y'
   00B3 59                  225 	.db #0x59	; 89	'Y'
   00B4 55                  226 	.db #0x55	; 85	'U'
   00B5 55                  227 	.db #0x55	; 85	'U'
   00B6 4F                  228 	.db #0x4F	; 79	'O'
   00B7 4F                  229 	.db #0x4F	; 79	'O'
   00B8 55                  230 	.db #0x55	; 85	'U'
   00B9 55                  231 	.db #0x55	; 85	'U'
   00BA 4F                  232 	.db #0x4F	; 79	'O'
   00BB 4F                  233 	.db #0x4F	; 79	'O'
   00BC 55                  234 	.db #0x55	; 85	'U'
   00BD 55                  235 	.db #0x55	; 85	'U'
   00BE 4F                  236 	.db #0x4F	; 79	'O'
   00BF 4F                  237 	.db #0x4F	; 79	'O'
   00C0 55                  238 	.db #0x55	; 85	'U'
   00C1 55                  239 	.db #0x55	; 85	'U'
   00C2 59                  240 	.db #0x59	; 89	'Y'
   00C3 59                  241 	.db #0x59	; 89	'Y'
   00C4 84                  242 	.db #0x84	; 132
   00C5 E0                  243 	.db #0xE0	; 224
   00C6 00                  244 	.db #0x00	; 0
   00C7 00                  245 	.db #0x00	; 0
   00C8 01                  246 	.db #0x01	; 1
   00C9 45                  247 	.db #0x45	; 69	'E'
   00CA 45                  248 	.db #0x45	; 69	'E'
   00CB 45                  249 	.db #0x45	; 69	'E'
   00CC 45                  250 	.db #0x45	; 69	'E'
   00CD 45                  251 	.db #0x45	; 69	'E'
   00CE 42                  252 	.db #0x42	; 66	'B'
   00CF 00                  253 	.db #0x00	; 0
   00D0 42                  254 	.db #0x42	; 66	'B'
   00D1 00                  255 	.db #0x00	; 0
   00D2 45                  256 	.db #0x45	; 69	'E'
   00D3 45                  257 	.db #0x45	; 69	'E'
   00D4 45                  258 	.db #0x45	; 69	'E'
   00D5 45                  259 	.db #0x45	; 69	'E'
   00D6 41                  260 	.db #0x41	; 65	'A'
   00D7 41                  261 	.db #0x41	; 65	'A'
   00D8 41                  262 	.db #0x41	; 65	'A'
   00D9 41                  263 	.db #0x41	; 65	'A'
   00DA 45                  264 	.db #0x45	; 69	'E'
   00DB 45                  265 	.db #0x45	; 69	'E'
   00DC 45                  266 	.db #0x45	; 69	'E'
   00DD 45                  267 	.db #0x45	; 69	'E'
   00DE 45                  268 	.db #0x45	; 69	'E'
   00DF 45                  269 	.db #0x45	; 69	'E'
   00E0 42                  270 	.db #0x42	; 66	'B'
   00E1 00                  271 	.db #0x00	; 0
   00E2 42                  272 	.db #0x42	; 66	'B'
   00E3 00                  273 	.db #0x00	; 0
   00E4 45                  274 	.db #0x45	; 69	'E'
   00E5 45                  275 	.db #0x45	; 69	'E'
   00E6 45                  276 	.db #0x45	; 69	'E'
   00E7 45                  277 	.db #0x45	; 69	'E'
   00E8 41                  278 	.db #0x41	; 65	'A'
   00E9 41                  279 	.db #0x41	; 65	'A'
   00EA 41                  280 	.db #0x41	; 65	'A'
   00EB 41                  281 	.db #0x41	; 65	'A'
   00EC 3D                  282 	.db #0x3D	; 61
   00ED 3D                  283 	.db #0x3D	; 61
   00EE 3D                  284 	.db #0x3D	; 61
   00EF 3D                  285 	.db #0x3D	; 61
   00F0 3D                  286 	.db #0x3D	; 61
   00F1 3D                  287 	.db #0x3D	; 61
   00F2 42                  288 	.db #0x42	; 66	'B'
   00F3 00                  289 	.db #0x00	; 0
   00F4 42                  290 	.db #0x42	; 66	'B'
   00F5 00                  291 	.db #0x00	; 0
   00F6 3D                  292 	.db #0x3D	; 61
   00F7 3D                  293 	.db #0x3D	; 61
   00F8 3D                  294 	.db #0x3D	; 61
   00F9 3D                  295 	.db #0x3D	; 61
   00FA 41                  296 	.db #0x41	; 65	'A'
   00FB 41                  297 	.db #0x41	; 65	'A'
   00FC 41                  298 	.db #0x41	; 65	'A'
   00FD 41                  299 	.db #0x41	; 65	'A'
   00FE 3D                  300 	.db #0x3D	; 61
   00FF 3D                  301 	.db #0x3D	; 61
   0100 3D                  302 	.db #0x3D	; 61
   0101 3D                  303 	.db #0x3D	; 61
   0102 3D                  304 	.db #0x3D	; 61
   0103 3D                  305 	.db #0x3D	; 61
   0104 42                  306 	.db #0x42	; 66	'B'
   0105 00                  307 	.db #0x00	; 0
   0106 42                  308 	.db #0x42	; 66	'B'
   0107 00                  309 	.db #0x00	; 0
   0108 3D                  310 	.db #0x3D	; 61
   0109 3D                  311 	.db #0x3D	; 61
   010A 3D                  312 	.db #0x3D	; 61
   010B 3D                  313 	.db #0x3D	; 61
   010C 41                  314 	.db #0x41	; 65	'A'
   010D 41                  315 	.db #0x41	; 65	'A'
   010E 41                  316 	.db #0x41	; 65	'A'
   010F 41                  317 	.db #0x41	; 65	'A'
   0110 B4                  318 	.db #0xB4	; 180
   0111 E0                  319 	.db #0xE0	; 224
   0112 00                  320 	.db #0x00	; 0
   0113 00                  321 	.db #0x00	; 0
   0114 02                  322 	.db #0x02	; 2
   0115 75                  323 	.db #0x75	; 117	'u'
   0116 75                  324 	.db #0x75	; 117	'u'
   0117 75                  325 	.db #0x75	; 117	'u'
   0118 75                  326 	.db #0x75	; 117	'u'
   0119 75                  327 	.db #0x75	; 117	'u'
   011A 75                  328 	.db #0x75	; 117	'u'
   011B 75                  329 	.db #0x75	; 117	'u'
   011C 75                  330 	.db #0x75	; 117	'u'
   011D 75                  331 	.db #0x75	; 117	'u'
   011E 75                  332 	.db #0x75	; 117	'u'
   011F 75                  333 	.db #0x75	; 117	'u'
   0120 79                  334 	.db #0x79	; 121	'y'
   0121 79                  335 	.db #0x79	; 121	'y'
   0122 79                  336 	.db #0x79	; 121	'y'
   0123 79                  337 	.db #0x79	; 121	'y'
   0124 7B                  338 	.db #0x7B	; 123
   0125 79                  339 	.db #0x79	; 121	'y'
   0126 7B                  340 	.db #0x7B	; 123
   0127 7B                  341 	.db #0x7B	; 123
   0128 7B                  342 	.db #0x7B	; 123
   0129 7B                  343 	.db #0x7B	; 123
   012A 7B                  344 	.db #0x7B	; 123
   012B 7B                  345 	.db #0x7B	; 123
   012C 7B                  346 	.db #0x7B	; 123
   012D 7B                  347 	.db #0x7B	; 123
   012E 7B                  348 	.db #0x7B	; 123
   012F 7B                  349 	.db #0x7B	; 123
   0130 7F                  350 	.db #0x7F	; 127
   0131 04                  351 	.db #0x04	; 4
   0132 7F                  352 	.db #0x7F	; 127
   0133 7F                  353 	.db #0x7F	; 127
   0134 7B                  354 	.db #0x7B	; 123
   0135 7F                  355 	.db #0x7F	; 127
   0136 7F                  356 	.db #0x7F	; 127
   0137 7F                  357 	.db #0x7F	; 127
   0138 7F                  358 	.db #0x7F	; 127
   0139 7F                  359 	.db #0x7F	; 127
   013A 7F                  360 	.db #0x7F	; 127
   013B 7F                  361 	.db #0x7F	; 127
   013C 7F                  362 	.db #0x7F	; 127
   013D 7F                  363 	.db #0x7F	; 127
   013E 7F                  364 	.db #0x7F	; 127
   013F 79                  365 	.db #0x79	; 121	'y'
   0140 79                  366 	.db #0x79	; 121	'y'
   0141 79                  367 	.db #0x79	; 121	'y'
   0142 79                  368 	.db #0x79	; 121	'y'
   0143 75                  369 	.db #0x75	; 117	'u'
   0144 6B                  370 	.db #0x6B	; 107	'k'
   0145 75                  371 	.db #0x75	; 117	'u'
   0146 75                  372 	.db #0x75	; 117	'u'
   0147 75                  373 	.db #0x75	; 117	'u'
   0148 75                  374 	.db #0x75	; 117	'u'
   0149 75                  375 	.db #0x75	; 117	'u'
   014A 75                  376 	.db #0x75	; 117	'u'
   014B 75                  377 	.db #0x75	; 117	'u'
   014C 75                  378 	.db #0x75	; 117	'u'
   014D 75                  379 	.db #0x75	; 117	'u'
   014E 75                  380 	.db #0x75	; 117	'u'
   014F 00                  381 	.db #0x00	; 0
   0150 9C                  382 	.db #0x9C	; 156
   0151 E0                  383 	.db #0xE0	; 224
   0152 00                  384 	.db #0x00	; 0
   0153 00                  385 	.db #0x00	; 0
   0154 01                  386 	.db #0x01	; 1
   0155 5D                  387 	.db #0x5D	; 93
   0156 53                  388 	.db #0x53	; 83	'S'
   0157 53                  389 	.db #0x53	; 83	'S'
   0158 5D                  390 	.db #0x5D	; 93
   0159 5D                  391 	.db #0x5D	; 93
   015A 53                  392 	.db #0x53	; 83	'S'
   015B 53                  393 	.db #0x53	; 83	'S'
   015C 5D                  394 	.db #0x5D	; 93
   015D 5D                  395 	.db #0x5D	; 93
   015E 63                  396 	.db #0x63	; 99	'c'
   015F 63                  397 	.db #0x63	; 99	'c'
   0160 61                  398 	.db #0x61	; 97	'a'
   0161 5D                  399 	.db #0x5D	; 93
   0162 59                  400 	.db #0x59	; 89	'Y'
   0163 59                  401 	.db #0x59	; 89	'Y'
   0164 5D                  402 	.db #0x5D	; 93
   0165 5D                  403 	.db #0x5D	; 93
   0166 53                  404 	.db #0x53	; 83	'S'
   0167 53                  405 	.db #0x53	; 83	'S'
   0168 5D                  406 	.db #0x5D	; 93
   0169 5D                  407 	.db #0x5D	; 93
   016A 53                  408 	.db #0x53	; 83	'S'
   016B 53                  409 	.db #0x53	; 83	'S'
   016C 5D                  410 	.db #0x5D	; 93
   016D 5D                  411 	.db #0x5D	; 93
   016E 63                  412 	.db #0x63	; 99	'c'
   016F 63                  413 	.db #0x63	; 99	'c'
   0170 61                  414 	.db #0x61	; 97	'a'
   0171 5D                  415 	.db #0x5D	; 93
   0172 59                  416 	.db #0x59	; 89	'Y'
   0173 59                  417 	.db #0x59	; 89	'Y'
   0174 55                  418 	.db #0x55	; 85	'U'
   0175 55                  419 	.db #0x55	; 85	'U'
   0176 4F                  420 	.db #0x4F	; 79	'O'
   0177 4F                  421 	.db #0x4F	; 79	'O'
   0178 55                  422 	.db #0x55	; 85	'U'
   0179 55                  423 	.db #0x55	; 85	'U'
   017A 4F                  424 	.db #0x4F	; 79	'O'
   017B 4F                  425 	.db #0x4F	; 79	'O'
   017C 55                  426 	.db #0x55	; 85	'U'
   017D 55                  427 	.db #0x55	; 85	'U'
   017E 4F                  428 	.db #0x4F	; 79	'O'
   017F 4F                  429 	.db #0x4F	; 79	'O'
   0180 55                  430 	.db #0x55	; 85	'U'
   0181 55                  431 	.db #0x55	; 85	'U'
   0182 59                  432 	.db #0x59	; 89	'Y'
   0183 59                  433 	.db #0x59	; 89	'Y'
   0184 55                  434 	.db #0x55	; 85	'U'
   0185 55                  435 	.db #0x55	; 85	'U'
   0186 4F                  436 	.db #0x4F	; 79	'O'
   0187 4F                  437 	.db #0x4F	; 79	'O'
   0188 55                  438 	.db #0x55	; 85	'U'
   0189 55                  439 	.db #0x55	; 85	'U'
   018A 4F                  440 	.db #0x4F	; 79	'O'
   018B 4F                  441 	.db #0x4F	; 79	'O'
   018C 55                  442 	.db #0x55	; 85	'U'
   018D 55                  443 	.db #0x55	; 85	'U'
   018E 4F                  444 	.db #0x4F	; 79	'O'
   018F 4F                  445 	.db #0x4F	; 79	'O'
   0190 55                  446 	.db #0x55	; 85	'U'
   0191 55                  447 	.db #0x55	; 85	'U'
   0192 59                  448 	.db #0x59	; 89	'Y'
   0193 59                  449 	.db #0x59	; 89	'Y'
   0194 84                  450 	.db #0x84	; 132
   0195 E0                  451 	.db #0xE0	; 224
   0196 00                  452 	.db #0x00	; 0
   0197 00                  453 	.db #0x00	; 0
   0198 01                  454 	.db #0x01	; 1
   0199 45                  455 	.db #0x45	; 69	'E'
   019A 45                  456 	.db #0x45	; 69	'E'
   019B 45                  457 	.db #0x45	; 69	'E'
   019C 45                  458 	.db #0x45	; 69	'E'
   019D 45                  459 	.db #0x45	; 69	'E'
   019E 42                  460 	.db #0x42	; 66	'B'
   019F 00                  461 	.db #0x00	; 0
   01A0 42                  462 	.db #0x42	; 66	'B'
   01A1 00                  463 	.db #0x00	; 0
   01A2 45                  464 	.db #0x45	; 69	'E'
   01A3 45                  465 	.db #0x45	; 69	'E'
   01A4 45                  466 	.db #0x45	; 69	'E'
   01A5 45                  467 	.db #0x45	; 69	'E'
   01A6 41                  468 	.db #0x41	; 65	'A'
   01A7 41                  469 	.db #0x41	; 65	'A'
   01A8 41                  470 	.db #0x41	; 65	'A'
   01A9 41                  471 	.db #0x41	; 65	'A'
   01AA 45                  472 	.db #0x45	; 69	'E'
   01AB 45                  473 	.db #0x45	; 69	'E'
   01AC 45                  474 	.db #0x45	; 69	'E'
   01AD 45                  475 	.db #0x45	; 69	'E'
   01AE 45                  476 	.db #0x45	; 69	'E'
   01AF 45                  477 	.db #0x45	; 69	'E'
   01B0 42                  478 	.db #0x42	; 66	'B'
   01B1 00                  479 	.db #0x00	; 0
   01B2 42                  480 	.db #0x42	; 66	'B'
   01B3 00                  481 	.db #0x00	; 0
   01B4 45                  482 	.db #0x45	; 69	'E'
   01B5 45                  483 	.db #0x45	; 69	'E'
   01B6 45                  484 	.db #0x45	; 69	'E'
   01B7 45                  485 	.db #0x45	; 69	'E'
   01B8 41                  486 	.db #0x41	; 65	'A'
   01B9 41                  487 	.db #0x41	; 65	'A'
   01BA 41                  488 	.db #0x41	; 65	'A'
   01BB 41                  489 	.db #0x41	; 65	'A'
   01BC 3D                  490 	.db #0x3D	; 61
   01BD 3D                  491 	.db #0x3D	; 61
   01BE 3D                  492 	.db #0x3D	; 61
   01BF 3D                  493 	.db #0x3D	; 61
   01C0 3D                  494 	.db #0x3D	; 61
   01C1 3D                  495 	.db #0x3D	; 61
   01C2 42                  496 	.db #0x42	; 66	'B'
   01C3 00                  497 	.db #0x00	; 0
   01C4 42                  498 	.db #0x42	; 66	'B'
   01C5 00                  499 	.db #0x00	; 0
   01C6 3D                  500 	.db #0x3D	; 61
   01C7 3D                  501 	.db #0x3D	; 61
   01C8 3D                  502 	.db #0x3D	; 61
   01C9 3D                  503 	.db #0x3D	; 61
   01CA 41                  504 	.db #0x41	; 65	'A'
   01CB 41                  505 	.db #0x41	; 65	'A'
   01CC 41                  506 	.db #0x41	; 65	'A'
   01CD 41                  507 	.db #0x41	; 65	'A'
   01CE 3D                  508 	.db #0x3D	; 61
   01CF 3D                  509 	.db #0x3D	; 61
   01D0 3D                  510 	.db #0x3D	; 61
   01D1 3D                  511 	.db #0x3D	; 61
   01D2 3D                  512 	.db #0x3D	; 61
   01D3 3D                  513 	.db #0x3D	; 61
   01D4 42                  514 	.db #0x42	; 66	'B'
   01D5 00                  515 	.db #0x00	; 0
   01D6 42                  516 	.db #0x42	; 66	'B'
   01D7 00                  517 	.db #0x00	; 0
   01D8 3D                  518 	.db #0x3D	; 61
   01D9 3D                  519 	.db #0x3D	; 61
   01DA 3D                  520 	.db #0x3D	; 61
   01DB 3D                  521 	.db #0x3D	; 61
   01DC 41                  522 	.db #0x41	; 65	'A'
   01DD 41                  523 	.db #0x41	; 65	'A'
   01DE 41                  524 	.db #0x41	; 65	'A'
   01DF 41                  525 	.db #0x41	; 65	'A'
   01E0 AA                  526 	.db #0xAA	; 170
   01E1 E0                  527 	.db #0xE0	; 224
   01E2 00                  528 	.db #0x00	; 0
   01E3 00                  529 	.db #0x00	; 0
   01E4 02                  530 	.db #0x02	; 2
   01E5 6B                  531 	.db #0x6B	; 107	'k'
   01E6 6B                  532 	.db #0x6B	; 107	'k'
   01E7 6B                  533 	.db #0x6B	; 107	'k'
   01E8 75                  534 	.db #0x75	; 117	'u'
   01E9 75                  535 	.db #0x75	; 117	'u'
   01EA 75                  536 	.db #0x75	; 117	'u'
   01EB 75                  537 	.db #0x75	; 117	'u'
   01EC 75                  538 	.db #0x75	; 117	'u'
   01ED 75                  539 	.db #0x75	; 117	'u'
   01EE 79                  540 	.db #0x79	; 121	'y'
   01EF 79                  541 	.db #0x79	; 121	'y'
   01F0 79                  542 	.db #0x79	; 121	'y'
   01F1 7B                  543 	.db #0x7B	; 123
   01F2 7B                  544 	.db #0x7B	; 123
   01F3 7B                  545 	.db #0x7B	; 123
   01F4 7F                  546 	.db #0x7F	; 127
   01F5 7F                  547 	.db #0x7F	; 127
   01F6 7F                  548 	.db #0x7F	; 127
   01F7 7F                  549 	.db #0x7F	; 127
   01F8 7F                  550 	.db #0x7F	; 127
   01F9 7F                  551 	.db #0x7F	; 127
   01FA 7F                  552 	.db #0x7F	; 127
   01FB 7F                  553 	.db #0x7F	; 127
   01FC 83                  554 	.db #0x83	; 131
   01FD 83                  555 	.db #0x83	; 131
   01FE 7F                  556 	.db #0x7F	; 127
   01FF 7F                  557 	.db #0x7F	; 127
   0200 7F                  558 	.db #0x7F	; 127
   0201 79                  559 	.db #0x79	; 121	'y'
   0202 79                  560 	.db #0x79	; 121	'y'
   0203 79                  561 	.db #0x79	; 121	'y'
   0204 7B                  562 	.db #0x7B	; 123
   0205 7B                  563 	.db #0x7B	; 123
   0206 7B                  564 	.db #0x7B	; 123
   0207 7B                  565 	.db #0x7B	; 123
   0208 7B                  566 	.db #0x7B	; 123
   0209 7B                  567 	.db #0x7B	; 123
   020A 7B                  568 	.db #0x7B	; 123
   020B 7B                  569 	.db #0x7B	; 123
   020C 7F                  570 	.db #0x7F	; 127
   020D 7F                  571 	.db #0x7F	; 127
   020E 7B                  572 	.db #0x7B	; 123
   020F 7B                  573 	.db #0x7B	; 123
   0210 7B                  574 	.db #0x7B	; 123
   0211 79                  575 	.db #0x79	; 121	'y'
   0212 79                  576 	.db #0x79	; 121	'y'
   0213 79                  577 	.db #0x79	; 121	'y'
   0214 75                  578 	.db #0x75	; 117	'u'
   0215 71                  579 	.db #0x71	; 113	'q'
   0216 75                  580 	.db #0x75	; 117	'u'
   0217 75                  581 	.db #0x75	; 117	'u'
   0218 75                  582 	.db #0x75	; 117	'u'
   0219 75                  583 	.db #0x75	; 117	'u'
   021A 75                  584 	.db #0x75	; 117	'u'
   021B 75                  585 	.db #0x75	; 117	'u'
   021C 75                  586 	.db #0x75	; 117	'u'
   021D 75                  587 	.db #0x75	; 117	'u'
   021E 75                  588 	.db #0x75	; 117	'u'
   021F 75                  589 	.db #0x75	; 117	'u'
   0220 00                  590 	.db #0x00	; 0
                            591 	.area _INITIALIZER
                            592 	.area _CABS (ABS)
